This is LuaTeX, Version 1.10.0 (MiKTeX 2.9.7050 64-bit)  (format=lualatex 2019.6.12)  4 FEB 2020 18:12
 system commands enabled.
**overview.tex
(./overview.tex
LaTeX2e <2018-12-01>
Lua module: luaotfload-main 2019-05-18 2.97 luaotfload entry point
Lua module: luaotfload-init 2019-05-18 2.97 luaotfload submodule / initializatio
n
Lua module: lualibs 2019-05-18 2.65 ConTeXt Lua standard libraries.
Lua module: lualibs-extended 2019-05-18 2.65 ConTeXt Lua libraries -- extended c
ollection.
Lua module: luaotfload-log 2019-05-18 2.97 luaotfload submodule / logging
Lua module: luaotfload-parsers 2019-05-18 2.97 luaotfload submodule / filelist
Lua module: luaotfload-configuration 2019-05-18 2.97 luaotfload submodule / conf
ig file reader
luaotfload | conf : Root cache directory is C:/Users/Michael Schilling/AppData/L
ocal/MiKTeX/2.9/luatex-cache/generic/names.
luaotfload | init : Loading fontloader “fontloader-2019-05-18.lua” from kpse
-resolved path “C:/Program Files/MiKTeX 2.9/tex/luatex/luaotfload/fontloader-2
019-05-18.lua”.
Lua-only attribute luaotfload@state = 2
Lua-only attribute luaotfload@noligature = 3
Lua-only attribute luaotfload@syllabe = 4
luaotfload | init : Context OpenType loader version “3.108”
Inserting `luaotfload.node_processor' at position 1 in `pre_linebreak_filter'.
Inserting `luaotfload.node_processor' at position 1 in `hpack_filter'.
Lua module: luaotfload-loaders 2019-05-18 2.97 luaotfload submodule / callback h
andling
Inserting `luaotfload.define_font' at position 1 in `define_font'.
Lua module: luaotfload-database 2019-05-18 2.97 luaotfload submodule / database
Lua module: luaotfload-colors 2019-05-18 2.97 luaotfload submodule / color
Lua-only attribute luaotfload_color_attribute = 5
Lua module: luaotfload-resolvers 2019-05-18 2.97 luaotfload submodule / resolver
s
luaotfload | conf : Root cache directory is C:/Users/Michael Schilling/AppData/L
ocal/MiKTeX/2.9/luatex-cache/generic/names.
Lua module: luaotfload-features 2019-05-18 2.97 luaotfload submodule / features
Lua module: luaotfload-letterspace 2019-05-18 2.97 luaotfload submodule / color
Lua module: luaotfload-auxiliary 2019-05-18 2.97 luaotfload submodule / auxiliar
y functions
Inserting `luaotfload.aux.set_sscale_dimens' at position 1 in `luaotfload.patch_
font'.
Inserting `luaotfload.aux.patch_cambria_domh' at position 2 in `luaotfload.patch
_font'.
Inserting `luaotfload.aux.fixup_fontdata' at position 1 in `luaotfload.patch_fon
t_unsafe'.
Inserting `luaotfload.aux.set_capheight' at position 3 in `luaotfload.patch_font
'.
Inserting `luaotfload.rewrite_fontname' at position 4 in `luaotfload.patch_font'
.
luaotfload | main : initialization completed in 1.612 seconds

("C:/Users/Michael Schilling/AppData/Roaming/MiKTeX/2.9/tex/latex/standalone/st
andalone.cls"
Document Class: standalone 2018/03/26 v1.3a Class to compile TeX sub-files stand
alone
("C:/Program Files/MiKTeX 2.9/tex/latex/tools/shellesc.sty"
Package: shellesc 2016/06/07 v0.02a unified shell escape interface for LaTeX
Package shellesc Info: Unrestricted shell escape enabled on input line 67.
) ("C:/Program Files/MiKTeX 2.9/tex/generic/oberdiek/ifluatex.sty"
Package: ifluatex 2016/05/16 v1.4 Provides the ifluatex switch (HO)
Package ifluatex Info: LuaTeX detected.
) ("C:/Program Files/MiKTeX 2.9/tex/generic/oberdiek/ifpdf.sty"
Package: ifpdf 2018/09/07 v3.3 Provides the ifpdf switch
) ("C:/Program Files/MiKTeX 2.9/tex/generic/ifxetex/ifxetex.sty"
Package: ifxetex 2010/09/12 v0.6 Provides ifxetex conditional
) ("C:/Program Files/MiKTeX 2.9/tex/latex/xkeyval/xkeyval.sty"
Package: xkeyval 2014/12/03 v2.7a package option processing (HA)
("C:/Program Files/MiKTeX 2.9/tex/generic/xkeyval/xkeyval.tex" ("C:/Program Fil
es/MiKTeX 2.9/tex/generic/xkeyval/xkvutils.tex"
\XKV@toks=\toks14
\XKV@tempa@toks=\toks15
("C:/Program Files/MiKTeX 2.9/tex/generic/xkeyval/keyval.tex"))
\XKV@depth=\count80
File: xkeyval.tex 2014/12/03 v2.7a key=value parser (HA)
))
\sa@internal=\count81
\c@sapage=\count82

("C:/Users/Michael Schilling/AppData/Roaming/MiKTeX/2.9/tex/latex/standalone/st
andalone.cfg"
File: standalone.cfg 2018/03/26 v1.3a Default configuration file for 'standalone
' class
) ("C:/Program Files/MiKTeX 2.9/tex/latex/base/article.cls"
Document Class: article 2018/09/03 v1.4i Standard LaTeX document class
("C:/Program Files/MiKTeX 2.9/tex/latex/base/size10.clo"
File: size10.clo 2018/09/03 v1.4i Standard LaTeX file (size option)
luaotfload | db : Font names database loaded from C:/Users/Michael Schilling/App
Data/Local/MiKTeX/2.9/luatex-cache/generic/names/luaotfload-names.luc)
\c@part=\count83
\c@section=\count84
\c@subsection=\count85
\c@subsubsection=\count86
\c@paragraph=\count87
\c@subparagraph=\count88
\c@figure=\count89
\c@table=\count90
\abovecaptionskip=\skip41
\belowcaptionskip=\skip42
\bibindent=\dimen102
)
("C:/Users/Michael Schilling/AppData/Roaming/MiKTeX/2.9/tex/generic/luatex85/lu
atex85.sty"
Package: luatex85 2016/06/15 v1.4 pdftex aliases for luatex
) ("C:/Program Files/MiKTeX 2.9/tex/generic/oberdiek/pdftexcmds.sty"
Package: pdftexcmds 2018/09/10 v0.29 Utility functions of pdfTeX for LuaTeX (HO)

("C:/Program Files/MiKTeX 2.9/tex/generic/oberdiek/infwarerr.sty"
Package: infwarerr 2016/05/16 v1.4 Providing info/warning/error messages (HO)
) ("C:/Program Files/MiKTeX 2.9/tex/generic/oberdiek/ltxcmds.sty"
Package: ltxcmds 2016/05/16 v1.23 LaTeX kernel commands for general use (HO)
)
Package pdftexcmds Info: \pdf@primitive is available.
Package pdftexcmds Info: \pdf@ifprimitive is available.
Package pdftexcmds Info: \pdfdraftmode found.
\pdftexcmds@toks=\toks16
)
\sa@box=\box27
)
("C:/Users/Michael Schilling/AppData/Roaming/MiKTeX/2.9/tex/latex/forest/forest
.sty"
Package: forest 2017/07/14 v2.1.5 Drawing (linguistic) trees

("C:/Users/Michael Schilling/AppData/Roaming/MiKTeX/2.9/tex/latex/pgf/frontendl
ayer/tikz.sty"
("C:/Users/Michael Schilling/AppData/Roaming/MiKTeX/2.9/tex/latex/pgf/basiclaye
r/pgf.sty"
("C:/Users/Michael Schilling/AppData/Roaming/MiKTeX/2.9/tex/latex/pgf/utilities
/pgfrcs.sty"
("C:/Users/Michael Schilling/AppData/Roaming/MiKTeX/2.9/tex/generic/pgf/utiliti
es/pgfutil-common.tex"
\pgfutil@everybye=\toks17
\pgfutil@tempdima=\dimen103
\pgfutil@tempdimb=\dimen104

("C:/Users/Michael Schilling/AppData/Roaming/MiKTeX/2.9/tex/generic/pgf/utiliti
es/pgfutil-common-lists.tex"))
("C:/Users/Michael Schilling/AppData/Roaming/MiKTeX/2.9/tex/generic/pgf/utiliti
es/pgfutil-latex.def"
\pgfutil@abb=\box28

("C:/Users/Michael Schilling/AppData/Roaming/MiKTeX/2.9/tex/latex/ms/everyshi.s
ty"
Package: everyshi 2001/05/15 v3.00 EveryShipout Package (MS)
))
("C:/Users/Michael Schilling/AppData/Roaming/MiKTeX/2.9/tex/generic/pgf/utiliti
es/pgfrcs.code.tex"
("C:/Users/Michael Schilling/AppData/Roaming/MiKTeX/2.9/tex/generic/pgf/pgf.rev
ision.tex")
Package: pgfrcs 2019/05/09 v3.1.3 (3.1.3)
))
Package: pgf 2019/05/09 v3.1.3 (3.1.3)

("C:/Users/Michael Schilling/AppData/Roaming/MiKTeX/2.9/tex/latex/pgf/basiclaye
r/pgfcore.sty" ("C:/Program Files/MiKTeX 2.9/tex/latex/graphics/graphicx.sty"
Package: graphicx 2017/06/01 v1.1a Enhanced LaTeX Graphics (DPC,SPQR)
("C:/Program Files/MiKTeX 2.9/tex/latex/graphics/graphics.sty"
Package: graphics 2017/06/25 v1.2c Standard LaTeX Graphics (DPC,SPQR)
("C:/Program Files/MiKTeX 2.9/tex/latex/graphics/trig.sty"
Package: trig 2016/01/03 v1.10 sin cos tan (DPC)
) ("C:/Program Files/MiKTeX 2.9/tex/latex/graphics-cfg/graphics.cfg"
File: graphics.cfg 2016/06/04 v1.11 sample graphics configuration
)
Package graphics Info: Driver file: luatex.def on input line 99.
("C:/Program Files/MiKTeX 2.9/tex/latex/graphics-def/luatex.def"
File: luatex.def 2018/01/08 v1.0l Graphics/color driver for luatex
))
\Gin@req@height=\dimen105
\Gin@req@width=\dimen106
)
("C:/Users/Michael Schilling/AppData/Roaming/MiKTeX/2.9/tex/latex/pgf/systemlay
er/pgfsys.sty"
("C:/Users/Michael Schilling/AppData/Roaming/MiKTeX/2.9/tex/generic/pgf/systeml
ayer/pgfsys.code.tex"
Package: pgfsys 2019/05/09 v3.1.3 (3.1.3)

("C:/Users/Michael Schilling/AppData/Roaming/MiKTeX/2.9/tex/generic/pgf/utiliti
es/pgfkeys.code.tex"
\pgfkeys@pathtoks=\toks18
\pgfkeys@temptoks=\toks19

("C:/Users/Michael Schilling/AppData/Roaming/MiKTeX/2.9/tex/generic/pgf/utiliti
es/pgfkeysfiltered.code.tex"
\pgfkeys@tmptoks=\toks20
))
\pgf@x=\dimen107
\pgf@y=\dimen108
\pgf@xa=\dimen109
\pgf@ya=\dimen110
\pgf@xb=\dimen111
\pgf@yb=\dimen112
\pgf@xc=\dimen113
\pgf@yc=\dimen114
\pgf@xd=\dimen115
\pgf@yd=\dimen116
\w@pgf@writea=\write3
\r@pgf@reada=\read1
\c@pgf@counta=\count91
\c@pgf@countb=\count92
\c@pgf@countc=\count93
\c@pgf@countd=\count94
\t@pgf@toka=\toks21
\t@pgf@tokb=\toks22
\t@pgf@tokc=\toks23
\pgf@sys@id@count=\count95

("C:/Users/Michael Schilling/AppData/Roaming/MiKTeX/2.9/tex/generic/pgf/systeml
ayer/pgf.cfg"
File: pgf.cfg 2019/05/09 v3.1.3 (3.1.3)
)
Driver file for pgf: pgfsys-luatex.def

("C:/Users/Michael Schilling/AppData/Roaming/MiKTeX/2.9/tex/generic/pgf/systeml
ayer/pgfsys-luatex.def"
File: pgfsys-luatex.def 2019/05/09 v3.1.3 (3.1.3)

("C:/Users/Michael Schilling/AppData/Roaming/MiKTeX/2.9/tex/generic/pgf/systeml
ayer/pgfsys-common-pdf.def"
File: pgfsys-common-pdf.def 2019/05/09 v3.1.3 (3.1.3)
)))
("C:/Users/Michael Schilling/AppData/Roaming/MiKTeX/2.9/tex/generic/pgf/systeml
ayer/pgfsyssoftpath.code.tex"
File: pgfsyssoftpath.code.tex 2019/05/09 v3.1.3 (3.1.3)
\pgfsyssoftpath@smallbuffer@items=\count96
\pgfsyssoftpath@bigbuffer@items=\count97
)
("C:/Users/Michael Schilling/AppData/Roaming/MiKTeX/2.9/tex/generic/pgf/systeml
ayer/pgfsysprotocol.code.tex"
File: pgfsysprotocol.code.tex 2019/05/09 v3.1.3 (3.1.3)
))
("C:/Users/Michael Schilling/AppData/Roaming/MiKTeX/2.9/tex/latex/xcolor/xcolor
.sty"
Package: xcolor 2016/05/11 v2.12 LaTeX color extensions (UK)
("C:/Program Files/MiKTeX 2.9/tex/latex/graphics-cfg/color.cfg"
File: color.cfg 2016/01/02 v1.6 sample color configuration
)
Package xcolor Info: Driver file: luatex.def on input line 225.
Package xcolor Info: Model `cmy' substituted by `cmy0' on input line 1348.
Package xcolor Info: Model `hsb' substituted by `rgb' on input line 1352.
Package xcolor Info: Model `RGB' extended on input line 1364.
Package xcolor Info: Model `HTML' substituted by `rgb' on input line 1366.
Package xcolor Info: Model `Hsb' substituted by `hsb' on input line 1367.
Package xcolor Info: Model `tHsb' substituted by `hsb' on input line 1368.
Package xcolor Info: Model `HSB' substituted by `hsb' on input line 1369.
Package xcolor Info: Model `Gray' substituted by `gray' on input line 1370.
Package xcolor Info: Model `wave' substituted by `hsb' on input line 1371.
)
("C:/Users/Michael Schilling/AppData/Roaming/MiKTeX/2.9/tex/generic/pgf/basicla
yer/pgfcore.code.tex"
Package: pgfcore 2019/05/09 v3.1.3 (3.1.3)

("C:/Users/Michael Schilling/AppData/Roaming/MiKTeX/2.9/tex/generic/pgf/math/pg
fmath.code.tex"
("C:/Users/Michael Schilling/AppData/Roaming/MiKTeX/2.9/tex/generic/pgf/math/pg
fmathcalc.code.tex"
("C:/Users/Michael Schilling/AppData/Roaming/MiKTeX/2.9/tex/generic/pgf/math/pg
fmathutil.code.tex")
("C:/Users/Michael Schilling/AppData/Roaming/MiKTeX/2.9/tex/generic/pgf/math/pg
fmathparser.code.tex"
\pgfmath@dimen=\dimen117
\pgfmath@count=\count98
\pgfmath@box=\box29
\pgfmath@toks=\toks24
\pgfmath@stack@operand=\toks25
\pgfmath@stack@operation=\toks26
)
("C:/Users/Michael Schilling/AppData/Roaming/MiKTeX/2.9/tex/generic/pgf/math/pg
fmathfunctions.code.tex"
("C:/Users/Michael Schilling/AppData/Roaming/MiKTeX/2.9/tex/generic/pgf/math/pg
fmathfunctions.basic.code.tex")
("C:/Users/Michael Schilling/AppData/Roaming/MiKTeX/2.9/tex/generic/pgf/math/pg
fmathfunctions.trigonometric.code.tex")
("C:/Users/Michael Schilling/AppData/Roaming/MiKTeX/2.9/tex/generic/pgf/math/pg
fmathfunctions.random.code.tex")
("C:/Users/Michael Schilling/AppData/Roaming/MiKTeX/2.9/tex/generic/pgf/math/pg
fmathfunctions.comparison.code.tex")
("C:/Users/Michael Schilling/AppData/Roaming/MiKTeX/2.9/tex/generic/pgf/math/pg
fmathfunctions.base.code.tex")
("C:/Users/Michael Schilling/AppData/Roaming/MiKTeX/2.9/tex/generic/pgf/math/pg
fmathfunctions.round.code.tex")
("C:/Users/Michael Schilling/AppData/Roaming/MiKTeX/2.9/tex/generic/pgf/math/pg
fmathfunctions.misc.code.tex")
("C:/Users/Michael Schilling/AppData/Roaming/MiKTeX/2.9/tex/generic/pgf/math/pg
fmathfunctions.integerarithmetics.code.tex")))
("C:/Users/Michael Schilling/AppData/Roaming/MiKTeX/2.9/tex/generic/pgf/math/pg
fmathfloat.code.tex"
\c@pgfmathroundto@lastzeros=\count99
))
("C:/Users/Michael Schilling/AppData/Roaming/MiKTeX/2.9/tex/generic/pgf/math/pg
fint.code.tex")
("C:/Users/Michael Schilling/AppData/Roaming/MiKTeX/2.9/tex/generic/pgf/basicla
yer/pgfcorepoints.code.tex"
File: pgfcorepoints.code.tex 2019/05/09 v3.1.3 (3.1.3)
\pgf@picminx=\dimen118
\pgf@picmaxx=\dimen119
\pgf@picminy=\dimen120
\pgf@picmaxy=\dimen121
\pgf@pathminx=\dimen122
\pgf@pathmaxx=\dimen123
\pgf@pathminy=\dimen124
\pgf@pathmaxy=\dimen125
\pgf@xx=\dimen126
\pgf@xy=\dimen127
\pgf@yx=\dimen128
\pgf@yy=\dimen129
\pgf@zx=\dimen130
\pgf@zy=\dimen131
)
("C:/Users/Michael Schilling/AppData/Roaming/MiKTeX/2.9/tex/generic/pgf/basicla
yer/pgfcorepathconstruct.code.tex"
File: pgfcorepathconstruct.code.tex 2019/05/09 v3.1.3 (3.1.3)
\pgf@path@lastx=\dimen132
\pgf@path@lasty=\dimen133
)
("C:/Users/Michael Schilling/AppData/Roaming/MiKTeX/2.9/tex/generic/pgf/basicla
yer/pgfcorepathusage.code.tex"
File: pgfcorepathusage.code.tex 2019/05/09 v3.1.3 (3.1.3)
\pgf@shorten@end@additional=\dimen134
\pgf@shorten@start@additional=\dimen135
)
("C:/Users/Michael Schilling/AppData/Roaming/MiKTeX/2.9/tex/generic/pgf/basicla
yer/pgfcorescopes.code.tex"
File: pgfcorescopes.code.tex 2019/05/09 v3.1.3 (3.1.3)
\pgfpic=\box30
\pgf@hbox=\box31
\pgf@layerbox@main=\box32
\pgf@picture@serial@count=\count100
)
("C:/Users/Michael Schilling/AppData/Roaming/MiKTeX/2.9/tex/generic/pgf/basicla
yer/pgfcoregraphicstate.code.tex"
File: pgfcoregraphicstate.code.tex 2019/05/09 v3.1.3 (3.1.3)
\pgflinewidth=\dimen136
)
("C:/Users/Michael Schilling/AppData/Roaming/MiKTeX/2.9/tex/generic/pgf/basicla
yer/pgfcoretransformations.code.tex"
File: pgfcoretransformations.code.tex 2019/05/09 v3.1.3 (3.1.3)
\pgf@pt@x=\dimen137
\pgf@pt@y=\dimen138
\pgf@pt@temp=\dimen139
)
("C:/Users/Michael Schilling/AppData/Roaming/MiKTeX/2.9/tex/generic/pgf/basicla
yer/pgfcorequick.code.tex"
File: pgfcorequick.code.tex 2019/05/09 v3.1.3 (3.1.3)
)
("C:/Users/Michael Schilling/AppData/Roaming/MiKTeX/2.9/tex/generic/pgf/basicla
yer/pgfcoreobjects.code.tex"
File: pgfcoreobjects.code.tex 2019/05/09 v3.1.3 (3.1.3)
)
("C:/Users/Michael Schilling/AppData/Roaming/MiKTeX/2.9/tex/generic/pgf/basicla
yer/pgfcorepathprocessing.code.tex"
File: pgfcorepathprocessing.code.tex 2019/05/09 v3.1.3 (3.1.3)
)
("C:/Users/Michael Schilling/AppData/Roaming/MiKTeX/2.9/tex/generic/pgf/basicla
yer/pgfcorearrows.code.tex"
File: pgfcorearrows.code.tex 2019/05/09 v3.1.3 (3.1.3)
\pgfarrowsep=\dimen140
)
("C:/Users/Michael Schilling/AppData/Roaming/MiKTeX/2.9/tex/generic/pgf/basicla
yer/pgfcoreshade.code.tex"
File: pgfcoreshade.code.tex 2019/05/09 v3.1.3 (3.1.3)
\pgf@max=\dimen141
\pgf@sys@shading@range@num=\count101
\pgf@shadingcount=\count102
)
("C:/Users/Michael Schilling/AppData/Roaming/MiKTeX/2.9/tex/generic/pgf/basicla
yer/pgfcoreimage.code.tex"
File: pgfcoreimage.code.tex 2019/05/09 v3.1.3 (3.1.3)

("C:/Users/Michael Schilling/AppData/Roaming/MiKTeX/2.9/tex/generic/pgf/basicla
yer/pgfcoreexternal.code.tex"
File: pgfcoreexternal.code.tex 2019/05/09 v3.1.3 (3.1.3)
\pgfexternal@startupbox=\box33
))
("C:/Users/Michael Schilling/AppData/Roaming/MiKTeX/2.9/tex/generic/pgf/basicla
yer/pgfcorelayers.code.tex"
File: pgfcorelayers.code.tex 2019/05/09 v3.1.3 (3.1.3)
)
("C:/Users/Michael Schilling/AppData/Roaming/MiKTeX/2.9/tex/generic/pgf/basicla
yer/pgfcoretransparency.code.tex"
File: pgfcoretransparency.code.tex 2019/05/09 v3.1.3 (3.1.3)
)
("C:/Users/Michael Schilling/AppData/Roaming/MiKTeX/2.9/tex/generic/pgf/basicla
yer/pgfcorepatterns.code.tex"
File: pgfcorepatterns.code.tex 2019/05/09 v3.1.3 (3.1.3)
)
("C:/Users/Michael Schilling/AppData/Roaming/MiKTeX/2.9/tex/generic/pgf/basicla
yer/pgfcorerdf.code.tex"
File: pgfcorerdf.code.tex 2019/05/09 v3.1.3 (3.1.3)
)))
("C:/Users/Michael Schilling/AppData/Roaming/MiKTeX/2.9/tex/generic/pgf/modules
/pgfmoduleshapes.code.tex"
File: pgfmoduleshapes.code.tex 2019/05/09 v3.1.3 (3.1.3)
\pgfnodeparttextbox=\box34
)
("C:/Users/Michael Schilling/AppData/Roaming/MiKTeX/2.9/tex/generic/pgf/modules
/pgfmoduleplot.code.tex"
File: pgfmoduleplot.code.tex 2019/05/09 v3.1.3 (3.1.3)
)
("C:/Users/Michael Schilling/AppData/Roaming/MiKTeX/2.9/tex/latex/pgf/compatibi
lity/pgfcomp-version-0-65.sty"
Package: pgfcomp-version-0-65 2019/05/09 v3.1.3 (3.1.3)
\pgf@nodesepstart=\dimen142
\pgf@nodesepend=\dimen143
)
("C:/Users/Michael Schilling/AppData/Roaming/MiKTeX/2.9/tex/latex/pgf/compatibi
lity/pgfcomp-version-1-18.sty"
Package: pgfcomp-version-1-18 2019/05/09 v3.1.3 (3.1.3)
))
("C:/Users/Michael Schilling/AppData/Roaming/MiKTeX/2.9/tex/latex/pgf/utilities
/pgffor.sty"
("C:/Users/Michael Schilling/AppData/Roaming/MiKTeX/2.9/tex/latex/pgf/utilities
/pgfkeys.sty"
("C:/Users/Michael Schilling/AppData/Roaming/MiKTeX/2.9/tex/generic/pgf/utiliti
es/pgfkeys.code.tex"))
("C:/Users/Michael Schilling/AppData/Roaming/MiKTeX/2.9/tex/latex/pgf/math/pgfm
ath.sty"
("C:/Users/Michael Schilling/AppData/Roaming/MiKTeX/2.9/tex/generic/pgf/math/pg
fmath.code.tex"))
("C:/Users/Michael Schilling/AppData/Roaming/MiKTeX/2.9/tex/generic/pgf/utiliti
es/pgffor.code.tex"
Package: pgffor 2019/05/09 v3.1.3 (3.1.3)

("C:/Users/Michael Schilling/AppData/Roaming/MiKTeX/2.9/tex/generic/pgf/math/pg
fmath.code.tex")
\pgffor@iter=\dimen144
\pgffor@skip=\dimen145
\pgffor@stack=\toks27
\pgffor@toks=\toks28
))
("C:/Users/Michael Schilling/AppData/Roaming/MiKTeX/2.9/tex/generic/pgf/fronten
dlayer/tikz/tikz.code.tex"
Package: tikz 2019/05/09 v3.1.3 (3.1.3)

("C:/Users/Michael Schilling/AppData/Roaming/MiKTeX/2.9/tex/generic/pgf/librari
es/pgflibraryplothandlers.code.tex"
File: pgflibraryplothandlers.code.tex 2019/05/09 v3.1.3 (3.1.3)
\pgf@plot@mark@count=\count103
\pgfplotmarksize=\dimen146
)
\tikz@lastx=\dimen147
\tikz@lasty=\dimen148
\tikz@lastxsaved=\dimen149
\tikz@lastysaved=\dimen150
\tikzleveldistance=\dimen151
\tikzsiblingdistance=\dimen152
\tikz@figbox=\box35
\tikz@figbox@bg=\box36
\tikz@tempbox=\box37
\tikz@tempbox@bg=\box38
\tikztreelevel=\count104
\tikznumberofchildren=\count105
\tikznumberofcurrentchild=\count106
\tikz@fig@count=\count107

("C:/Users/Michael Schilling/AppData/Roaming/MiKTeX/2.9/tex/generic/pgf/modules
/pgfmodulematrix.code.tex"
File: pgfmodulematrix.code.tex 2019/05/09 v3.1.3 (3.1.3)
\pgfmatrixcurrentrow=\count108
\pgfmatrixcurrentcolumn=\count109
\pgf@matrix@numberofcolumns=\count110
)
\tikz@expandcount=\count111

("C:/Users/Michael Schilling/AppData/Roaming/MiKTeX/2.9/tex/generic/pgf/fronten
dlayer/tikz/libraries/tikzlibrarytopaths.code.tex"
File: tikzlibrarytopaths.code.tex 2019/05/09 v3.1.3 (3.1.3)
)))
("C:/Users/Michael Schilling/AppData/Roaming/MiKTeX/2.9/tex/generic/pgf/fronten
dlayer/tikz/libraries/tikzlibraryshapes.code.tex"
File: tikzlibraryshapes.code.tex 2019/05/09 v3.1.3 (3.1.3)

("C:/Users/Michael Schilling/AppData/Roaming/MiKTeX/2.9/tex/generic/pgf/fronten
dlayer/tikz/libraries/tikzlibraryshapes.geometric.code.tex"
File: tikzlibraryshapes.geometric.code.tex 2019/05/09 v3.1.3 (3.1.3)

("C:/Users/Michael Schilling/AppData/Roaming/MiKTeX/2.9/tex/generic/pgf/librari
es/shapes/pgflibraryshapes.geometric.code.tex"
File: pgflibraryshapes.geometric.code.tex 2019/05/09 v3.1.3 (3.1.3)
))
("C:/Users/Michael Schilling/AppData/Roaming/MiKTeX/2.9/tex/generic/pgf/fronten
dlayer/tikz/libraries/tikzlibraryshapes.misc.code.tex"
File: tikzlibraryshapes.misc.code.tex 2019/05/09 v3.1.3 (3.1.3)

("C:/Users/Michael Schilling/AppData/Roaming/MiKTeX/2.9/tex/generic/pgf/librari
es/shapes/pgflibraryshapes.misc.code.tex"
File: pgflibraryshapes.misc.code.tex 2019/05/09 v3.1.3 (3.1.3)
))
("C:/Users/Michael Schilling/AppData/Roaming/MiKTeX/2.9/tex/generic/pgf/fronten
dlayer/tikz/libraries/tikzlibraryshapes.symbols.code.tex"
File: tikzlibraryshapes.symbols.code.tex 2019/05/09 v3.1.3 (3.1.3)

("C:/Users/Michael Schilling/AppData/Roaming/MiKTeX/2.9/tex/generic/pgf/librari
es/shapes/pgflibraryshapes.symbols.code.tex"
File: pgflibraryshapes.symbols.code.tex 2019/05/09 v3.1.3 (3.1.3)
))
("C:/Users/Michael Schilling/AppData/Roaming/MiKTeX/2.9/tex/generic/pgf/fronten
dlayer/tikz/libraries/tikzlibraryshapes.arrows.code.tex"
File: tikzlibraryshapes.arrows.code.tex 2019/05/09 v3.1.3 (3.1.3)

("C:/Users/Michael Schilling/AppData/Roaming/MiKTeX/2.9/tex/generic/pgf/librari
es/shapes/pgflibraryshapes.arrows.code.tex"
File: pgflibraryshapes.arrows.code.tex 2019/05/09 v3.1.3 (3.1.3)
))
("C:/Users/Michael Schilling/AppData/Roaming/MiKTeX/2.9/tex/generic/pgf/fronten
dlayer/tikz/libraries/tikzlibraryshapes.callouts.code.tex"
("C:/Users/Michael Schilling/AppData/Roaming/MiKTeX/2.9/tex/generic/pgf/librari
es/shapes/pgflibraryshapes.callouts.code.tex"))
("C:/Users/Michael Schilling/AppData/Roaming/MiKTeX/2.9/tex/generic/pgf/fronten
dlayer/tikz/libraries/tikzlibraryshapes.multipart.code.tex"
File: tikzlibraryshapes.multipart.code.tex 2019/05/09 v3.1.3 (3.1.3)

("C:/Users/Michael Schilling/AppData/Roaming/MiKTeX/2.9/tex/generic/pgf/librari
es/shapes/pgflibraryshapes.multipart.code.tex"
File: pgflibraryshapes.multipart.code.tex 2019/05/09 v3.1.3 (3.1.3)
\pgfnodepartlowerbox=\box39
\pgfnodeparttwobox=\box40
\pgfnodepartthreebox=\box41
\pgfnodepartfourbox=\box42
\pgfnodeparttwentybox=\box43
\pgfnodepartnineteenbox=\box44
\pgfnodeparteighteenbox=\box45
\pgfnodepartseventeenbox=\box46
\pgfnodepartsixteenbox=\box47
\pgfnodepartfifteenbox=\box48
\pgfnodepartfourteenbox=\box49
\pgfnodepartthirteenbox=\box50
\pgfnodeparttwelvebox=\box51
\pgfnodepartelevenbox=\box52
\pgfnodeparttenbox=\box53
\pgfnodepartninebox=\box54
\pgfnodeparteightbox=\box55
\pgfnodepartsevenbox=\box56
\pgfnodepartsixbox=\box57
\pgfnodepartfivebox=\box58
)))
("C:/Users/Michael Schilling/AppData/Roaming/MiKTeX/2.9/tex/generic/pgf/fronten
dlayer/tikz/libraries/tikzlibraryfit.code.tex"
File: tikzlibraryfit.code.tex 2019/05/09 v3.1.3 (3.1.3)
)
("C:/Users/Michael Schilling/AppData/Roaming/MiKTeX/2.9/tex/generic/pgf/fronten
dlayer/tikz/libraries/tikzlibrarycalc.code.tex"
File: tikzlibrarycalc.code.tex 2019/05/09 v3.1.3 (3.1.3)
)
("C:/Users/Michael Schilling/AppData/Roaming/MiKTeX/2.9/tex/generic/pgf/librari
es/pgflibraryintersections.code.tex"
("C:/Users/Michael Schilling/AppData/Roaming/MiKTeX/2.9/tex/generic/pgf/librari
es/pgflibraryfpu.code.tex")
\pgf@intersect@solutions=\count112
)
("C:/Users/Michael Schilling/AppData/Roaming/MiKTeX/2.9/tex/latex/pgfopts/pgfop
ts.sty"
Package: pgfopts 2014/07/10 v2.1a LaTeX package options with pgfkeys
\pgfopts@list@add@a@toks=\toks29
\pgfopts@list@add@b@toks=\toks30
)
("C:/Users/Michael Schilling/AppData/Roaming/MiKTeX/2.9/tex/latex/etoolbox/etoo
lbox.sty"
Package: etoolbox 2018/08/19 v2.5f e-TeX tools for LaTeX (JAW)
\etb@tempcnta=\count113
)
("C:/Users/Michael Schilling/AppData/Roaming/MiKTeX/2.9/tex/latex/elocalloc/elo
calloc.sty"
Package: elocalloc 2016/12/15 v0.03 local allocation for LaTeX 2015+ (DPC)
)
("C:/Users/Michael Schilling/AppData/Roaming/MiKTeX/2.9/tex/latex/environ/envir
on.sty"
Package: environ 2014/05/04 v0.3 A new way to define environments

("C:/Users/Michael Schilling/AppData/Roaming/MiKTeX/2.9/tex/latex/trimspaces/tr
imspaces.sty"
Package: trimspaces 2009/09/17 v1.1 Trim spaces around a token list
)
\@envbody=\toks31
)
("C:/Users/Michael Schilling/AppData/Roaming/MiKTeX/2.9/tex/latex/l3packages/xp
arse/xparse.sty"
("C:/Users/Michael Schilling/AppData/Roaming/MiKTeX/2.9/tex/latex/l3kernel/expl
3.sty"
Package: expl3 2019-05-28 L3 programming layer (loader) 

("C:/Users/Michael Schilling/AppData/Roaming/MiKTeX/2.9/tex/latex/l3kernel/expl
3-code.tex"
Package: expl3 2019-05-28 L3 programming layer (code)
\ucharcat@table=\catcodetable5
\c_max_int=\count114
\l_tmpa_int=\count115
\l_tmpb_int=\count116
\g_tmpa_int=\count117
\g_tmpb_int=\count118
\g__kernel_prg_map_int=\count119
\c__ior_term_ior=\count120
\c_log_iow=\count121
\l_iow_line_count_int=\count122
\l__iow_line_target_int=\count123
\l__iow_one_indent_int=\count124
\l__iow_indent_int=\count125
\c_zero_dim=\dimen153
\c_max_dim=\dimen154
\l_tmpa_dim=\dimen155
\l_tmpb_dim=\dimen156
\g_tmpa_dim=\dimen157
\g_tmpb_dim=\dimen158
\c_zero_skip=\skip43
\c_max_skip=\skip44
\l_tmpa_skip=\skip45
\l_tmpb_skip=\skip46
\g_tmpa_skip=\skip47
\g_tmpb_skip=\skip48
\c_zero_muskip=\muskip10
\c_max_muskip=\muskip11
\l_tmpa_muskip=\muskip12
\l_tmpb_muskip=\muskip13
\g_tmpa_muskip=\muskip14
\g_tmpb_muskip=\muskip15
\l_keys_choice_int=\count126
\l__intarray_loop_int=\count127
\c__intarray_sp_dim=\dimen159
\g__intarray_font_int=\count128
\c__fp_leading_shift_int=\count129
\c__fp_middle_shift_int=\count130
\c__fp_trailing_shift_int=\count131
\c__fp_big_leading_shift_int=\count132
\c__fp_big_middle_shift_int=\count133
\c__fp_big_trailing_shift_int=\count134
\c__fp_Bigg_leading_shift_int=\count135
\c__fp_Bigg_middle_shift_int=\count136
\c__fp_Bigg_trailing_shift_int=\count137
\g__fp_array_int=\count138
\l__fp_array_loop_int=\count139
\l__sort_length_int=\count140
\l__sort_min_int=\count141
\l__sort_top_int=\count142
\l__sort_max_int=\count143
\l__sort_true_max_int=\count144
\l__sort_block_int=\count145
\l__sort_begin_int=\count146
\l__sort_end_int=\count147
\l__sort_A_int=\count148
\l__sort_B_int=\count149
\l__sort_C_int=\count150
\l__tl_analysis_normal_int=\count151
\l__tl_analysis_index_int=\count152
\l__tl_analysis_nesting_int=\count153
\l__tl_analysis_type_int=\count154
\l__regex_internal_a_int=\count155
\l__regex_internal_b_int=\count156
\l__regex_internal_c_int=\count157
\l__regex_balance_int=\count158
\l__regex_group_level_int=\count159
\l__regex_mode_int=\count160
\c__regex_cs_in_class_mode_int=\count161
\c__regex_cs_mode_int=\count162
\l__regex_catcodes_int=\count163
\l__regex_default_catcodes_int=\count164
\c__regex_catcode_L_int=\count165
\c__regex_catcode_O_int=\count166
\c__regex_catcode_A_int=\count167
\c__regex_all_catcodes_int=\count168
\l__regex_show_lines_int=\count169
\l__regex_min_state_int=\count170
\l__regex_max_state_int=\count171
\l__regex_left_state_int=\count172
\l__regex_right_state_int=\count173
\l__regex_capturing_group_int=\count174
\l__regex_min_pos_int=\count175
\l__regex_max_pos_int=\count176
\l__regex_curr_pos_int=\count177
\l__regex_start_pos_int=\count178
\l__regex_success_pos_int=\count179
\l__regex_curr_char_int=\count180
\l__regex_curr_catcode_int=\count181
\l__regex_last_char_int=\count182
\l__regex_case_changed_char_int=\count183
\l__regex_curr_state_int=\count184
\l__regex_step_int=\count185
\l__regex_min_active_int=\count186
\l__regex_max_active_int=\count187
\l__regex_replacement_csnames_int=\count188
\l__regex_match_count_int=\count189
\l__regex_min_submatch_int=\count190
\l__regex_submatch_int=\count191
\l__regex_zeroth_submatch_int=\count192
\g__regex_trace_regex_int=\count193
\c_empty_box=\box59
\l_tmpa_box=\box60
\l_tmpb_box=\box61
\g_tmpa_box=\box62
\g_tmpb_box=\box63
\l__box_top_dim=\dimen160
\l__box_bottom_dim=\dimen161
\l__box_left_dim=\dimen162
\l__box_right_dim=\dimen163
\l__box_top_new_dim=\dimen164
\l__box_bottom_new_dim=\dimen165
\l__box_left_new_dim=\dimen166
\l__box_right_new_dim=\dimen167
\l__box_internal_box=\box64
\l__coffin_internal_box=\box65
\l__coffin_internal_dim=\dimen168
\l__coffin_offset_x_dim=\dimen169
\l__coffin_offset_y_dim=\dimen170
\l__coffin_x_dim=\dimen171
\l__coffin_y_dim=\dimen172
\l__coffin_x_prime_dim=\dimen173
\l__coffin_y_prime_dim=\dimen174
\c_empty_coffin=\box66
\l__coffin_aligned_coffin=\box67
\l__coffin_aligned_internal_coffin=\box68
\l_tmpa_coffin=\box69
\l_tmpb_coffin=\box70
\g_tmpa_coffin=\box71
\g_tmpb_coffin=\box72
\l__coffin_bounding_shift_dim=\dimen175
\l__coffin_left_corner_dim=\dimen176
\l__coffin_right_corner_dim=\dimen177
\l__coffin_bottom_corner_dim=\dimen178
\l__coffin_top_corner_dim=\dimen179
\l__coffin_scaled_total_height_dim=\dimen180
\l__coffin_scaled_width_dim=\dimen181
\c__coffin_empty_coffin=\box73
\l__coffin_display_coffin=\box74
\l__coffin_display_coord_coffin=\box75
\l__coffin_display_pole_coffin=\box76
\l__coffin_display_offset_dim=\dimen182
\l__coffin_display_x_dim=\dimen183
\l__coffin_display_y_dim=\dimen184
\g__file_internal_ior=\read2
\l__seq_internal_a_int=\count194
\l__seq_internal_b_int=\count195
\c__deprecation_minus_one=\count196
)
("C:/Users/Michael Schilling/AppData/Roaming/MiKTeX/2.9/tex/latex/l3kernel/l3pd
fmode.def"
File: l3pdfmode.def 2019-04-06 v L3 Experimental driver: PDF mode
\l__driver_internal_box=\box77
\l__driver_color_stack_int=\count197
))
Package: xparse 2019-05-28 L3 Experimental document command parser
\l__xparse_current_arg_int=\count198
\g__xparse_grabber_int=\count199
\l__xparse_m_args_int=\count266
\l__xparse_v_nesting_int=\count267
)
("C:/Users/Michael Schilling/AppData/Roaming/MiKTeX/2.9/tex/latex/inlinedef/inl
inedef.sty"
Package: inlinedef 2008/07/10 v1.0 Inlined expansions within definitions
\ID@toks=\toks32
\ID@count=\count268
)
\ID@usercommands=\toks33
\safeloop@depth=\count269
\safeRKloop@depth=\count270
\forest@temp@dimen=\dimen185
\forest@temp@count=\count271
\forest@n=\count272
\forest@temp@global@count=\count273
\forest@temp@toks=\toks34
\forest@temparray@M=\count274
\forest@temparray@N=\count275
\forest@global@temparray@M=\count276
\forest@global@temparray@N=\count277
\forest@isnum@count=\count278
\forest@isdim@nonintpart=\count279
\forest@isdim@dimen=\dimen186
\forest@sort@m=\count280
\forest@sort@k=\count281
\forest@sort@p=\count282
\bracket@content=\toks35
\bracket@afterthought=\toks36
\forest@node@maxid=\count283
\forest@process@left@M=\count284
\forest@process@left@N=\count285
\forest@process@right@M=\count286
\forest@process@right@N=\count287
\forest@process@saved@M=\count288
\forest@process@saved@N=\count289
\forest@process@result@M=\count290
\forest@process@result@N=\count291
\forest@process@n=\count292
\forest@nodewalk@branch@toks=\toks37
\forest@nodewalk@shortsteps@resolution=\toks38
\forest@do@dynamics=\toks39
\forest@box=\box78
\forest@xg=\dimen187
\forest@yg=\dimen188
\forest@xs=\dimen189
\forest@ys=\dimen190
\forest@pi@toks=\toks40
\forest@segment@toks=\toks41
\forest@PIi@toks=\toks42
\forest@PIii@toks=\toks43
\forest@copy@in=\read3
\forest@copy@out=\write4
\forest@externalize@max@outer@n=\count293
\forest@externalize@inner@n=\count294
) ("C:/Users/Michael Schilling/AppData/Roaming/MiKTeX/2.9/tex/latex/url/url.sty
"
\Urlmuskip=\muskip16
Package: url 2013/09/16  ver 3.4  Verb mode for urls, etc.
) (./overview.aux)
\openout1 = overview.aux

LaTeX Font Info:    Checking defaults for OML/cmm/m/it on input line 18.
LaTeX Font Info:    ... okay on input line 18.
LaTeX Font Info:    Checking defaults for T1/cmr/m/n on input line 18.
LaTeX Font Info:    ... okay on input line 18.
LaTeX Font Info:    Checking defaults for OT1/cmr/m/n on input line 18.
LaTeX Font Info:    ... okay on input line 18.
LaTeX Font Info:    Checking defaults for OMS/cmsy/m/n on input line 18.
LaTeX Font Info:    ... okay on input line 18.
LaTeX Font Info:    Checking defaults for TU/lmr/m/n on input line 18.
LaTeX Font Info:    ... okay on input line 18.
LaTeX Font Info:    Checking defaults for OMX/cmex/m/n on input line 18.
LaTeX Font Info:    ... okay on input line 18.
LaTeX Font Info:    Checking defaults for U/cmr/m/n on input line 18.
LaTeX Font Info:    ... okay on input line 18.
ABD: EveryShipout initializing macros
("C:/Users/Michael Schilling/AppData/Roaming/MiKTeX/2.9/tex/context/base/mkii/s
upp-pdf.mkii"
[Loading MPS to PDF converter (version 2006.09.02).]
\scratchcounter=\count295
\scratchdimen=\dimen191
\scratchbox=\box79
\nofMPsegments=\count296
\nofMParguments=\count297
\everyMPshowfont=\toks44
\MPscratchCnt=\count298
\MPscratchDim=\dimen192
\MPnumerator=\count299
\makeMPintoPDFobject=\count300
\everyMPtoPDFconversion=\toks45
) ("C:/Program Files/MiKTeX 2.9/tex/latex/oberdiek/epstopdf-base.sty"
Package: epstopdf-base 2016/05/15 v2.6 Base part for package epstopdf
("C:/Program Files/MiKTeX 2.9/tex/latex/oberdiek/grfext.sty"
Package: grfext 2016/05/16 v1.2 Manage graphics extensions (HO)
("C:/Program Files/MiKTeX 2.9/tex/generic/oberdiek/kvdefinekeys.sty"
Package: kvdefinekeys 2016/05/16 v1.4 Define keys (HO)
)) ("C:/Program Files/MiKTeX 2.9/tex/latex/oberdiek/kvoptions.sty"
Package: kvoptions 2016/05/16 v3.12 Key value format for package options (HO)
("C:/Program Files/MiKTeX 2.9/tex/generic/oberdiek/kvsetkeys.sty"
Package: kvsetkeys 2016/05/16 v1.17 Key value parser (HO)
("C:/Program Files/MiKTeX 2.9/tex/generic/oberdiek/etexcmds.sty"
Package: etexcmds 2016/05/16 v1.6 Avoid name clashes with e-TeX commands (HO)
)))
Package epstopdf-base Info: Redefining graphics rule for `.eps' on input line 43
8.
Package grfext Info: Graphics extension search list:
(grfext)             [.pdf,.png,.jpg,.mps,.jpeg,.jbig2,.jb2,.PDF,.PNG,.JPG,.JPEG
,.JBIG2,.JB2,.eps]
(grfext)             \AppendGraphicsExtensions on input line 456.
)
LaTeX Font Info:    External font `cmex10' loaded for size
(Font)              <7> on input line 61.
LaTeX Font Info:    External font `cmex10' loaded for size
(Font)              <5> on input line 61.
[1

{C:/Users/Michael Schilling/AppData/Local/MiKTeX/2.9/pdftex/config/pdftex.map}]
(./overview.aux))

Here is how much of LuaTeX's memory you used:
 33741 strings out of 494291
 125177,953878 words of node,token memory allocated
 24708 words of node memory still in use:
   414 hlist, 1 vlist, 37 rule, 38 math, 604 glue, 3 kern, 278 glyph, 2191 attri
bute, 49 glue_spec, 2191 attribute_list, 2 write, 1696 pdf_literal, 4 pdf_colors
tack nodes
   avail lists: 1:4,2:129,3:1697,4:9,5:22,6:1,7:930,8:25,9:455,10:1
 37246 multiletter control sequences out of 65536+200000
 36 fonts using 6298055 bytes
 124i,9n,169p,1603b,2617s stack positions out of 5000i,500n,10000p,200000b,50000s
<c:/program files/miktex 2.9/fonts/opentype/public/lm/lmmono10-regular.otf>
Output written on overview.pdf (1 page, 12074 bytes).

PDF statistics: 18 PDF objects out of 1000 (max. 8388607)
 0 named destinations out of 1000 (max. 131072)
 26 words of extra memory for PDF output out of 10000 (max. 100000000)

