This is LuaTeX, Version 1.10.0 (MiKTeX 2.9.7050 64-bit)  (format=lualatex 2019.6.12)  5 FEB 2020 17:06
 system commands enabled.
**\def\tikzexternalrealjob{How_To_Quantum_Simulator}\input{How_To_Quantum_Simul
ator}
Lua module: luaotfload-main 2019-05-18 2.97 luaotfload entry point
Lua module: luaotfload-init 2019-05-18 2.97 luaotfload submodule / initialization
Lua module: lualibs 2019-05-18 2.65 ConTeXt Lua standard libraries.
Lua module: lualibs-extended 2019-05-18 2.65 ConTeXt Lua libraries -- extended collection.
Lua module: luaotfload-log 2019-05-18 2.97 luaotfload submodule / logging
Lua module: luaotfload-parsers 2019-05-18 2.97 luaotfload submodule / filelist
Lua module: luaotfload-configuration 2019-05-18 2.97 luaotfload submodule / config file reader
luaotfload | conf : Root cache directory is C:/Users/Michael Schilling/AppData/Local/MiKTeX/2.9/luatex-cache/generic/names.
luaotfload | init : Loading fontloader “fontloader-2019-05-18.lua” from kpse-resolved path “C:/Program Files/MiKTeX 2.9/tex/luatex/luaotfload/fontloader-2019-05-18.lua”.
Lua-only attribute luaotfload@state = 2
Lua-only attribute luaotfload@noligature = 3
Lua-only attribute luaotfload@syllabe = 4
luaotfload | init : Context OpenType loader version “3.108”
Inserting `luaotfload.node_processor' at position 1 in `pre_linebreak_filter'.
Inserting `luaotfload.node_processor' at position 1 in `hpack_filter'.
Lua module: luaotfload-loaders 2019-05-18 2.97 luaotfload submodule / callback handling
Inserting `luaotfload.define_font' at position 1 in `define_font'.
Lua module: luaotfload-database 2019-05-18 2.97 luaotfload submodule / database
Lua module: luaotfload-colors 2019-05-18 2.97 luaotfload submodule / color
Lua-only attribute luaotfload_color_attribute = 5
Lua module: luaotfload-resolvers 2019-05-18 2.97 luaotfload submodule / resolvers
luaotfload | conf : Root cache directory is C:/Users/Michael Schilling/AppData/Local/MiKTeX/2.9/luatex-cache/generic/names.
Lua module: luaotfload-features 2019-05-18 2.97 luaotfload submodule / features
Lua module: luaotfload-letterspace 2019-05-18 2.97 luaotfload submodule / color
Lua module: luaotfload-auxiliary 2019-05-18 2.97 luaotfload submodule / auxiliary functions
Inserting `luaotfload.aux.set_sscale_dimens' at position 1 in `luaotfload.patch_font'.
Inserting `luaotfload.aux.patch_cambria_domh' at position 2 in `luaotfload.patch_font'.
Inserting `luaotfload.aux.fixup_fontdata' at position 1 in `luaotfload.patch_font_unsafe'.
Inserting `luaotfload.aux.set_capheight' at position 3 in `luaotfload.patch_font'.
Inserting `luaotfload.rewrite_fontname' at position 4 in `luaotfload.patch_font'.
luaotfload | main : initialization completed in 1.440 seconds

(./How_To_Quantum_Simulator.tex (./header.tex
("C:/Users/Michael Schilling/AppData/Roaming/MiKTeX/2.9/tex/generic/luatex85/lu
atex85.sty"
Package: luatex85 2016/06/15 v1.4 pdftex aliases for luatex
) ("C:/Program Files/MiKTeX 2.9/tex/latex/base/article.cls"
Document Class: article 2018/09/03 v1.4i Standard LaTeX document class
("C:/Program Files/MiKTeX 2.9/tex/latex/base/size10.clo"
File: size10.clo 2018/09/03 v1.4i Standard LaTeX file (size option)
luaotfload | db : Font names database loaded from C:/Users/Michael Schilling/App
Data/Local/MiKTeX/2.9/luatex-cache/generic/names/luaotfload-names.luc)
\c@part=\count80
\c@section=\count81
\c@subsection=\count82
\c@subsubsection=\count83
\c@paragraph=\count84
\c@subparagraph=\count85
\c@figure=\count86
\c@table=\count87
\abovecaptionskip=\skip41
\belowcaptionskip=\skip42
\bibindent=\dimen102
) ("C:/Program Files/MiKTeX 2.9/tex/latex/base/inputenc.sty"
Package: inputenc 2018/08/11 v1.3c Input encoding file
\inpenc@prehook=\toks14
\inpenc@posthook=\toks15

Package inputenc Warning: inputenc package ignored with utf8 based engines.

) ("C:/Program Files/MiKTeX 2.9/tex/generic/babel/babel.sty"
Package: babel 2019/06/03 3.32 The Babel package
("C:/Program Files/MiKTeX 2.9/tex/generic/babel/switch.def"
File: switch.def 2019/06/03 3.32 Babel switching mechanism
) ("C:/Program Files/MiKTeX 2.9/tex/generic/babel/luababel.def"
\l@afrikaans=\language2
Package babel Info: Non-standard hyphenation setup on input line 114.
\l@ancientgreek=\language3
\l@arabic=\language4
\l@armenian=\language5
\l@assamese=\language6
\l@basque=\language7
\l@belarusian=\language8
\l@bengali=\language9
\l@bokmal=\language10
\l@bulgarian=\language11
\l@catalan=\language12
\l@churchslavonic=\language13
\l@classiclatin=\language14
\l@coptic=\language15
\l@croatian=\language16
\l@czech=\language17
\l@danish=\language18
\l@dutch=\language19
\l@esperanto=\language20
\l@estonian=\language21
\l@ethiopic=\language22
\l@farsi=\language23
\l@finnish=\language24
\l@french=\language25
\l@friulan=\language26
\l@galician=\language27
\l@georgian=\language28
\l@german=\language29
\l@german-x-2019-04-04=\language30
\l@greek=\language31
\l@gujarati=\language32
\l@hindi=\language33
\l@hungarian=\language34
\l@icelandic=\language35
\l@indonesian=\language36
\l@interlingua=\language37
\l@irish=\language38
\l@italian=\language39
\l@kannada=\language40
\l@kurmanji=\language41
\l@latin=\language42
\l@latvian=\language43
\l@lithuanian=\language44
\l@liturgicallatin=\language45
\l@malayalam=\language46
\l@marathi=\language47
\l@mongolian=\language48
\l@mongolianlmc=\language49
\l@monogreek=\language50
\l@ngerman=\language51
\l@ngerman-x-2019-04-04=\language52
\l@nynorsk=\language53
\l@occitan=\language54
\l@oriya=\language55
\l@pali=\language56
\l@panjabi=\language57
\l@piedmontese=\language58
\l@polish=\language59
\l@portuguese=\language60
\l@romanian=\language61
\l@romansh=\language62
\l@russian=\language63
\l@sanskrit=\language64
\l@serbian=\language65
\l@serbianc=\language66
\l@slovak=\language67
\l@slovenian=\language68
\l@spanish=\language69
\l@swedish=\language70
\l@swissgerman=\language71
\l@tamil=\language72
\l@telugu=\language73
\l@thai=\language74
\l@turkish=\language75
\l@turkmen=\language76
\l@ukenglish=\language77
\l@ukrainian=\language78
\l@uppersorbian=\language79
\l@usenglishmax=\language80
\l@welsh=\language81
)
*************************************
* Local config file bblopts.cfg used
*

("C:/Users/Michael Schilling/AppData/Roaming/MiKTeX/2.9/tex/latex/arabi/bblopts
.cfg"
File: bblopts.cfg 2005/09/08 v0.1 add Arabic and Farsi to "declared" options of 
babel
) ("C:/Program Files/MiKTeX 2.9/tex/latex/babel-english/english.ldf"
Language: english 2017/06/06 v3.3r English support from the babel system
("C:/Program Files/MiKTeX 2.9/tex/generic/babel/babel.def"
File: babel.def 2019/06/03 3.32 Babel common definitions
\babel@savecnt=\count88
\U@D=\dimen103
("C:/Program Files/MiKTeX 2.9/tex/generic/babel/luababel.def"
\bbl@attr@locale=\attribute6
))
\l@canadian = a dialect from \language\l@american 
\l@australian = a dialect from \language\l@british 
\l@newzealand = a dialect from \language\l@british 
))
("C:/Users/Michael Schilling/AppData/Roaming/MiKTeX/2.9/tex/latex/microtype/mic
rotype.sty"
Package: microtype 2019/02/28 v2.7b Micro-typographical refinements (RS)
("C:/Program Files/MiKTeX 2.9/tex/latex/graphics/keyval.sty"
Package: keyval 2014/10/28 v1.15 key=value parser (DPC)
\KV@toks@=\toks16
)
\MT@toks=\toks17
\MT@count=\count89
LaTeX Info: Redefining \textls on input line 790.
\MT@outer@kern=\dimen104
LaTeX Info: Redefining \textmicrotypecontext on input line 1336.
\MT@listname@count=\count90

("C:/Users/Michael Schilling/AppData/Roaming/MiKTeX/2.9/tex/latex/microtype/mic
rotype-luatex.def"
File: microtype-luatex.def 2019/02/28 v2.7b Definitions specific to luatex (RS)
Module microtype Warning: overwriting function `keepligature' on input line 59
LaTeX Info: Redefining \lsstyle on input line 681.
LaTeX Info: Redefining \lslig on input line 681.
\MT@outer@space=\skip43
)
Package microtype Info: Loading configuration file microtype.cfg.

("C:/Users/Michael Schilling/AppData/Roaming/MiKTeX/2.9/tex/latex/microtype/mic
rotype.cfg"
File: microtype.cfg 2019/02/28 v2.7b microtype main configuration file (RS)
)) ("C:/Program Files/MiKTeX 2.9/tex/latex/amsmath/amsmath.sty"
Package: amsmath 2018/12/01 v2.17b AMS math features
\@mathmargin=\skip44
For additional information on amsmath, use the `?' option.
("C:/Program Files/MiKTeX 2.9/tex/latex/amsmath/amstext.sty"
Package: amstext 2000/06/29 v2.01 AMS text
("C:/Program Files/MiKTeX 2.9/tex/latex/amsmath/amsgen.sty"
File: amsgen.sty 1999/11/30 v2.0 generic functions
\@emptytoks=\toks18
\ex@=\dimen105
)) ("C:/Program Files/MiKTeX 2.9/tex/latex/amsmath/amsbsy.sty"
Package: amsbsy 1999/11/29 v1.2d Bold Symbols
\pmbraise@=\dimen106
) ("C:/Program Files/MiKTeX 2.9/tex/latex/amsmath/amsopn.sty"
Package: amsopn 2016/03/08 v2.02 operator names
)
\inf@bad=\count91
LaTeX Info: Redefining \frac on input line 223.
\uproot@=\count92
\leftroot@=\count93
LaTeX Info: Redefining \overline on input line 385.
\classnum@=\count94
\DOTSCASE@=\count95
LaTeX Info: Redefining \ldots on input line 482.
LaTeX Info: Redefining \dots on input line 485.
LaTeX Info: Redefining \cdots on input line 606.
\Mathstrutbox@=\box27
\strutbox@=\box28
\big@size=\dimen107
LaTeX Font Info:    Redeclaring font encoding OML on input line 729.
LaTeX Font Info:    Redeclaring font encoding OMS on input line 730.
\macc@depth=\count96
\c@MaxMatrixCols=\count97
\dotsspace@=\muskip10
\c@parentequation=\count98
\dspbrk@lvl=\count99
\tag@help=\toks19
\row@=\count100
\column@=\count101
\maxfields@=\count102
\andhelp@=\toks20
\eqnshift@=\dimen108
\alignsep@=\dimen109
\tagshift@=\dimen110
\tagwidth@=\dimen111
\totwidth@=\dimen112
\lineht@=\dimen113
\@envbody=\toks21
\multlinegap=\skip45
\multlinetaggap=\skip46
\mathdisplay@stack=\toks22
LaTeX Info: Redefining \[ on input line 2844.
LaTeX Info: Redefining \] on input line 2845.
) ("C:/Program Files/MiKTeX 2.9/tex/latex/amsfonts/amsfonts.sty"
Package: amsfonts 2013/01/14 v3.01 Basic AMSFonts support
\symAMSa=\mathgroup4
\symAMSb=\mathgroup5
LaTeX Font Info:    Overwriting math alphabet `\mathfrak' in version `bold'
(Font)                  U/euf/m/n --> U/euf/b/n on input line 106.
) ("C:/Program Files/MiKTeX 2.9/tex/latex/amscls/amsthm.sty"
Package: amsthm 2017/10/31 v2.20.4
\thm@style=\toks23
\thm@bodyfont=\toks24
\thm@headfont=\toks25
\thm@notefont=\toks26
\thm@headpunct=\toks27
\thm@preskip=\skip47
\thm@postskip=\skip48
\thm@headsep=\skip49
\dth@everypar=\toks28
)
("C:/Users/Michael Schilling/AppData/Roaming/MiKTeX/2.9/tex/latex/xcolor/xcolor
.sty"
Package: xcolor 2016/05/11 v2.12 LaTeX color extensions (UK)
("C:/Program Files/MiKTeX 2.9/tex/latex/graphics-cfg/color.cfg"
File: color.cfg 2016/01/02 v1.6 sample color configuration
)
Package xcolor Info: Driver file: luatex.def on input line 225.
("C:/Program Files/MiKTeX 2.9/tex/latex/graphics-def/luatex.def"
File: luatex.def 2018/01/08 v1.0l Graphics/color driver for luatex
)
Package xcolor Info: Model `cmy' substituted by `cmy0' on input line 1348.
Package xcolor Info: Model `hsb' substituted by `rgb' on input line 1352.
Package xcolor Info: Model `RGB' extended on input line 1364.
Package xcolor Info: Model `HTML' substituted by `rgb' on input line 1366.
Package xcolor Info: Model `Hsb' substituted by `hsb' on input line 1367.
Package xcolor Info: Model `tHsb' substituted by `hsb' on input line 1368.
Package xcolor Info: Model `HSB' substituted by `hsb' on input line 1369.
Package xcolor Info: Model `Gray' substituted by `gray' on input line 1370.
Package xcolor Info: Model `wave' substituted by `hsb' on input line 1371.

("C:/Users/Michael Schilling/AppData/Roaming/MiKTeX/2.9/tex/latex/xcolor/svgnam
.def"
File: svgnam.def 2016/05/11 v2.12 Predefined colors according to SVG 1.1 (UK)
))
("C:/Users/Michael Schilling/AppData/Roaming/MiKTeX/2.9/tex/latex/caption/capti
on.sty"
Package: caption 2020/01/03 v3.4h Customizing captions (AR)

("C:/Users/Michael Schilling/AppData/Roaming/MiKTeX/2.9/tex/latex/caption/capti
on3.sty"
Package: caption3 2020/01/03 v1.8h caption3 kernel (AR)
Package caption3 Info: TeX engine: e-TeX on input line 61.
\captionmargin=\dimen114
\captionmargin@=\dimen115
\captionwidth=\dimen116
\caption@tempdima=\dimen117
\caption@indent=\dimen118
\caption@parindent=\dimen119
\caption@hangindent=\dimen120
Package caption Info: Standard document class detected.
)
\c@caption@flags=\count103
\c@continuedfloat=\count104
)
("C:/Users/Michael Schilling/AppData/Roaming/MiKTeX/2.9/tex/latex/booktabs/book
tabs.sty"
Package: booktabs 2020/01/12 v1.61803398 Publication quality tables
\heavyrulewidth=\dimen121
\lightrulewidth=\dimen122
\cmidrulewidth=\dimen123
\belowrulesep=\dimen124
\belowbottomsep=\dimen125
\aboverulesep=\dimen126
\abovetopsep=\dimen127
\cmidrulesep=\dimen128
\cmidrulekern=\dimen129
\defaultaddspace=\dimen130
\@cmidla=\count105
\@cmidlb=\count106
\@aboverulesep=\dimen131
\@belowrulesep=\dimen132
\@thisruleclass=\count107
\@lastruleclass=\count108
\@thisrulewidth=\dimen133
)
("C:/Users/Michael Schilling/AppData/Roaming/MiKTeX/2.9/tex/latex/lastpage/last
page.sty"
Package: lastpage 2015/03/29 v1.2m Refers to last page's name (HMM; JPG)
)
("C:/Users/Michael Schilling/AppData/Roaming/MiKTeX/2.9/tex/latex/enumitem/enum
item.sty"
Package: enumitem 2019/06/20 v3.9 Customized lists
\labelindent=\skip50
\enit@outerparindent=\dimen134
\enit@toks=\toks29
\enit@inbox=\box29
\enit@count@id=\count109
\enitdp@description=\count110
)
("C:/Users/Michael Schilling/AppData/Roaming/MiKTeX/2.9/tex/latex/sectsty/sects
ty.sty"
Package: sectsty 2002/02/25 v2.0.2 Commands to change all sectional heading styl
es
) ("C:/Users/Michael Schilling/AppData/Roaming/MiKTeX/2.9/tex/latex/url/url.sty
"
\Urlmuskip=\muskip11
Package: url 2013/09/16  ver 3.4  Verb mode for urls, etc.
) ("C:/Program Files/MiKTeX 2.9/tex/generic/xypic/xy.sty" ("C:/Program Files/Mi
KTeX 2.9/tex/generic/xypic/xy.tex" Bootstrap'ing: catcodes, docmode, ("C:/Progr
am Files/MiKTeX 2.9/tex/generic/xypic/xyrecat.tex") ("C:/Program Files/MiKTeX 2
.9/tex/generic/xypic/xyidioms.tex")

 Xy-pic version 3.8.9 <2013/10/06>
 Copyright (c) 1991-2013 by Kristoffer H. Rose <krisrose@tug.org> and others
 Xy-pic is free software: see the User's Guide for details.

Loading kernel: messages; fonts; allocations: state,
\X@c=\dimen135
\Y@c=\dimen136
\U@c=\dimen137
\D@c=\dimen138
\L@c=\dimen139
\R@c=\dimen140
\Edge@c=\toks30
\X@p=\dimen141
\Y@p=\dimen142
\U@p=\dimen143
\D@p=\dimen144
\L@p=\dimen145
\R@p=\dimen146
\Edge@p=\toks31
\X@origin=\dimen147
\Y@origin=\dimen148
\X@xbase=\dimen149
\Y@xbase=\dimen150
\X@ybase=\dimen151
\Y@ybase=\dimen152
\X@min=\dimen153
\Y@min=\dimen154
\X@max=\dimen155
\Y@max=\dimen156
\lastobjectbox@=\box30
\zerodotbox@=\box31
\almostz@=\dimen157
direction,
\d@X=\dimen158
\d@Y=\dimen159
\K@=\count111
\KK@=\count112
\Direction=\count113
\K@dXdY=\dimen160
\K@dYdX=\dimen161
\xyread@=\read1
\xywrite@=\write3
\csp@=\count114
\quotPTK@=\dimen162
utility macros; pictures: \xy, positions,
\swaptoks@@=\toks32
\connectobjectbox@@=\box32
objects,
\styletoks@=\toks33
decorations; kernel objects: directionals, circles, text; options; algorithms: 
directions, edges, connections;  Xy-pic loaded)
("C:/Users/Michael Schilling/AppData/Roaming/MiKTeX/2.9/tex/generic/iftex/ifpdf
.sty"
Package: ifpdf 2019/10/25 v3.4 ifpdf legacy package. Use iftex instead.

("C:/Users/Michael Schilling/AppData/Roaming/MiKTeX/2.9/tex/generic/iftex/iftex
.sty"
Package: iftex 2019/11/07 v1.0c TeX engine tests
))
Package: xy 2013/10/06 Xy-pic version 3.8.9
("C:/Program Files/MiKTeX 2.9/tex/generic/xypic/xyall.tex"  Xy-pic option: All 
features v.3.8 ("C:/Program Files/MiKTeX 2.9/tex/generic/xypic/xycurve.tex"  Xy
-pic option: Curve and Spline extension v.3.12 curve,
\crv@cnt@=\count115
\crvpts@=\toks34
\splinebox@=\box33
\splineval@=\dimen163
\splinedepth@=\dimen164
\splinetol@=\dimen165
\splinelength@=\dimen166
circles,
\L@=\dimen167
loaded) ("C:/Program Files/MiKTeX 2.9/tex/generic/xypic/xyframe.tex"  Xy-pic op
tion: Frame and Bracket extension v.3.14 loaded) ("C:/Program Files/MiKTeX 2.9/
tex/generic/xypic/xycmtip.tex"  Xy-pic option: Computer Modern tip extension v.
3.7 ("C:/Program Files/MiKTeX 2.9/tex/generic/xypic/xytips.tex"  Xy-pic option:
 More Tips extension v.3.11 loaded) loaded) ("C:/Program Files/MiKTeX 2.9/tex/g
eneric/xypic/xyline.tex"  Xy-pic option: Line styles extension v.3.10
\xylinethick@=\dimen168
loaded) ("C:/Program Files/MiKTeX 2.9/tex/generic/xypic/xyrotate.tex"  Xy-pic o
ption: Rotate and Scale extension v.3.8 loaded) ("C:/Program Files/MiKTeX 2.9/t
ex/generic/xypic/xycolor.tex"  Xy-pic option: Colour extension v.3.11 loaded) ("C:/Program Files/MiKTeX 2.9/tex/generic/xypic/xymatrix.tex"  Xy-pic option: Matrix feature v.3.14
\Row=\count116
\Col=\count117
\queue@=\toks35
\queue@@=\toks36
\qcount@=\count118
\qcount@@=\count119
\matrixsize@=\count120
loaded) ("C:/Program Files/MiKTeX 2.9/tex/generic/xypic/xyarrow.tex"  Xy-pic op
tion: Arrow and Path feature v.3.9 path, \ar, loaded) ("C:/Program Files/MiKTeX
 2.9/tex/generic/xypic/xygraph.tex"  Xy-pic option: Graph feature v.3.11 loaded
) loaded) ("C:/Program Files/MiKTeX 2.9/tex/generic/xypic/xypdf.tex"  Xy-pic op
tion: PDF driver v.1.7 Xy-pic pdf driver: `color' extension support ("C:/Progra
m Files/MiKTeX 2.9/tex/generic/xypic/xypdf-co.tex" loaded) Xy-pic pdf driver: `
curve' extension support ("C:/Program Files/MiKTeX 2.9/tex/generic/xypic/xypdf-
cu.tex" loaded) Xy-pic pdf driver: `frame' extension support ("C:/Program Files
/MiKTeX 2.9/tex/generic/xypic/xypdf-fr.tex" loaded) Xy-pic pdf driver: `line' e
xtension support ("C:/Program Files/MiKTeX 2.9/tex/generic/xypic/xypdf-li.tex" 
loaded) Xy-pic pdf driver: `rotate' extension support ("C:/Program Files/MiKTeX
 2.9/tex/generic/xypic/xypdf-ro.tex" loaded) loaded))
("C:/Users/Michael Schilling/AppData/Roaming/MiKTeX/2.9/tex/latex/qcircuit/qcir
cuit.sty"
Package: qcircuit 2018/08/14
("C:/Program Files/MiKTeX 2.9/tex/generic/xypic/xymatrix.tex"  Xy-pic option: M
atrix feature v.3.14 not reloaded) ("C:/Program Files/MiKTeX 2.9/tex/generic/xy
pic/xyframe.tex"  Xy-pic option: Frame and Bracket extension v.3.14 not reloade
d) ("C:/Program Files/MiKTeX 2.9/tex/generic/xypic/xyarrow.tex"  Xy-pic option:
 Arrow and Path feature v.3.9 not reloaded) ("C:/Program Files/MiKTeX 2.9/tex/g
eneric/xypic/xyarc.tex"  Xy-pic option: Circle, Ellipse, Arc feature v.3.8 circ
les, ellipses, elliptical arcs, loaded)) ("C:/Program Files/MiKTeX 2.9/tex/late
x/base/fixltx2e.sty"
Package: fixltx2e 2016/12/29 v2.1a fixes to LaTeX (obsolete)
Applying: [2015/01/01] Old fixltx2e package on input line 46.

Package fixltx2e Warning: fixltx2e is not required with releases after 2015
(fixltx2e)                All fixes are now in the LaTeX kernel.
(fixltx2e)                See the latexrelease package for details.

Already applied: [0000/00/00] Old fixltx2e package on input line 53.
) ("C:/Program Files/MiKTeX 2.9/tex/latex/graphics/graphicx.sty"
Package: graphicx 2017/06/01 v1.1a Enhanced LaTeX Graphics (DPC,SPQR)
("C:/Program Files/MiKTeX 2.9/tex/latex/graphics/graphics.sty"
Package: graphics 2017/06/25 v1.2c Standard LaTeX Graphics (DPC,SPQR)
("C:/Program Files/MiKTeX 2.9/tex/latex/graphics/trig.sty"
Package: trig 2016/01/03 v1.10 sin cos tan (DPC)
) ("C:/Program Files/MiKTeX 2.9/tex/latex/graphics-cfg/graphics.cfg"
File: graphics.cfg 2016/06/04 v1.11 sample graphics configuration
)
Package graphics Info: Driver file: luatex.def on input line 99.
)
\Gin@req@height=\dimen169
\Gin@req@width=\dimen170
) ("C:/Program Files/MiKTeX 2.9/tex/latex/psnfss/mathpazo.sty"
Package: mathpazo 2005/04/12 PSNFSS-v9.2a Palatino w/ Pazo Math (D.Puga, WaS) 
\symupright=\mathgroup6
)
("C:/Users/Michael Schilling/AppData/Roaming/MiKTeX/2.9/tex/latex/pgf/frontendl
ayer/tikz.sty"
("C:/Users/Michael Schilling/AppData/Roaming/MiKTeX/2.9/tex/latex/pgf/basiclaye
r/pgf.sty"
("C:/Users/Michael Schilling/AppData/Roaming/MiKTeX/2.9/tex/latex/pgf/utilities
/pgfrcs.sty"
("C:/Users/Michael Schilling/AppData/Roaming/MiKTeX/2.9/tex/generic/pgf/utiliti
es/pgfutil-common.tex"
\pgfutil@everybye=\toks37
\pgfutil@tempdima=\dimen171
\pgfutil@tempdimb=\dimen172

("C:/Users/Michael Schilling/AppData/Roaming/MiKTeX/2.9/tex/generic/pgf/utiliti
es/pgfutil-common-lists.tex"))
("C:/Users/Michael Schilling/AppData/Roaming/MiKTeX/2.9/tex/generic/pgf/utiliti
es/pgfutil-latex.def"
\pgfutil@abb=\box34

("C:/Users/Michael Schilling/AppData/Roaming/MiKTeX/2.9/tex/latex/ms/everyshi.s
ty"
Package: everyshi 2001/05/15 v3.00 EveryShipout Package (MS)
))
("C:/Users/Michael Schilling/AppData/Roaming/MiKTeX/2.9/tex/generic/pgf/utiliti
es/pgfrcs.code.tex"
("C:/Users/Michael Schilling/AppData/Roaming/MiKTeX/2.9/tex/generic/pgf/pgf.rev
ision.tex")
Package: pgfrcs 2019/05/09 v3.1.3 (3.1.3)
))
Package: pgf 2019/05/09 v3.1.3 (3.1.3)

("C:/Users/Michael Schilling/AppData/Roaming/MiKTeX/2.9/tex/latex/pgf/basiclaye
r/pgfcore.sty"
("C:/Users/Michael Schilling/AppData/Roaming/MiKTeX/2.9/tex/latex/pgf/systemlay
er/pgfsys.sty"
("C:/Users/Michael Schilling/AppData/Roaming/MiKTeX/2.9/tex/generic/pgf/systeml
ayer/pgfsys.code.tex"
Package: pgfsys 2019/05/09 v3.1.3 (3.1.3)

("C:/Users/Michael Schilling/AppData/Roaming/MiKTeX/2.9/tex/generic/pgf/utiliti
es/pgfkeys.code.tex"
\pgfkeys@pathtoks=\toks38
\pgfkeys@temptoks=\toks39

("C:/Users/Michael Schilling/AppData/Roaming/MiKTeX/2.9/tex/generic/pgf/utiliti
es/pgfkeysfiltered.code.tex"
\pgfkeys@tmptoks=\toks40
))
\pgf@x=\dimen173
\pgf@y=\dimen174
\pgf@xa=\dimen175
\pgf@ya=\dimen176
\pgf@xb=\dimen177
\pgf@yb=\dimen178
\pgf@xc=\dimen179
\pgf@yc=\dimen180
\pgf@xd=\dimen181
\pgf@yd=\dimen182
\w@pgf@writea=\write4
\r@pgf@reada=\read2
\c@pgf@counta=\count121
\c@pgf@countb=\count122
\c@pgf@countc=\count123
\c@pgf@countd=\count124
\t@pgf@toka=\toks41
\t@pgf@tokb=\toks42
\t@pgf@tokc=\toks43
\pgf@sys@id@count=\count125

("C:/Users/Michael Schilling/AppData/Roaming/MiKTeX/2.9/tex/generic/pgf/systeml
ayer/pgf.cfg"
File: pgf.cfg 2019/05/09 v3.1.3 (3.1.3)
)
Driver file for pgf: pgfsys-luatex.def

("C:/Users/Michael Schilling/AppData/Roaming/MiKTeX/2.9/tex/generic/pgf/systeml
ayer/pgfsys-luatex.def"
File: pgfsys-luatex.def 2019/05/09 v3.1.3 (3.1.3)

("C:/Users/Michael Schilling/AppData/Roaming/MiKTeX/2.9/tex/generic/pgf/systeml
ayer/pgfsys-common-pdf.def"
File: pgfsys-common-pdf.def 2019/05/09 v3.1.3 (3.1.3)
)))
("C:/Users/Michael Schilling/AppData/Roaming/MiKTeX/2.9/tex/generic/pgf/systeml
ayer/pgfsyssoftpath.code.tex"
File: pgfsyssoftpath.code.tex 2019/05/09 v3.1.3 (3.1.3)
\pgfsyssoftpath@smallbuffer@items=\count126
\pgfsyssoftpath@bigbuffer@items=\count127
)
("C:/Users/Michael Schilling/AppData/Roaming/MiKTeX/2.9/tex/generic/pgf/systeml
ayer/pgfsysprotocol.code.tex"
File: pgfsysprotocol.code.tex 2019/05/09 v3.1.3 (3.1.3)
))
("C:/Users/Michael Schilling/AppData/Roaming/MiKTeX/2.9/tex/generic/pgf/basicla
yer/pgfcore.code.tex"
Package: pgfcore 2019/05/09 v3.1.3 (3.1.3)

("C:/Users/Michael Schilling/AppData/Roaming/MiKTeX/2.9/tex/generic/pgf/math/pg
fmath.code.tex"
("C:/Users/Michael Schilling/AppData/Roaming/MiKTeX/2.9/tex/generic/pgf/math/pg
fmathcalc.code.tex"
("C:/Users/Michael Schilling/AppData/Roaming/MiKTeX/2.9/tex/generic/pgf/math/pg
fmathutil.code.tex")
("C:/Users/Michael Schilling/AppData/Roaming/MiKTeX/2.9/tex/generic/pgf/math/pg
fmathparser.code.tex"
\pgfmath@dimen=\dimen183
\pgfmath@count=\count128
\pgfmath@box=\box35
\pgfmath@toks=\toks44
\pgfmath@stack@operand=\toks45
\pgfmath@stack@operation=\toks46
)
("C:/Users/Michael Schilling/AppData/Roaming/MiKTeX/2.9/tex/generic/pgf/math/pg
fmathfunctions.code.tex"
("C:/Users/Michael Schilling/AppData/Roaming/MiKTeX/2.9/tex/generic/pgf/math/pg
fmathfunctions.basic.code.tex")
("C:/Users/Michael Schilling/AppData/Roaming/MiKTeX/2.9/tex/generic/pgf/math/pg
fmathfunctions.trigonometric.code.tex")
("C:/Users/Michael Schilling/AppData/Roaming/MiKTeX/2.9/tex/generic/pgf/math/pg
fmathfunctions.random.code.tex")
("C:/Users/Michael Schilling/AppData/Roaming/MiKTeX/2.9/tex/generic/pgf/math/pg
fmathfunctions.comparison.code.tex")
("C:/Users/Michael Schilling/AppData/Roaming/MiKTeX/2.9/tex/generic/pgf/math/pg
fmathfunctions.base.code.tex")
("C:/Users/Michael Schilling/AppData/Roaming/MiKTeX/2.9/tex/generic/pgf/math/pg
fmathfunctions.round.code.tex")
("C:/Users/Michael Schilling/AppData/Roaming/MiKTeX/2.9/tex/generic/pgf/math/pg
fmathfunctions.misc.code.tex")
("C:/Users/Michael Schilling/AppData/Roaming/MiKTeX/2.9/tex/generic/pgf/math/pg
fmathfunctions.integerarithmetics.code.tex")))
("C:/Users/Michael Schilling/AppData/Roaming/MiKTeX/2.9/tex/generic/pgf/math/pg
fmathfloat.code.tex"
\c@pgfmathroundto@lastzeros=\count129
))
("C:/Users/Michael Schilling/AppData/Roaming/MiKTeX/2.9/tex/generic/pgf/math/pg
fint.code.tex")
("C:/Users/Michael Schilling/AppData/Roaming/MiKTeX/2.9/tex/generic/pgf/basicla
yer/pgfcorepoints.code.tex"
File: pgfcorepoints.code.tex 2019/05/09 v3.1.3 (3.1.3)
\pgf@picminx=\dimen184
\pgf@picmaxx=\dimen185
\pgf@picminy=\dimen186
\pgf@picmaxy=\dimen187
\pgf@pathminx=\dimen188
\pgf@pathmaxx=\dimen189
\pgf@pathminy=\dimen190
\pgf@pathmaxy=\dimen191
\pgf@xx=\dimen192
\pgf@xy=\dimen193
\pgf@yx=\dimen194
\pgf@yy=\dimen195
\pgf@zx=\dimen196
\pgf@zy=\dimen197
)
("C:/Users/Michael Schilling/AppData/Roaming/MiKTeX/2.9/tex/generic/pgf/basicla
yer/pgfcorepathconstruct.code.tex"
File: pgfcorepathconstruct.code.tex 2019/05/09 v3.1.3 (3.1.3)
\pgf@path@lastx=\dimen198
\pgf@path@lasty=\dimen199
)
("C:/Users/Michael Schilling/AppData/Roaming/MiKTeX/2.9/tex/generic/pgf/basicla
yer/pgfcorepathusage.code.tex"
File: pgfcorepathusage.code.tex 2019/05/09 v3.1.3 (3.1.3)
\pgf@shorten@end@additional=\dimen256
\pgf@shorten@start@additional=\dimen257
)
("C:/Users/Michael Schilling/AppData/Roaming/MiKTeX/2.9/tex/generic/pgf/basicla
yer/pgfcorescopes.code.tex"
File: pgfcorescopes.code.tex 2019/05/09 v3.1.3 (3.1.3)
\pgfpic=\box36
\pgf@hbox=\box37
\pgf@layerbox@main=\box38
\pgf@picture@serial@count=\count130
)
("C:/Users/Michael Schilling/AppData/Roaming/MiKTeX/2.9/tex/generic/pgf/basicla
yer/pgfcoregraphicstate.code.tex"
File: pgfcoregraphicstate.code.tex 2019/05/09 v3.1.3 (3.1.3)
\pgflinewidth=\dimen258
)
("C:/Users/Michael Schilling/AppData/Roaming/MiKTeX/2.9/tex/generic/pgf/basicla
yer/pgfcoretransformations.code.tex"
File: pgfcoretransformations.code.tex 2019/05/09 v3.1.3 (3.1.3)
\pgf@pt@x=\dimen259
\pgf@pt@y=\dimen260
\pgf@pt@temp=\dimen261
)
("C:/Users/Michael Schilling/AppData/Roaming/MiKTeX/2.9/tex/generic/pgf/basicla
yer/pgfcorequick.code.tex"
File: pgfcorequick.code.tex 2019/05/09 v3.1.3 (3.1.3)
)
("C:/Users/Michael Schilling/AppData/Roaming/MiKTeX/2.9/tex/generic/pgf/basicla
yer/pgfcoreobjects.code.tex"
File: pgfcoreobjects.code.tex 2019/05/09 v3.1.3 (3.1.3)
)
("C:/Users/Michael Schilling/AppData/Roaming/MiKTeX/2.9/tex/generic/pgf/basicla
yer/pgfcorepathprocessing.code.tex"
File: pgfcorepathprocessing.code.tex 2019/05/09 v3.1.3 (3.1.3)
)
("C:/Users/Michael Schilling/AppData/Roaming/MiKTeX/2.9/tex/generic/pgf/basicla
yer/pgfcorearrows.code.tex"
File: pgfcorearrows.code.tex 2019/05/09 v3.1.3 (3.1.3)
\pgfarrowsep=\dimen262
)
("C:/Users/Michael Schilling/AppData/Roaming/MiKTeX/2.9/tex/generic/pgf/basicla
yer/pgfcoreshade.code.tex"
File: pgfcoreshade.code.tex 2019/05/09 v3.1.3 (3.1.3)
\pgf@max=\dimen263
\pgf@sys@shading@range@num=\count131
\pgf@shadingcount=\count132
)
("C:/Users/Michael Schilling/AppData/Roaming/MiKTeX/2.9/tex/generic/pgf/basicla
yer/pgfcoreimage.code.tex"
File: pgfcoreimage.code.tex 2019/05/09 v3.1.3 (3.1.3)

("C:/Users/Michael Schilling/AppData/Roaming/MiKTeX/2.9/tex/generic/pgf/basicla
yer/pgfcoreexternal.code.tex"
File: pgfcoreexternal.code.tex 2019/05/09 v3.1.3 (3.1.3)
\pgfexternal@startupbox=\box39
))
("C:/Users/Michael Schilling/AppData/Roaming/MiKTeX/2.9/tex/generic/pgf/basicla
yer/pgfcorelayers.code.tex"
File: pgfcorelayers.code.tex 2019/05/09 v3.1.3 (3.1.3)
)
("C:/Users/Michael Schilling/AppData/Roaming/MiKTeX/2.9/tex/generic/pgf/basicla
yer/pgfcoretransparency.code.tex"
File: pgfcoretransparency.code.tex 2019/05/09 v3.1.3 (3.1.3)
)
("C:/Users/Michael Schilling/AppData/Roaming/MiKTeX/2.9/tex/generic/pgf/basicla
yer/pgfcorepatterns.code.tex"
File: pgfcorepatterns.code.tex 2019/05/09 v3.1.3 (3.1.3)
)
("C:/Users/Michael Schilling/AppData/Roaming/MiKTeX/2.9/tex/generic/pgf/basicla
yer/pgfcorerdf.code.tex"
File: pgfcorerdf.code.tex 2019/05/09 v3.1.3 (3.1.3)
)))
("C:/Users/Michael Schilling/AppData/Roaming/MiKTeX/2.9/tex/generic/pgf/modules
/pgfmoduleshapes.code.tex"
File: pgfmoduleshapes.code.tex 2019/05/09 v3.1.3 (3.1.3)
\pgfnodeparttextbox=\box40
)
("C:/Users/Michael Schilling/AppData/Roaming/MiKTeX/2.9/tex/generic/pgf/modules
/pgfmoduleplot.code.tex"
File: pgfmoduleplot.code.tex 2019/05/09 v3.1.3 (3.1.3)
)
("C:/Users/Michael Schilling/AppData/Roaming/MiKTeX/2.9/tex/latex/pgf/compatibi
lity/pgfcomp-version-0-65.sty"
Package: pgfcomp-version-0-65 2019/05/09 v3.1.3 (3.1.3)
\pgf@nodesepstart=\dimen264
\pgf@nodesepend=\dimen265
)
("C:/Users/Michael Schilling/AppData/Roaming/MiKTeX/2.9/tex/latex/pgf/compatibi
lity/pgfcomp-version-1-18.sty"
Package: pgfcomp-version-1-18 2019/05/09 v3.1.3 (3.1.3)
))
("C:/Users/Michael Schilling/AppData/Roaming/MiKTeX/2.9/tex/latex/pgf/utilities
/pgffor.sty"
("C:/Users/Michael Schilling/AppData/Roaming/MiKTeX/2.9/tex/latex/pgf/utilities
/pgfkeys.sty"
("C:/Users/Michael Schilling/AppData/Roaming/MiKTeX/2.9/tex/generic/pgf/utiliti
es/pgfkeys.code.tex"))
("C:/Users/Michael Schilling/AppData/Roaming/MiKTeX/2.9/tex/latex/pgf/math/pgfm
ath.sty"
("C:/Users/Michael Schilling/AppData/Roaming/MiKTeX/2.9/tex/generic/pgf/math/pg
fmath.code.tex"))
("C:/Users/Michael Schilling/AppData/Roaming/MiKTeX/2.9/tex/generic/pgf/utiliti
es/pgffor.code.tex"
Package: pgffor 2019/05/09 v3.1.3 (3.1.3)

("C:/Users/Michael Schilling/AppData/Roaming/MiKTeX/2.9/tex/generic/pgf/math/pg
fmath.code.tex")
\pgffor@iter=\dimen266
\pgffor@skip=\dimen267
\pgffor@stack=\toks47
\pgffor@toks=\toks48
))
("C:/Users/Michael Schilling/AppData/Roaming/MiKTeX/2.9/tex/generic/pgf/fronten
dlayer/tikz/tikz.code.tex"
Package: tikz 2019/05/09 v3.1.3 (3.1.3)

("C:/Users/Michael Schilling/AppData/Roaming/MiKTeX/2.9/tex/generic/pgf/librari
es/pgflibraryplothandlers.code.tex"
File: pgflibraryplothandlers.code.tex 2019/05/09 v3.1.3 (3.1.3)
\pgf@plot@mark@count=\count133
\pgfplotmarksize=\dimen268
)
\tikz@lastx=\dimen269
\tikz@lasty=\dimen270
\tikz@lastxsaved=\dimen271
\tikz@lastysaved=\dimen272
\tikzleveldistance=\dimen273
\tikzsiblingdistance=\dimen274
\tikz@figbox=\box41
\tikz@figbox@bg=\box42
\tikz@tempbox=\box43
\tikz@tempbox@bg=\box44
\tikztreelevel=\count134
\tikznumberofchildren=\count135
\tikznumberofcurrentchild=\count136
\tikz@fig@count=\count137

("C:/Users/Michael Schilling/AppData/Roaming/MiKTeX/2.9/tex/generic/pgf/modules
/pgfmodulematrix.code.tex"
File: pgfmodulematrix.code.tex 2019/05/09 v3.1.3 (3.1.3)
\pgfmatrixcurrentrow=\count138
\pgfmatrixcurrentcolumn=\count139
\pgf@matrix@numberofcolumns=\count140
)
\tikz@expandcount=\count141

("C:/Users/Michael Schilling/AppData/Roaming/MiKTeX/2.9/tex/generic/pgf/fronten
dlayer/tikz/libraries/tikzlibrarytopaths.code.tex"
File: tikzlibrarytopaths.code.tex 2019/05/09 v3.1.3 (3.1.3)
)))
("C:/Users/Michael Schilling/AppData/Roaming/MiKTeX/2.9/tex/latex/mathtools/mat
htools.sty"
Package: mathtools 2018/01/08 v1.21 mathematical typesetting tools
("C:/Program Files/MiKTeX 2.9/tex/latex/tools/calc.sty"
Package: calc 2017/05/25 v4.3 Infix arithmetic (KKT,FJ)
\calc@Acount=\count142
\calc@Bcount=\count143
\calc@Adimen=\dimen275
\calc@Bdimen=\dimen276
\calc@Askip=\skip51
\calc@Bskip=\skip52
LaTeX Info: Redefining \setlength on input line 80.
LaTeX Info: Redefining \addtolength on input line 81.
\calc@Ccount=\count144
\calc@Cskip=\skip53
)
("C:/Users/Michael Schilling/AppData/Roaming/MiKTeX/2.9/tex/latex/mathtools/mhs
etup.sty"
Package: mhsetup 2017/03/31 v1.3 programming setup (MH)
)
LaTeX Info: Thecontrolsequence`\('isalreadyrobust on input line 129.
LaTeX Info: Thecontrolsequence`\)'isalreadyrobust on input line 129.
LaTeX Info: Thecontrolsequence`\['isalreadyrobust on input line 129.
LaTeX Info: Thecontrolsequence`\]'isalreadyrobust on input line 129.
\g_MT_multlinerow_int=\count145
\l_MT_multwidth_dim=\dimen277
\origjot=\skip54
\l_MT_shortvdotswithinadjustabove_dim=\dimen278
\l_MT_shortvdotswithinadjustbelow_dim=\dimen279
\l_MT_above_intertext_sep=\dimen280
\l_MT_below_intertext_sep=\dimen281
\l_MT_above_shortintertext_sep=\dimen282
\l_MT_below_shortintertext_sep=\dimen283
)
("C:/Users/Michael Schilling/AppData/Roaming/MiKTeX/2.9/tex/generic/pgf/fronten
dlayer/tikz/libraries/tikzlibrarymatrix.code.tex"
File: tikzlibrarymatrix.code.tex 2019/05/09 v3.1.3 (3.1.3)
)
("C:/Users/Michael Schilling/AppData/Roaming/MiKTeX/2.9/tex/generic/pgf/fronten
dlayer/tikz/libraries/tikzlibrarydecorations.pathreplacing.code.tex"
("C:/Users/Michael Schilling/AppData/Roaming/MiKTeX/2.9/tex/generic/pgf/fronten
dlayer/tikz/libraries/tikzlibrarydecorations.code.tex"
("C:/Users/Michael Schilling/AppData/Roaming/MiKTeX/2.9/tex/generic/pgf/modules
/pgfmoduledecorations.code.tex"
\pgfdecoratedcompleteddistance=\dimen284
\pgfdecoratedremainingdistance=\dimen285
\pgfdecoratedinputsegmentcompleteddistance=\dimen286
\pgfdecoratedinputsegmentremainingdistance=\dimen287
\pgf@decorate@distancetomove=\dimen288
\pgf@decorate@repeatstate=\count146
\pgfdecorationsegmentamplitude=\dimen289
\pgfdecorationsegmentlength=\dimen290
)
\tikz@lib@dec@box=\box45
)
("C:/Users/Michael Schilling/AppData/Roaming/MiKTeX/2.9/tex/generic/pgf/librari
es/decorations/pgflibrarydecorations.pathreplacing.code.tex"))
("C:/Users/Michael Schilling/AppData/Roaming/MiKTeX/2.9/tex/generic/pgf/fronten
dlayer/tikz/libraries/tikzlibrarycalc.code.tex"
File: tikzlibrarycalc.code.tex 2019/05/09 v3.1.3 (3.1.3)
)
("C:/Users/Michael Schilling/AppData/Roaming/MiKTeX/2.9/tex/generic/pgf/fronten
dlayer/tikz/libraries/tikzlibrarypositioning.code.tex"
File: tikzlibrarypositioning.code.tex 2019/05/09 v3.1.3 (3.1.3)
) ("C:/Program Files/MiKTeX 2.9/tex/latex/graphics/rotating.sty"
Package: rotating 2016/08/11 v2.16d rotated objects in LaTeX
("C:/Program Files/MiKTeX 2.9/tex/latex/base/ifthen.sty"
Package: ifthen 2014/09/29 v1.1c Standard LaTeX ifthen package (DPC)
)
\c@r@tfl@t=\count147
\rotFPtop=\skip55
\rotFPbot=\skip56
\rot@float@box=\box46
\rot@mess@toks=\toks49
)
("C:/Users/Michael Schilling/AppData/Roaming/MiKTeX/2.9/tex/latex/pgfplots/pgfp
lots.sty"
("C:/Users/Michael Schilling/AppData/Roaming/MiKTeX/2.9/tex/generic/pgfplots/pg
fplots.revision.tex")
Package: pgfplots 2018/03/28 v1.16 Data Visualization (1.16)

("C:/Users/Michael Schilling/AppData/Roaming/MiKTeX/2.9/tex/generic/pgfplots/pg
fplots.code.tex"
("C:/Users/Michael Schilling/AppData/Roaming/MiKTeX/2.9/tex/generic/pgfplots/pg
fplotscore.code.tex"
Package pgfplots info on input line 124: Initializing with LUA version Lua 5.3
\pgfplots@luabackend@table=\catcodetable5
\t@pgfplots@toka=\toks50
\t@pgfplots@tokb=\toks51
\t@pgfplots@tokc=\toks52
\pgfplots@tmpa=\dimen291
\c@pgfplots@coordindex=\count148
\c@pgfplots@scanlineindex=\count149

("C:/Users/Michael Schilling/AppData/Roaming/MiKTeX/2.9/tex/generic/pgfplots/sy
s/pgfplotssysgeneric.code.tex"))
("C:/Users/Michael Schilling/AppData/Roaming/MiKTeX/2.9/tex/generic/pgfplots/li
bs/pgfplotslibrary.code.tex")
("C:/Users/Michael Schilling/AppData/Roaming/MiKTeX/2.9/tex/generic/pgfplots/ol
dpgfcompatib/pgfplotsoldpgfsupp_loader.code.tex"
("C:/Users/Michael Schilling/AppData/Roaming/MiKTeX/2.9/tex/generic/pgf/librari
es/pgflibraryfpu.code.tex")
Package pgfplots: loading complementary arithmetics for your pgf version...

("C:/Users/Michael Schilling/AppData/Roaming/MiKTeX/2.9/tex/generic/pgfplots/ol
dpgfcompatib/pgfplotsoldpgfsupp_pgflibraryfpu.code.tex")
("C:/Users/Michael Schilling/AppData/Roaming/MiKTeX/2.9/tex/generic/pgfplots/ol
dpgfcompatib/pgfplotsoldpgfsupp_pgfmathfloat.code.tex"
\c@pgfmathroundto@lastzeros=\count150
)
("C:/Users/Michael Schilling/AppData/Roaming/MiKTeX/2.9/tex/generic/pgf/librari
es/luamath/pgflibraryluamath.code.tex")
Package pgfplots info on input line 275: luamath library shipped with pgf 3.1.3 
is up-to-date
)
("C:/Users/Michael Schilling/AppData/Roaming/MiKTeX/2.9/tex/generic/pgfplots/ut
il/pgfplotsutil.code.tex"
Package pgfplots info on input line 82: Found new luatex: initializing lua comma
nds instead of write18 (shell-escape)

("C:/Users/Michael Schilling/AppData/Roaming/MiKTeX/2.9/tex/generic/pgfplots/li
ststructure/pgfplotsliststructure.code.tex")
("C:/Users/Michael Schilling/AppData/Roaming/MiKTeX/2.9/tex/generic/pgfplots/li
ststructure/pgfplotsliststructureext.code.tex")
("C:/Users/Michael Schilling/AppData/Roaming/MiKTeX/2.9/tex/generic/pgfplots/li
ststructure/pgfplotsarray.code.tex"
\c@pgfplotsarray@tmp=\count151
)
("C:/Users/Michael Schilling/AppData/Roaming/MiKTeX/2.9/tex/generic/pgfplots/li
ststructure/pgfplotsmatrix.code.tex")
("C:/Users/Michael Schilling/AppData/Roaming/MiKTeX/2.9/tex/generic/pgfplots/nu
mtable/pgfplotstableshared.code.tex"
\c@pgfplotstable@counta=\count152
\t@pgfplotstable@a=\toks53
)
("C:/Users/Michael Schilling/AppData/Roaming/MiKTeX/2.9/tex/generic/pgfplots/li
ststructure/pgfplotsdeque.code.tex")
("C:/Users/Michael Schilling/AppData/Roaming/MiKTeX/2.9/tex/generic/pgfplots/ut
il/pgfplotsbinary.code.tex"
("C:/Users/Michael Schilling/AppData/Roaming/MiKTeX/2.9/tex/generic/pgfplots/ut
il/pgfplotsbinary.data.code.tex"))
("C:/Users/Michael Schilling/AppData/Roaming/MiKTeX/2.9/tex/generic/pgfplots/ut
il/pgfplotsutil.verb.code.tex")
("C:/Users/Michael Schilling/AppData/Roaming/MiKTeX/2.9/tex/generic/pgfplots/li
bs/pgflibrarypgfplots.surfshading.code.tex"
\c@pgfplotslibrarysurf@no=\count153

("C:/Users/Michael Schilling/AppData/Roaming/MiKTeX/2.9/tex/generic/pgfplots/sy
s/pgflibrarypgfplots.surfshading.pgfsys-luatex.def")))
("C:/Users/Michael Schilling/AppData/Roaming/MiKTeX/2.9/tex/generic/pgfplots/ut
il/pgfplotscolormap.code.tex"
("C:/Users/Michael Schilling/AppData/Roaming/MiKTeX/2.9/tex/generic/pgfplots/ut
il/pgfplotscolor.code.tex"))
("C:/Users/Michael Schilling/AppData/Roaming/MiKTeX/2.9/tex/generic/pgfplots/pg
fplotsstackedplots.code.tex")
("C:/Users/Michael Schilling/AppData/Roaming/MiKTeX/2.9/tex/generic/pgfplots/pg
fplotsplothandlers.code.tex"
("C:/Users/Michael Schilling/AppData/Roaming/MiKTeX/2.9/tex/generic/pgfplots/pg
fplotsmeshplothandler.code.tex"
("C:/Users/Michael Schilling/AppData/Roaming/MiKTeX/2.9/tex/generic/pgfplots/pg
fplotsmeshplotimage.code.tex")))
("C:/Users/Michael Schilling/AppData/Roaming/MiKTeX/2.9/tex/generic/pgfplots/pg
fplots.scaling.code.tex")
("C:/Users/Michael Schilling/AppData/Roaming/MiKTeX/2.9/tex/generic/pgfplots/pg
fplotscoordprocessing.code.tex")
("C:/Users/Michael Schilling/AppData/Roaming/MiKTeX/2.9/tex/generic/pgfplots/pg
fplots.errorbars.code.tex")
("C:/Users/Michael Schilling/AppData/Roaming/MiKTeX/2.9/tex/generic/pgfplots/pg
fplots.markers.code.tex")
("C:/Users/Michael Schilling/AppData/Roaming/MiKTeX/2.9/tex/generic/pgfplots/pg
fplotsticks.code.tex")
("C:/Users/Michael Schilling/AppData/Roaming/MiKTeX/2.9/tex/generic/pgfplots/pg
fplots.paths.code.tex")
("C:/Users/Michael Schilling/AppData/Roaming/MiKTeX/2.9/tex/generic/pgf/fronten
dlayer/tikz/libraries/tikzlibrarydecorations.pathmorphing.code.tex"
("C:/Users/Michael Schilling/AppData/Roaming/MiKTeX/2.9/tex/generic/pgf/librari
es/decorations/pgflibrarydecorations.pathmorphing.code.tex"))
\pgfplots@numplots=\count154
\pgfplots@xmin@reg=\dimen292
\pgfplots@xmax@reg=\dimen293
\pgfplots@ymin@reg=\dimen294
\pgfplots@ymax@reg=\dimen295
\pgfplots@zmin@reg=\dimen296
\pgfplots@zmax@reg=\dimen297
)
("C:/Users/Michael Schilling/AppData/Roaming/MiKTeX/2.9/tex/generic/pgf/fronten
dlayer/tikz/libraries/tikzlibraryplotmarks.code.tex"
File: tikzlibraryplotmarks.code.tex 2019/05/09 v3.1.3 (3.1.3)

("C:/Users/Michael Schilling/AppData/Roaming/MiKTeX/2.9/tex/generic/pgf/librari
es/pgflibraryplotmarks.code.tex"
File: pgflibraryplotmarks.code.tex 2019/05/09 v3.1.3 (3.1.3)
)))
("C:/Users/Michael Schilling/AppData/Roaming/MiKTeX/2.9/tex/generic/pgfplots/li
bs/tikzlibrarypgfplots.patchplots.code.tex")
("C:/Users/Michael Schilling/AppData/Roaming/MiKTeX/2.9/tex/generic/pgfplots/li
bs/tikzlibrarypgfplots.colormaps.code.tex") ("C:/Program Files/MiKTeX 2.9/tex/l
atex/geometry/geometry.sty"
Package: geometry 2018/04/16 v5.8 Page Geometry

("C:/Users/Michael Schilling/AppData/Roaming/MiKTeX/2.9/tex/generic/iftex/ifvte
x.sty"
Package: ifvtex 2019/10/25 v1.7 ifvtex legacy package. Use iftex instead.
)
("C:/Users/Michael Schilling/AppData/Roaming/MiKTeX/2.9/tex/generic/iftex/ifxet
ex.sty"
Package: ifxetex 2019/10/25 v0.7 ifxetex legacy package. Use iftex instead.
)
\Gm@cnth=\count155
\Gm@cntv=\count156
\c@Gm@tempcnt=\count157
\Gm@bindingoffset=\dimen298
\Gm@wd@mp=\dimen299
\Gm@odd@mp=\dimen300
\Gm@even@mp=\dimen301
\Gm@layoutwidth=\dimen302
\Gm@layoutheight=\dimen303
\Gm@layouthoffset=\dimen304
\Gm@layoutvoffset=\dimen305
\Gm@dimlist=\toks54
("C:/Program Files/MiKTeX 2.9/tex/latex/geometry/geometry.cfg")) ("C:/Program F
iles/MiKTeX 2.9/tex/latex/base/fontenc.sty"
Package: fontenc 2018/08/11 v2.0j Standard LaTeX package
("C:/Program Files/MiKTeX 2.9/tex/latex/base/t1enc.def"
File: t1enc.def 2018/08/11 v2.0j Standard LaTeX file
LaTeX Font Info:    Redeclaring font encoding T1 on input line 48.
)
LaTeX Font Info:    Try loading font information for T1+lmr on input line 105.
("C:/Program Files/MiKTeX 2.9/tex/latex/lm/t1lmr.fd"
File: t1lmr.fd 2009/10/30 v1.6 Font defs for Latin Modern
))
("C:/Users/Michael Schilling/AppData/Roaming/MiKTeX/2.9/tex/latex/fancyhdr/fanc
yhdr.sty"
Package: fancyhdr 2019/01/31 v3.10 Extensive control of page headers and footers

\f@nch@headwidth=\skip57
\f@nch@O@elh=\skip58
\f@nch@O@erh=\skip59
\f@nch@O@olh=\skip60
\f@nch@O@orh=\skip61
\f@nch@O@elf=\skip62
\f@nch@O@erf=\skip63
\f@nch@O@olf=\skip64
\f@nch@O@orf=\skip65
)
("C:/Users/Michael Schilling/AppData/Roaming/MiKTeX/2.9/tex/latex/titling/titli
ng.sty"
Package: titling 2009/09/04 v2.1d maketitle typesetting
\thanksmarkwidth=\skip66
\thanksmargin=\skip67
\droptitle=\skip68
)
("C:/Users/Michael Schilling/AppData/Roaming/MiKTeX/2.9/tex/latex/lettrine/lett
rine.sty"
File: lettrine.sty 2019-04-06 v2.22 (Daniel Flipo)

("C:/Users/Michael Schilling/AppData/Roaming/MiKTeX/2.9/tex/generic/minifp/mini
fp.sty"
Package: minifp 2013/12/30 v0.96. Macros for real number operations and a stack-
based programing language.
\MFP@loopctr=\count158
)
\c@DefaultLines=\count159
\c@DefaultDepth=\count160
\DefaultFindent=\dimen306
\DefaultNindent=\dimen307
\DefaultSlope=\dimen308
\DiscardVskip=\dimen309
\L@lbox=\box47
\L@tbox=\box48
\c@L@lines=\count161
\c@L@depth=\count162
\L@Pindent=\dimen310
\L@Findent=\dimen311
\L@Nindent=\dimen312
\L@lraise=\dimen313
\L@first=\dimen314
\L@next=\dimen315
\L@slope=\dimen316
\L@height=\dimen317
\L@novskip=\dimen318
\L@target@ht=\dimen319
\L@target@dp=\dimen320
\L@target@tht=\dimen321
\LettrineWidth=\dimen322
\LettrineHeight=\dimen323
\LettrineDepth=\dimen324
\Llist@everypar=\toks55
Loading lettrine.cfg

("C:/Users/Michael Schilling/AppData/Roaming/MiKTeX/2.9/tex/latex/lettrine/lett
rine.cfg")) ("C:/Program Files/MiKTeX 2.9/tex/latex/base/fix-cm.sty"
Package: fix-cm 2015/01/14 v1.1t fixes to LaTeX
("C:/Program Files/MiKTeX 2.9/tex/latex/base/ts1enc.def"
File: ts1enc.def 2001/06/05 v3.0e (jk/car/fm) Standard LaTeX file
))
("C:/Users/Michael Schilling/AppData/Roaming/MiKTeX/2.9/tex/latex/xstring/xstri
ng.sty"
("C:/Users/Michael Schilling/AppData/Roaming/MiKTeX/2.9/tex/generic/xstring/xst
ring.tex"
\integerpart=\count163
\decimalpart=\count164
)
Package: xstring 2019/02/06 v1.83 String manipulations (CT)
)
("C:/Users/Michael Schilling/AppData/Roaming/MiKTeX/2.9/tex/latex/csquotes/csqu
otes.sty"
Package: csquotes 2019-12-06 v5.2j context-sensitive quotations (JAW)

("C:/Users/Michael Schilling/AppData/Roaming/MiKTeX/2.9/tex/latex/etoolbox/etoo
lbox.sty"
Package: etoolbox 2019/09/21 v2.5h e-TeX tools for LaTeX (JAW)
\etb@tempcnta=\count165
)
\csq@reset=\count166
\csq@gtype=\count167
\csq@glevel=\count168
\csq@qlevel=\count169
\csq@maxlvl=\count170
\csq@tshold=\count171
\csq@ltx@everypar=\toks56

("C:/Users/Michael Schilling/AppData/Roaming/MiKTeX/2.9/tex/latex/csquotes/csqu
otes.def"
File: csquotes.def 2019-12-06 v5.2j csquotes generic definitions (JAW)
)
Package csquotes Info: Trying to load configuration file 'csquotes.cfg'...
Package csquotes Info: ... configuration file loaded successfully.

("C:/Users/Michael Schilling/AppData/Roaming/MiKTeX/2.9/tex/latex/csquotes/csqu
otes.cfg"
File: csquotes.cfg 
)
Package csquotes Info: Enabling multilingual quotes.
)
("C:/Users/Michael Schilling/AppData/Roaming/MiKTeX/2.9/tex/latex/listings/list
ings.sty"
\lst@mode=\count172
\lst@gtempboxa=\box49
\lst@token=\toks57
\lst@length=\count173
\lst@currlwidth=\dimen325
\lst@column=\count174
\lst@pos=\count175
\lst@lostspace=\dimen326
\lst@width=\dimen327
\lst@newlines=\count176
\lst@lineno=\count177
\lst@maxwidth=\dimen328

("C:/Users/Michael Schilling/AppData/Roaming/MiKTeX/2.9/tex/latex/listings/lstm
isc.sty"
File: lstmisc.sty 2019/02/27 1.8b (Carsten Heinz)
\c@lstnumber=\count178
\lst@skipnumbers=\count179
\lst@framebox=\box50
)
("C:/Users/Michael Schilling/AppData/Roaming/MiKTeX/2.9/tex/latex/listings/list
ings.cfg"
File: listings.cfg 2019/02/27 1.8b listings configuration
))
Package: listings 2019/02/27 1.8b (Carsten Heinz)

("C:/Users/Michael Schilling/AppData/Roaming/MiKTeX/2.9/tex/latex/colortbl/colo
rtbl.sty"
Package: colortbl 2020/01/04 v1.0e Color table columns (DPC)
("C:/Program Files/MiKTeX 2.9/tex/latex/tools/array.sty"
Package: array 2018/12/30 v2.4k Tabular extension package (FMi)
\col@sep=\dimen329
\ar@mcellbox=\box51
\extrarowheight=\dimen330
\NC@list=\toks58
\extratabsurround=\skip69
\backup@length=\skip70
\ar@cellbox=\box52
)
\everycr=\toks59
\minrowclearance=\skip71
)
("C:/Users/Michael Schilling/AppData/Roaming/MiKTeX/2.9/tex/latex/listings/lstl
ang1.sty"
File: lstlang1.sty 2019/02/27 1.8b listings language file
)
("C:/Users/Michael Schilling/AppData/Roaming/MiKTeX/2.9/tex/latex/forest/forest
.sty"
Package: forest 2017/07/14 v2.1.5 Drawing (linguistic) trees

("C:/Users/Michael Schilling/AppData/Roaming/MiKTeX/2.9/tex/generic/pgf/fronten
dlayer/tikz/libraries/tikzlibraryshapes.code.tex"
File: tikzlibraryshapes.code.tex 2019/05/09 v3.1.3 (3.1.3)

("C:/Users/Michael Schilling/AppData/Roaming/MiKTeX/2.9/tex/generic/pgf/fronten
dlayer/tikz/libraries/tikzlibraryshapes.geometric.code.tex"
File: tikzlibraryshapes.geometric.code.tex 2019/05/09 v3.1.3 (3.1.3)

("C:/Users/Michael Schilling/AppData/Roaming/MiKTeX/2.9/tex/generic/pgf/librari
es/shapes/pgflibraryshapes.geometric.code.tex"
File: pgflibraryshapes.geometric.code.tex 2019/05/09 v3.1.3 (3.1.3)
))
("C:/Users/Michael Schilling/AppData/Roaming/MiKTeX/2.9/tex/generic/pgf/fronten
dlayer/tikz/libraries/tikzlibraryshapes.misc.code.tex"
File: tikzlibraryshapes.misc.code.tex 2019/05/09 v3.1.3 (3.1.3)

("C:/Users/Michael Schilling/AppData/Roaming/MiKTeX/2.9/tex/generic/pgf/librari
es/shapes/pgflibraryshapes.misc.code.tex"
File: pgflibraryshapes.misc.code.tex 2019/05/09 v3.1.3 (3.1.3)
))
("C:/Users/Michael Schilling/AppData/Roaming/MiKTeX/2.9/tex/generic/pgf/fronten
dlayer/tikz/libraries/tikzlibraryshapes.symbols.code.tex"
File: tikzlibraryshapes.symbols.code.tex 2019/05/09 v3.1.3 (3.1.3)

("C:/Users/Michael Schilling/AppData/Roaming/MiKTeX/2.9/tex/generic/pgf/librari
es/shapes/pgflibraryshapes.symbols.code.tex"
File: pgflibraryshapes.symbols.code.tex 2019/05/09 v3.1.3 (3.1.3)
))
("C:/Users/Michael Schilling/AppData/Roaming/MiKTeX/2.9/tex/generic/pgf/fronten
dlayer/tikz/libraries/tikzlibraryshapes.arrows.code.tex"
File: tikzlibraryshapes.arrows.code.tex 2019/05/09 v3.1.3 (3.1.3)

("C:/Users/Michael Schilling/AppData/Roaming/MiKTeX/2.9/tex/generic/pgf/librari
es/shapes/pgflibraryshapes.arrows.code.tex"
File: pgflibraryshapes.arrows.code.tex 2019/05/09 v3.1.3 (3.1.3)
))
("C:/Users/Michael Schilling/AppData/Roaming/MiKTeX/2.9/tex/generic/pgf/fronten
dlayer/tikz/libraries/tikzlibraryshapes.callouts.code.tex"
("C:/Users/Michael Schilling/AppData/Roaming/MiKTeX/2.9/tex/generic/pgf/librari
es/shapes/pgflibraryshapes.callouts.code.tex"))
("C:/Users/Michael Schilling/AppData/Roaming/MiKTeX/2.9/tex/generic/pgf/fronten
dlayer/tikz/libraries/tikzlibraryshapes.multipart.code.tex"
File: tikzlibraryshapes.multipart.code.tex 2019/05/09 v3.1.3 (3.1.3)

("C:/Users/Michael Schilling/AppData/Roaming/MiKTeX/2.9/tex/generic/pgf/librari
es/shapes/pgflibraryshapes.multipart.code.tex"
File: pgflibraryshapes.multipart.code.tex 2019/05/09 v3.1.3 (3.1.3)
\pgfnodepartlowerbox=\box53
\pgfnodeparttwobox=\box54
\pgfnodepartthreebox=\box55
\pgfnodepartfourbox=\box56
\pgfnodeparttwentybox=\box57
\pgfnodepartnineteenbox=\box58
\pgfnodeparteighteenbox=\box59
\pgfnodepartseventeenbox=\box60
\pgfnodepartsixteenbox=\box61
\pgfnodepartfifteenbox=\box62
\pgfnodepartfourteenbox=\box63
\pgfnodepartthirteenbox=\box64
\pgfnodeparttwelvebox=\box65
\pgfnodepartelevenbox=\box66
\pgfnodeparttenbox=\box67
\pgfnodepartninebox=\box68
\pgfnodeparteightbox=\box69
\pgfnodepartsevenbox=\box70
\pgfnodepartsixbox=\box71
\pgfnodepartfivebox=\box72
)))
("C:/Users/Michael Schilling/AppData/Roaming/MiKTeX/2.9/tex/generic/pgf/fronten
dlayer/tikz/libraries/tikzlibraryfit.code.tex"
File: tikzlibraryfit.code.tex 2019/05/09 v3.1.3 (3.1.3)
)
("C:/Users/Michael Schilling/AppData/Roaming/MiKTeX/2.9/tex/generic/pgf/librari
es/pgflibraryintersections.code.tex"
\pgf@intersect@solutions=\count180
)
("C:/Users/Michael Schilling/AppData/Roaming/MiKTeX/2.9/tex/latex/pgfopts/pgfop
ts.sty"
Package: pgfopts 2014/07/10 v2.1a LaTeX package options with pgfkeys
\pgfopts@list@add@a@toks=\toks60
\pgfopts@list@add@b@toks=\toks61
)
("C:/Users/Michael Schilling/AppData/Roaming/MiKTeX/2.9/tex/latex/elocalloc/elo
calloc.sty"
Package: elocalloc 2016/12/15 v0.03 local allocation for LaTeX 2015+ (DPC)
)
("C:/Users/Michael Schilling/AppData/Roaming/MiKTeX/2.9/tex/latex/environ/envir
on.sty"
Package: environ 2014/05/04 v0.3 A new way to define environments

("C:/Users/Michael Schilling/AppData/Roaming/MiKTeX/2.9/tex/latex/trimspaces/tr
imspaces.sty"
Package: trimspaces 2009/09/17 v1.1 Trim spaces around a token list
))
("C:/Users/Michael Schilling/AppData/Roaming/MiKTeX/2.9/tex/latex/l3packages/xp
arse/xparse.sty"
("C:/Users/Michael Schilling/AppData/Roaming/MiKTeX/2.9/tex/latex/l3kernel/expl
3.sty"
Package: expl3 2020-01-31 L3 programming layer (loader) 

("C:/Users/Michael Schilling/AppData/Roaming/MiKTeX/2.9/tex/latex/l3kernel/expl
3-code.tex"
Package: expl3 2020-01-31 L3 programming layer (code)
\c_max_int=\count181
\l_tmpa_int=\count182
\l_tmpb_int=\count183
\g_tmpa_int=\count184
\g_tmpb_int=\count185
\l__seq_internal_a_int=\count186
\l__seq_internal_b_int=\count187
\g__kernel_prg_map_int=\count188
\c__ior_term_noprompt_ior=\count189
\c_log_iow=\count190
\l_iow_line_count_int=\count191
\l__iow_line_target_int=\count192
\l__iow_one_indent_int=\count193
\l__iow_indent_int=\count194
\c_zero_dim=\dimen331
\c_max_dim=\dimen332
\l_tmpa_dim=\dimen333
\l_tmpb_dim=\dimen334
\g_tmpa_dim=\dimen335
\g_tmpb_dim=\dimen336
\c_zero_skip=\skip72
\c_max_skip=\skip73
\l_tmpa_skip=\skip74
\l_tmpb_skip=\skip75
\g_tmpa_skip=\skip76
\g_tmpb_skip=\skip77
\c_zero_muskip=\muskip12
\c_max_muskip=\muskip13
\l_tmpa_muskip=\muskip14
\l_tmpb_muskip=\muskip15
\g_tmpa_muskip=\muskip16
\g_tmpb_muskip=\muskip17
\l_keys_choice_int=\count195
\l__intarray_loop_int=\count196
\c__intarray_sp_dim=\dimen337
\g__intarray_font_int=\count197
\c__fp_leading_shift_int=\count198
\c__fp_middle_shift_int=\count199
\c__fp_trailing_shift_int=\count266
\c__fp_big_leading_shift_int=\count267
\c__fp_big_middle_shift_int=\count268
\c__fp_big_trailing_shift_int=\count269
\c__fp_Bigg_leading_shift_int=\count270
\c__fp_Bigg_middle_shift_int=\count271
\c__fp_Bigg_trailing_shift_int=\count272
\g__fp_array_int=\count273
\l__fp_array_loop_int=\count274
\l__sort_length_int=\count275
\l__sort_min_int=\count276
\l__sort_top_int=\count277
\l__sort_max_int=\count278
\l__sort_true_max_int=\count279
\l__sort_block_int=\count280
\l__sort_begin_int=\count281
\l__sort_end_int=\count282
\l__sort_A_int=\count283
\l__sort_B_int=\count284
\l__sort_C_int=\count285
\l__str_internal_int=\count286
\l__tl_analysis_normal_int=\count287
\l__tl_analysis_index_int=\count288
\l__tl_analysis_nesting_int=\count289
\l__tl_analysis_type_int=\count290
\l__regex_internal_a_int=\count291
\l__regex_internal_b_int=\count292
\l__regex_internal_c_int=\count293
\l__regex_balance_int=\count294
\l__regex_group_level_int=\count295
\l__regex_mode_int=\count296
\c__regex_cs_in_class_mode_int=\count297
\c__regex_cs_mode_int=\count298
\l__regex_catcodes_int=\count299
\l__regex_default_catcodes_int=\count300
\c__regex_catcode_L_int=\count301
\c__regex_catcode_O_int=\count302
\c__regex_catcode_A_int=\count303
\c__regex_all_catcodes_int=\count304
\l__regex_show_lines_int=\count305
\l__regex_min_state_int=\count306
\l__regex_max_state_int=\count307
\l__regex_left_state_int=\count308
\l__regex_right_state_int=\count309
\l__regex_capturing_group_int=\count310
\l__regex_min_pos_int=\count311
\l__regex_max_pos_int=\count312
\l__regex_curr_pos_int=\count313
\l__regex_start_pos_int=\count314
\l__regex_success_pos_int=\count315
\l__regex_curr_char_int=\count316
\l__regex_curr_catcode_int=\count317
\l__regex_last_char_int=\count318
\l__regex_case_changed_char_int=\count319
\l__regex_curr_state_int=\count320
\l__regex_step_int=\count321
\l__regex_min_active_int=\count322
\l__regex_max_active_int=\count323
\l__regex_replacement_csnames_int=\count324
\l__regex_match_count_int=\count325
\l__regex_min_submatch_int=\count326
\l__regex_submatch_int=\count327
\l__regex_zeroth_submatch_int=\count328
\g__regex_trace_regex_int=\count329
\c_empty_box=\box73
\l_tmpa_box=\box74
\l_tmpb_box=\box75
\g_tmpa_box=\box76
\g_tmpb_box=\box77
\l__box_top_dim=\dimen338
\l__box_bottom_dim=\dimen339
\l__box_left_dim=\dimen340
\l__box_right_dim=\dimen341
\l__box_top_new_dim=\dimen342
\l__box_bottom_new_dim=\dimen343
\l__box_left_new_dim=\dimen344
\l__box_right_new_dim=\dimen345
\l__box_internal_box=\box78
\l__coffin_internal_box=\box79
\l__coffin_internal_dim=\dimen346
\l__coffin_offset_x_dim=\dimen347
\l__coffin_offset_y_dim=\dimen348
\l__coffin_x_dim=\dimen349
\l__coffin_y_dim=\dimen350
\l__coffin_x_prime_dim=\dimen351
\l__coffin_y_prime_dim=\dimen352
\c_empty_coffin=\box80
\l__coffin_aligned_coffin=\box81
\l__coffin_aligned_internal_coffin=\box82
\l_tmpa_coffin=\box83
\l_tmpb_coffin=\box84
\g_tmpa_coffin=\box85
\g_tmpb_coffin=\box86
\l__coffin_bounding_shift_dim=\dimen353
\l__coffin_left_corner_dim=\dimen354
\l__coffin_right_corner_dim=\dimen355
\l__coffin_bottom_corner_dim=\dimen356
\l__coffin_top_corner_dim=\dimen357
\l__coffin_scaled_total_height_dim=\dimen358
\l__coffin_scaled_width_dim=\dimen359
\c__coffin_empty_coffin=\box87
\l__coffin_display_coffin=\box88
\l__coffin_display_coord_coffin=\box89
\l__coffin_display_pole_coffin=\box90
\l__coffin_display_offset_dim=\dimen360
\l__coffin_display_x_dim=\dimen361
\l__coffin_display_y_dim=\dimen362
\g__char_data_ior=\read3

("C:/Users/Michael Schilling/AppData/Roaming/MiKTeX/2.9/tex/latex/l3kernel/l3de
precation.def"
File: l3deprecation.def 2019-04-06 v L3 Deprecated functions
))
("C:/Users/Michael Schilling/AppData/Roaming/MiKTeX/2.9/tex/latex/l3backend/l3b
ackend-pdfmode.def"
File: l3backend-pdfmode.def 2019-04-06 L3 backend support: PDF mode
\l__kernel_color_stack_int=\count330
\l__pdf_internal_box=\box91
))
Package: xparse 2020-01-12 L3 Experimental document command parser
\l__xparse_current_arg_int=\count331
\g__xparse_grabber_int=\count332
\l__xparse_m_args_int=\count333
\l__xparse_v_nesting_int=\count334
)
("C:/Users/Michael Schilling/AppData/Roaming/MiKTeX/2.9/tex/latex/inlinedef/inl
inedef.sty"
Package: inlinedef 2008/07/10 v1.0 Inlined expansions within definitions
\ID@toks=\toks62
\ID@count=\count335
)
\ID@usercommands=\toks63
\safeloop@depth=\count336
\safeRKloop@depth=\count337
\forest@temp@dimen=\dimen363
\forest@temp@count=\count338
\forest@n=\count339
\forest@temp@global@count=\count340
\forest@temp@toks=\toks64
\forest@temparray@M=\count341
\forest@temparray@N=\count342
\forest@global@temparray@M=\count343
\forest@global@temparray@N=\count344
\forest@isnum@count=\count345
\forest@isdim@nonintpart=\count346
\forest@isdim@dimen=\dimen364
\forest@sort@m=\count347
\forest@sort@k=\count348
\forest@sort@p=\count349
\bracket@content=\toks65
\bracket@afterthought=\toks66
\forest@node@maxid=\count350
\forest@process@left@M=\count351
\forest@process@left@N=\count352
\forest@process@right@M=\count353
\forest@process@right@N=\count354
\forest@process@saved@M=\count355
\forest@process@saved@N=\count356
\forest@process@result@M=\count357
\forest@process@result@N=\count358
\forest@process@n=\count359
\forest@nodewalk@branch@toks=\toks67
\forest@nodewalk@shortsteps@resolution=\toks68
\forest@do@dynamics=\toks69
\forest@box=\box92
\forest@xg=\dimen365
\forest@yg=\dimen366
\forest@xs=\dimen367
\forest@ys=\dimen368
\forest@pi@toks=\toks70
\forest@segment@toks=\toks71
\forest@PIi@toks=\toks72
\forest@PIii@toks=\toks73
\forest@copy@in=\read4
\forest@copy@out=\write5

("C:/Users/Michael Schilling/AppData/Roaming/MiKTeX/2.9/tex/latex/pgf/frontendl
ayer/libraries/tikzlibraryexternal.code.tex"
("C:/Users/Michael Schilling/AppData/Roaming/MiKTeX/2.9/tex/latex/pdftexcmds/pd
ftexcmds.sty"
Package: pdftexcmds 2019/11/24 v0.31 Utility functions of pdfTeX for LuaTeX (HO)

("C:/Program Files/MiKTeX 2.9/tex/generic/oberdiek/infwarerr.sty"
Package: infwarerr 2016/05/16 v1.4 Providing info/warning/error messages (HO)
) ("C:/Program Files/MiKTeX 2.9/tex/generic/oberdiek/ltxcmds.sty"
Package: ltxcmds 2016/05/16 v1.23 LaTeX kernel commands for general use (HO)
)
Package pdftexcmds Info: \pdf@primitive is available.
Package pdftexcmds Info: \pdf@ifprimitive is available.
Package pdftexcmds Info: \pdfdraftmode found.
\pdftexcmds@toks=\toks74
) ("C:/Program Files/MiKTeX 2.9/tex/latex/oberdiek/atveryend.sty"
Package: atveryend 2016/05/16 v1.9 Hooks at the very end of document (HO)
)
("C:/Users/Michael Schilling/AppData/Roaming/MiKTeX/2.9/tex/generic/pgf/fronten
dlayer/tikz/libraries/tikzexternalshared.code.tex"))
\forest@externalize@max@outer@n=\count360
\forest@externalize@inner@n=\count361
)
("C:/Users/Michael Schilling/AppData/Roaming/MiKTeX/2.9/tex/latex/xcharter/XCha
rter.sty"
Package: XCharter 2019/11/21 v1.203

`XCharter' v1.203, 2019/11/21 Text macros for XCharter, an extension of Charter
 (msharpe) ("C:/Program Files/MiKTeX 2.9/tex/latex/base/fontenc.sty"
Package: fontenc 2018/08/11 v2.0j Standard LaTeX package
("C:/Program Files/MiKTeX 2.9/tex/latex/cyrillic/t2aenc.def"
File: t2aenc.def 2005/09/27 v1.0i Cyrillic encoding definition file
)
("C:/Users/Michael Schilling/AppData/Roaming/MiKTeX/2.9/tex/latex/ly1/ly1enc.de
f"
File: ly1enc.def 2009/07/22 v0.7 TeX 'n ANSI encoding (DPC/KB)
) ("C:/Program Files/MiKTeX 2.9/tex/latex/base/t1enc.def"
File: t1enc.def 2018/08/11 v2.0j Standard LaTeX file
LaTeX Font Info:    Redeclaring font encoding T1 on input line 48.
)
LaTeX Font Info:    Try loading font information for T1+ptm on input line 105.
("C:/Program Files/MiKTeX 2.9/tex/latex/psnfss/t1ptm.fd"
File: t1ptm.fd 2001/06/04 font definitions for T1/ptm.
)) ("C:/Program Files/MiKTeX 2.9/tex/latex/base/textcomp.sty"
Package: textcomp 2018/08/11 v2.0j Standard LaTeX package
Package textcomp Info: Sub-encoding information:
(textcomp)               5 = only ISO-Adobe without \textcurrency
(textcomp)               4 = 5 + \texteuro
(textcomp)               3 = 4 + \textohm
(textcomp)               2 = 3 + \textestimated + \textcurrency
(textcomp)               1 = TS1 - \textcircled - \t
(textcomp)               0 = TS1 (full)
(textcomp)             Font families with sub-encoding setting implement
(textcomp)             only a restricted character set as indicated.
(textcomp)             Family '?' is the default used for unknown fonts.
(textcomp)             See the documentation for details.
Package textcomp Info: Setting ? sub-encoding to TS1/1 on input line 79.
("C:/Program Files/MiKTeX 2.9/tex/latex/base/ts1enc.def"
File: ts1enc.def 2001/06/05 v3.0e (jk/car/fm) Standard LaTeX file
LaTeX Font Info:    Redeclaring font encoding TS1 on input line 47.
)
LaTeX Info: Redefining \oldstylenums on input line 334.
Package textcomp Info: Setting cmr sub-encoding to TS1/0 on input line 349.
Package textcomp Info: Setting cmss sub-encoding to TS1/0 on input line 350.
Package textcomp Info: Setting cmtt sub-encoding to TS1/0 on input line 351.
Package textcomp Info: Setting cmvtt sub-encoding to TS1/0 on input line 352.
Package textcomp Info: Setting cmbr sub-encoding to TS1/0 on input line 353.
Package textcomp Info: Setting cmtl sub-encoding to TS1/0 on input line 354.
Package textcomp Info: Setting ccr sub-encoding to TS1/0 on input line 355.
Package textcomp Info: Setting ptm sub-encoding to TS1/4 on input line 356.
Package textcomp Info: Setting pcr sub-encoding to TS1/4 on input line 357.
Package textcomp Info: Setting phv sub-encoding to TS1/4 on input line 358.
Package textcomp Info: Setting ppl sub-encoding to TS1/3 on input line 359.
Package textcomp Info: Setting pag sub-encoding to TS1/4 on input line 360.
Package textcomp Info: Setting pbk sub-encoding to TS1/4 on input line 361.
Package textcomp Info: Setting pnc sub-encoding to TS1/4 on input line 362.
Package textcomp Info: Setting pzc sub-encoding to TS1/4 on input line 363.
Package textcomp Info: Setting bch sub-encoding to TS1/4 on input line 364.
Package textcomp Info: Setting put sub-encoding to TS1/5 on input line 365.
Package textcomp Info: Setting uag sub-encoding to TS1/5 on input line 366.
Package textcomp Info: Setting ugq sub-encoding to TS1/5 on input line 367.
Package textcomp Info: Setting ul8 sub-encoding to TS1/4 on input line 368.
Package textcomp Info: Setting ul9 sub-encoding to TS1/4 on input line 369.
Package textcomp Info: Setting augie sub-encoding to TS1/5 on input line 370.
Package textcomp Info: Setting dayrom sub-encoding to TS1/3 on input line 371.
Package textcomp Info: Setting dayroms sub-encoding to TS1/3 on input line 372.
Package textcomp Info: Setting pxr sub-encoding to TS1/0 on input line 373.
Package textcomp Info: Setting pxss sub-encoding to TS1/0 on input line 374.
Package textcomp Info: Setting pxtt sub-encoding to TS1/0 on input line 375.
Package textcomp Info: Setting txr sub-encoding to TS1/0 on input line 376.
Package textcomp Info: Setting txss sub-encoding to TS1/0 on input line 377.
Package textcomp Info: Setting txtt sub-encoding to TS1/0 on input line 378.
Package textcomp Info: Setting lmr sub-encoding to TS1/0 on input line 379.
Package textcomp Info: Setting lmdh sub-encoding to TS1/0 on input line 380.
Package textcomp Info: Setting lmss sub-encoding to TS1/0 on input line 381.
Package textcomp Info: Setting lmssq sub-encoding to TS1/0 on input line 382.
Package textcomp Info: Setting lmvtt sub-encoding to TS1/0 on input line 383.
Package textcomp Info: Setting lmtt sub-encoding to TS1/0 on input line 384.
Package textcomp Info: Setting qhv sub-encoding to TS1/0 on input line 385.
Package textcomp Info: Setting qag sub-encoding to TS1/0 on input line 386.
Package textcomp Info: Setting qbk sub-encoding to TS1/0 on input line 387.
Package textcomp Info: Setting qcr sub-encoding to TS1/0 on input line 388.
Package textcomp Info: Setting qcs sub-encoding to TS1/0 on input line 389.
Package textcomp Info: Setting qpl sub-encoding to TS1/0 on input line 390.
Package textcomp Info: Setting qtm sub-encoding to TS1/0 on input line 391.
Package textcomp Info: Setting qzc sub-encoding to TS1/0 on input line 392.
Package textcomp Info: Setting qhvc sub-encoding to TS1/0 on input line 393.
Package textcomp Info: Setting futs sub-encoding to TS1/4 on input line 394.
Package textcomp Info: Setting futx sub-encoding to TS1/4 on input line 395.
Package textcomp Info: Setting futj sub-encoding to TS1/4 on input line 396.
Package textcomp Info: Setting hlh sub-encoding to TS1/3 on input line 397.
Package textcomp Info: Setting hls sub-encoding to TS1/3 on input line 398.
Package textcomp Info: Setting hlst sub-encoding to TS1/3 on input line 399.
Package textcomp Info: Setting hlct sub-encoding to TS1/5 on input line 400.
Package textcomp Info: Setting hlx sub-encoding to TS1/5 on input line 401.
Package textcomp Info: Setting hlce sub-encoding to TS1/5 on input line 402.
Package textcomp Info: Setting hlcn sub-encoding to TS1/5 on input line 403.
Package textcomp Info: Setting hlcw sub-encoding to TS1/5 on input line 404.
Package textcomp Info: Setting hlcf sub-encoding to TS1/5 on input line 405.
Package textcomp Info: Setting pplx sub-encoding to TS1/3 on input line 406.
Package textcomp Info: Setting pplj sub-encoding to TS1/3 on input line 407.
Package textcomp Info: Setting ptmx sub-encoding to TS1/4 on input line 408.
Package textcomp Info: Setting ptmj sub-encoding to TS1/4 on input line 409.
)
("C:/Users/Michael Schilling/AppData/Roaming/MiKTeX/2.9/tex/latex/mweights/mwei
ghts.sty"
Package: mweights 2017/03/30 (Bob Tennent) Support package for multiple-weight f
ont packages. 
LaTeX Info: Redefining \bfseries on input line 22.
LaTeX Info: Redefining \mdseries on input line 30.
LaTeX Info: Redefining \rmfamily on input line 38.
LaTeX Info: Redefining \sffamily on input line 66.
LaTeX Info: Redefining \ttfamily on input line 94.
)
("C:/Users/Michael Schilling/AppData/Roaming/MiKTeX/2.9/tex/latex/fontaxes/font
axes.sty"
Package: fontaxes 2014/03/23 v1.0d Font selection axes
LaTeX Info: Redefining \upshape on input line 29.
LaTeX Info: Redefining \itshape on input line 31.
LaTeX Info: Redefining \slshape on input line 33.
LaTeX Info: Redefining \scshape on input line 37.
) ("C:/Program Files/MiKTeX 2.9/tex/latex/xkeyval/xkeyval.sty"
Package: xkeyval 2014/12/03 v2.7a package option processing (HA)
("C:/Program Files/MiKTeX 2.9/tex/generic/xkeyval/xkeyval.tex" ("C:/Program Fil
es/MiKTeX 2.9/tex/generic/xkeyval/xkvutils.tex"
\XKV@toks=\toks75
\XKV@tempa@toks=\toks76
)
\XKV@depth=\count362
File: xkeyval.tex 2014/12/03 v2.7a key=value parser (HA)
)))
No auxiliary output files.

Package TikZ externalization: calling \geometry{driver=none} during externalizat
ion.

)
Package csquotes Info: Checking for multilingual support...
Package csquotes Info: ... found 'babel' package.
LaTeX Font Info:    Try loading font information for T1+XCharter-TLF on input li
ne 12.

("C:/Users/Michael Schilling/AppData/Roaming/MiKTeX/2.9/tex/latex/xcharter/t1xc
harter-tlf.fd"
File: T1XCharter-TLF.fd 2017/06/25 (autoinst) Font definitions for T1/XCharter-T
LF.
)
LaTeX Font Info:    Font shape `T1/XCharter-TLF/m/n' will be
(Font)              scaled to size 10.0pt on input line 12.
No file Cached/Circuits-cz_markov.tex.aux.
LaTeX Font Info:    Checking defaults for OML/cmm/m/it on input line 12.
LaTeX Font Info:    ... okay on input line 12.
LaTeX Font Info:    Checking defaults for T1/cmr/m/n on input line 12.
LaTeX Font Info:    ... okay on input line 12.
LaTeX Font Info:    Checking defaults for OT1/cmr/m/n on input line 12.
LaTeX Font Info:    ... okay on input line 12.
LaTeX Font Info:    Checking defaults for OMS/cmsy/m/n on input line 12.
LaTeX Font Info:    ... okay on input line 12.
LaTeX Font Info:    Checking defaults for TU/lmr/m/n on input line 12.
LaTeX Font Info:    ... okay on input line 12.
LaTeX Font Info:    Checking defaults for OMX/cmex/m/n on input line 12.
LaTeX Font Info:    ... okay on input line 12.
LaTeX Font Info:    Checking defaults for U/cmr/m/n on input line 12.
LaTeX Font Info:    ... okay on input line 12.
LaTeX Font Info:    Checking defaults for TS1/cmr/m/n on input line 12.
LaTeX Font Info:    ... okay on input line 12.
LaTeX Font Info:    Checking defaults for T2A/cmr/m/n on input line 12.
LaTeX Font Info:    Try loading font information for T2A+cmr on input line 12.
("C:/Program Files/MiKTeX 2.9/tex/latex/cyrillic/t2acmr.fd"
File: t2acmr.fd 2001/08/11 v1.0a Computer Modern Cyrillic font definitions
)
LaTeX Font Info:    ... okay on input line 12.
LaTeX Font Info:    Checking defaults for LY1/ptm/m/n on input line 12.
LaTeX Font Info:    Try loading font information for LY1+ptm on input line 12.
("C:/Users/Michael Schilling/AppData/Roaming/MiKTeX/2.9/tex/latex/ly1/ly1ptm.fd
"
File: ly1ptm.fd 2001/02/01 font definitions for LY1/ptm using Berry names.
)
LaTeX Font Info:    ... okay on input line 12.
LaTeX Info: Redefining \microtypecontext on input line 12.
Package microtype Info: Generating PDF output.
Package microtype Info: Character protrusion enabled (level 2).
Package microtype Info: Using default protrusion set `alltext'.
Package microtype Info: Automatic font expansion enabled (level 2),
(microtype)             stretch: 20, shrink: 20, step: 1, non-selected.
Package microtype Info: Using default expansion set `basictext'.
Package microtype Info: No adjustment of tracking.
Package microtype Info: No adjustment of spacing.
Package microtype Info: No adjustment of kerning.

("C:/Users/Michael Schilling/AppData/Roaming/MiKTeX/2.9/tex/latex/microtype/mt-
bch.cfg"
File: mt-bch.cfg 2007/03/03 v1.5 microtype config. file: Bitstream Charter (RS)
)
("C:/Users/Michael Schilling/AppData/Roaming/MiKTeX/2.9/tex/context/base/mkii/s
upp-pdf.mkii"
[Loading MPS to PDF converter (version 2006.09.02).]
\scratchcounter=\count363
\scratchdimen=\dimen369
\scratchbox=\box93
\nofMPsegments=\count364
\nofMParguments=\count365
\everyMPshowfont=\toks77
\MPscratchCnt=\count366
\MPscratchDim=\dimen370
\MPnumerator=\count367
\makeMPintoPDFobject=\count368
\everyMPtoPDFconversion=\toks78
) ("C:/Program Files/MiKTeX 2.9/tex/latex/oberdiek/epstopdf-base.sty"
Package: epstopdf-base 2016/05/15 v2.6 Base part for package epstopdf
("C:/Program Files/MiKTeX 2.9/tex/latex/oberdiek/grfext.sty"
Package: grfext 2016/05/16 v1.2 Manage graphics extensions (HO)
("C:/Program Files/MiKTeX 2.9/tex/generic/oberdiek/kvdefinekeys.sty"
Package: kvdefinekeys 2016/05/16 v1.4 Define keys (HO)
)) ("C:/Program Files/MiKTeX 2.9/tex/latex/oberdiek/kvoptions.sty"
Package: kvoptions 2016/05/16 v3.12 Key value format for package options (HO)
("C:/Program Files/MiKTeX 2.9/tex/generic/oberdiek/kvsetkeys.sty"
Package: kvsetkeys 2016/05/16 v1.17 Key value parser (HO)
("C:/Program Files/MiKTeX 2.9/tex/generic/oberdiek/etexcmds.sty"
Package: etexcmds 2016/05/16 v1.6 Avoid name clashes with e-TeX commands (HO)

("C:/Users/Michael Schilling/AppData/Roaming/MiKTeX/2.9/tex/generic/iftex/iflua
tex.sty"
Package: ifluatex 2019/10/25 v1.5 ifluatex legacy package. Use iftex instead.
))))
Package epstopdf-base Info: Redefining graphics rule for `.eps' on input line 43
8.
Package grfext Info: Graphics extension search list:
(grfext)             [.pdf,.png,.jpg,.mps,.jpeg,.jbig2,.jb2,.PDF,.PNG,.JPG,.JPEG
,.JBIG2,.JB2,.eps]
(grfext)             \AppendGraphicsExtensions on input line 456.
)
Package caption Info: Begin \AtBeginDocument code.
Package caption Info: listings package is loaded.
Package caption Info: rotating package is loaded.
Package caption Info: End \AtBeginDocument code.
Package lastpage Info: Please have a look at the pageslts package at
(lastpage)             https://www.ctan.org/pkg/pageslts
(lastpage)             ! on input line 12.
LaTeX Font Info:    Try loading font information for OT1+ppl on input line 12.
("C:/Program Files/MiKTeX 2.9/tex/latex/psnfss/ot1ppl.fd"
File: ot1ppl.fd 2001/06/04 font definitions for OT1/ppl.
)
("C:/Users/Michael Schilling/AppData/Roaming/MiKTeX/2.9/tex/latex/microtype/mt-
ppl.cfg"
File: mt-ppl.cfg 2005/11/16 v1.6 microtype config. file: Palatino (RS)
)
LaTeX Font Info:    Try loading font information for OML+zplm on input line 12.
("C:/Program Files/MiKTeX 2.9/tex/latex/psnfss/omlzplm.fd"
File: omlzplm.fd 2002/09/08 Fontinst v1.914 font definitions for OML/zplm.
)
LaTeX Font Info:    Try loading font information for OMS+zplm on input line 12.
("C:/Program Files/MiKTeX 2.9/tex/latex/psnfss/omszplm.fd"
File: omszplm.fd 2002/09/08 Fontinst v1.914 font definitions for OMS/zplm.
)
LaTeX Font Info:    Try loading font information for OMX+zplm on input line 12.
("C:/Program Files/MiKTeX 2.9/tex/latex/psnfss/omxzplm.fd"
File: omxzplm.fd 2002/09/08 Fontinst v1.914 font definitions for OMX/zplm.
)
LaTeX Font Info:    Try loading font information for U+msa on input line 12.
("C:/Program Files/MiKTeX 2.9/tex/latex/amsfonts/umsa.fd"
File: umsa.fd 2013/01/14 v3.01 AMS symbols A
)
("C:/Users/Michael Schilling/AppData/Roaming/MiKTeX/2.9/tex/latex/microtype/mt-
msa.cfg"
File: mt-msa.cfg 2006/02/04 v1.1 microtype config. file: AMS symbols (a) (RS)
)
LaTeX Font Info:    Try loading font information for U+msb on input line 12.
("C:/Program Files/MiKTeX 2.9/tex/latex/amsfonts/umsb.fd"
File: umsb.fd 2013/01/14 v3.01 AMS symbols B
)
("C:/Users/Michael Schilling/AppData/Roaming/MiKTeX/2.9/tex/latex/microtype/mt-
msb.cfg"
File: mt-msb.cfg 2005/06/01 v1.0 microtype config. file: AMS symbols (b) (RS)
)
LaTeX Font Info:    Try loading font information for OT1+zplm on input line 12.
("C:/Program Files/MiKTeX 2.9/tex/latex/psnfss/ot1zplm.fd"
File: ot1zplm.fd 2002/09/08 Fontinst v1.914 font definitions for OT1/zplm.
)
Package microtype Info: Loading generic protrusion settings for font family
(microtype)             `zplm' (encoding: OT1).
(microtype)             For optimal results, create family-specific settings.
(microtype)             See the microtype manual for details.
Package xypdf Info: Line width: 0.4pt on input line 12.
ABD: EveryShipout initializing macros

Package pgfplots Warning: running in backwards compatibility mode (unsuitable ti
ck labels; missing features). Consider writing \pgfplotsset{compat=1.16} into yo
ur preamble.
 on input line 12.

*geometry* detected driver: <none>
*geometry* verbose mode - [ preamble ] result:
* driver: \Gm@driver 
* paper: a4paper
* layout: <same size as paper>
* layoutoffset:(h,v)=(0.0pt,0.0pt)
* modes: includehead includefoot 
* h-part:(L,W,R)=(56.9055pt, 483.69687pt, 56.9055pt)
* v-part:(T,H,B)=(28.45274pt, 773.91498pt, 42.67912pt)
* \paperwidth=597.50787pt
* \paperheight=845.04684pt
* \textwidth=483.69687pt
* \textheight=706.91498pt
* \oddsidemargin=-15.36449pt
* \evensidemargin=-15.36449pt
* \topmargin=-43.81725pt
* \headheight=12.0pt
* \headsep=25.0pt
* \topskip=10.0pt
* \footskip=30.0pt
* \marginparwidth=4.0pt
* \marginparsep=10.0pt
* \columnsep=19.91692pt
* \skip\footins=9.0pt plus 4.0pt minus 2.0pt
* \hoffset=0.0pt
* \voffset=0.0pt
* \mag=1000
* \@twocolumntrue
* \@twosidefalse
* \@mparswitchfalse
* \@reversemarginfalse
* (1in=72.27pt=25.4mm, 1cm=28.453pt)

\c@lstlisting=\count369
(./How_To_Quantum_Simulator.aux.copy

LaTeX Warning: Label `fig:circ_c4u' multiply defined.

) (./How_To_Quantum_Simulator.for)
\c@mv@tabular=\count370
\c@mv@boldtabular=\count371
LaTeX Font Info:    Try loading font information for OT1+phv on input line 14.
("C:/Program Files/MiKTeX 2.9/tex/latex/psnfss/ot1phv.fd"
File: ot1phv.fd 2001/06/04 scalable font definitions for OT1/phv.
)
Package microtype Info: Loading generic protrusion settings for font family
(microtype)             `phv' (encoding: OT1).
(microtype)             For optimal results, create family-specific settings.
(microtype)             See the microtype manual for details.
LaTeX Font Info:    Font shape `T1/XCharter-TLF/m/n' will be
(Font)              scaled to size 12.0pt on input line 14.
LaTeX Font Info:    Font shape `U/msa/m/n' will be
(Font)              scaled to size 12.50409pt on input line 14.
LaTeX Font Info:    Font shape `U/msa/m/n' will be
(Font)              scaled to size 9.37807pt on input line 14.
LaTeX Font Info:    Font shape `U/msa/m/n' will be
(Font)              scaled to size 7.29405pt on input line 14.
LaTeX Font Info:    Font shape `U/msb/m/n' will be
(Font)              scaled to size 12.50409pt on input line 14.
LaTeX Font Info:    Font shape `U/msb/m/n' will be
(Font)              scaled to size 9.37807pt on input line 14.
LaTeX Font Info:    Font shape `U/msb/m/n' will be
(Font)              scaled to size 7.29405pt on input line 14.
LaTeX Font Info:    Font shape `T1/XCharter-TLF/m/n' will be
(Font)              scaled to size 7.6pt on input line 14.
LaTeX Font Info:    Font shape `T1/XCharter-TLF/m/n' will be
(Font)              scaled to size 8.0pt on input line 14.

Underfull \hbox (badness 10000) in paragraph at lines 14--14

 []

LaTeX Font Info:    Font shape `T1/XCharter-TLF/m/sc' will be
(Font)              scaled to size 10.0pt on input line 18.
LaTeX Font Info:    Font shape `T1/XCharter-TLF/m/n' will be
(Font)              scaled to size 28.94pt on input line 18.
LaTeX Font Info:    Font shape `T1/XCharter-TLF/m/n' will be
(Font)              scaled to size 42.55861pt on input line 18.
Package lettrine.sty Info: Targeted height = 28.94pt
(lettrine.sty)             (no accent, loversize=0),
(lettrine.sty)             Lettrine height = 28.93987pt (\color {DarkGoldenrod}{
T});
(lettrine.sty)             reported on input line 18.
LaTeX Font Info:    Font shape `T1/XCharter-TLF/b/n' will be
(Font)              scaled to size 10.0pt on input line 18.
LaTeX Font Info:    Font shape `T1/XCharter-TLF/m/n' will be
(Font)              scaled to size 14.4pt on input line 21.
LaTeX Font Info:    Font shape `T1/XCharter-TLF/b/n' will be
(Font)              scaled to size 14.4pt on input line 21.
LaTeX Font Info:    Font shape `T1/XCharter-TLF/m/it' will be
(Font)              scaled to size 10.0pt on input line 22.
LaTeX Font Info:    Try loading font information for T1+lmtt on input line 23.
("C:/Program Files/MiKTeX 2.9/tex/latex/lm/t1lmtt.fd"
File: t1lmtt.fd 2009/10/30 v1.6 Font defs for Latin Modern
)
Package microtype Info: Loading generic protrusion settings for font family
(microtype)             `lmtt' (encoding: T1).
(microtype)             For optimal results, create family-specific settings.
(microtype)             See the microtype manual for details.
(./Folder_Forest/overview.tex)
LaTeX Font Info:    Font shape `T1/XCharter-TLF/m/n' will be
(Font)              scaled to size 9.0pt on input line 29.
LaTeX Font Info:    Font shape `T1/XCharter-TLF/b/n' will be
(Font)              scaled to size 9.0pt on input line 29.
LaTeX Font Info:    Font shape `T1/XCharter-TLF/m/it' will be
(Font)              scaled to size 9.0pt on input line 29.
LaTeX Font Info:    Try loading font information for TS1+XCharter-TLF on input l
ine 36.

("C:/Users/Michael Schilling/AppData/Roaming/MiKTeX/2.9/tex/latex/xcharter/ts1x
charter-tlf.fd"
File: TS1XCharter-TLF.fd 2017/06/25 (autoinst) Font definitions for TS1/XCharter
-TLF.
)
LaTeX Font Info:    Font shape `TS1/XCharter-TLF/m/n' will be
(Font)              scaled to size 10.0pt on input line 36.
Package microtype Info: Character `textlbrackdbl ' is missing
(microtype)             in font `TS1/XCharter-TLF/m/n/10'.
(microtype)             Ignoring protrusion settings for this character.
Package microtype Info: Character `textrbrackdbl ' is missing
(microtype)             in font `TS1/XCharter-TLF/m/n/10'.
(microtype)             Ignoring protrusion settings for this character.
Package microtype Info: Character `texttildelow ' is missing
(microtype)             in font `TS1/XCharter-TLF/m/n/10'.
(microtype)             Ignoring protrusion settings for this character.

Underfull \hbox (badness 1590) in paragraph at lines 46--47
\T1/XCharter-TLF/m/n/10 of a (gate) struc-ture (from now on these ar-ray
 []


Underfull \hbox (badness 10000) in paragraph at lines 46--47

 []


Underfull \vbox (badness 1953) has occurred while \output is active []


Underfull \hbox (badness 10000) in paragraph at lines 54--55

 []


Underfull \hbox (badness 10000) in paragraph at lines 56--57

 []


Underfull \hbox (badness 10000) in paragraph at lines 64--65

 []


Underfull \hbox (badness 10000) in paragraph at lines 66--67

 []


Underfull \hbox (badness 10000) in paragraph at lines 68--69

 []


Underfull \hbox (badness 10000) in paragraph at lines 70--71

 []


Underfull \hbox (badness 10000) in paragraph at lines 72--73

 []


Underfull \hbox (badness 10000) in paragraph at lines 74--75

 []


Underfull \hbox (badness 1152) in paragraph at lines 76--77
[]$\T1/lmtt/b/n/10 fun_vars$ []\T1/XCharter-TLF/m/n/10 Ad-di-tional def-i-ni-ti
on of the vari-ables
 []


Underfull \hbox (badness 10000) in paragraph at lines 76--77

 []


Underfull \hbox (badness 10000) in paragraph at lines 78--79

 []


Underfull \hbox (badness 10000) in paragraph at lines 80--81

 []


Underfull \hbox (badness 10000) in paragraph at lines 82--83

 []


Underfull \hbox (badness 10000) in paragraph at lines 84--85

 []


Underfull \hbox (badness 2469) in paragraph at lines 86--87
\T1/XCharter-TLF/m/n/10 can have pa-ram-e-ters (like the con-tin-u-ous Pauli
 []


Underfull \hbox (badness 10000) in paragraph at lines 86--87

 []


Underfull \hbox (badness 10000) in paragraph at lines 88--89

 []


Underfull \hbox (badness 3354) in paragraph at lines 90--91
[]$\T1/lmtt/b/n/10 circuit_subs$ []\T1/XCharter-TLF/m/n/10 Sub-sti-tu-tions for
 the strings in
 []


Underfull \hbox (badness 10000) in paragraph at lines 90--91

 []


Underfull \hbox (badness 2452) in paragraph at lines 92--93
\T1/XCharter-TLF/m/n/10 de-com-po-si-tion are de-fined in the cor-re-spond-ing
 []


Underfull \hbox (badness 10000) in paragraph at lines 92--93

 []


Underfull \hbox (badness 10000) in paragraph at lines 97--98

 []


Underfull \vbox (badness 7151) has occurred while \output is active []


Underfull \hbox (badness 2726) in paragraph at lines 99--100
\T1/XCharter-TLF/m/n/10 ex-pand-ing the gates ma-trix rep-re-sen-ta-tion onto
 []


Underfull \hbox (badness 10000) in paragraph at lines 99--100

 []


Underfull \hbox (badness 10000) in paragraph at lines 101--102

 []


Underfull \hbox (badness 10000) in paragraph at lines 103--104
[]$\T1/lmtt/b/n/10 Expansion2Matrix.m$ []\T1/XCharter-TLF/m/n/10 Cre-ates a ma-
trix from
 []


Underfull \hbox (badness 10000) in paragraph at lines 103--104
\T1/XCharter-TLF/m/n/10 a gate, that has been pre-pro-cessed with
 []


Underfull \hbox (badness 10000) in paragraph at lines 103--104
\T1/lmtt/m/n/10 Gates_Tables_Prepare.m$\T1/XCharter-TLF/m/n/10 . Pre-pro-cessed
 gates
 []


Underfull \hbox (badness 2005) in paragraph at lines 103--104
\T1/XCharter-TLF/m/n/10 con-tain ad-di-tional pa-ram-e-ters ($\T1/lmtt/m/n/10 e
xp_steps.index$\T1/XCharter-TLF/m/n/10 ,
 []


Underfull \hbox (badness 10000) in paragraph at lines 103--104
\T1/lmtt/m/n/10 exp_steps.matrix$\T1/XCharter-TLF/m/n/10 , $\T1/lmtt/m/n/10 exp
_steps.param$ \T1/XCharter-TLF/m/n/10 &
 []


Underfull \hbox (badness 10000) in paragraph at lines 103--104

 []


Underfull \hbox (badness 10000) in paragraph at lines 105--106

 []


Underfull \hbox (badness 10000) in paragraph at lines 107--108
[]$\T1/lmtt/b/n/10 Noisy_Expansion2Matrix.m$ []\T1/XCharter-TLF/m/n/10 A vari-a
nt of
 []


Underfull \hbox (badness 10000) in paragraph at lines 107--108
\T1/lmtt/m/n/10 Expansion2Matrix.m$\T1/XCharter-TLF/m/n/10 , that re-quires an 
in-put
 []


Underfull \hbox (badness 10000) in paragraph at lines 107--108

 []

(./Circuits/PU_5.tex
A tikzpicture has been optimized away. Use '/tikz/external/optimize=false' to di
sable this.
)
LaTeX Font Info:    Font shape `U/msa/m/n' will be
(Font)              scaled to size 5.21004pt on input line 115.
LaTeX Font Info:    Font shape `U/msb/m/n' will be
(Font)              scaled to size 5.21004pt on input line 115.
LaTeX Font Info:    Font shape `T1/XCharter-TLF/b/n' will be
(Font)              scaled to size 12.0pt on input line 118.

Underfull \hbox (badness 1102) in paragraph at lines 119--120
\T1/XCharter-TLF/m/n/10 A first ex-am-ple can be cre-ated via the pro-gram
 []


Underfull \hbox (badness 10000) in paragraph at lines 119--120
\T1/lmtt/m/n/10 \Representation\0_Circuits\Test\test_Gate_
 []


Underfull \hbox (badness 1320) in paragraph at lines 119--120
\T1/XCharter-TLF/m/n/10 Af-ter-wards it gets au-to-mat-i-cally com-piled into a

 []


Underfull \hbox (badness 10000) in paragraph at lines 119--120

 []


Underfull \hbox (badness 2134) in paragraph at lines 125--126
\T1/XCharter-TLF/m/n/10 The sub-folder $\T1/lmtt/m/n/10 0_Matrices$ \T1/XCharte
r-TLF/m/n/10 con-tains a va-ri-ety of
 []


Underfull \hbox (badness 10000) in paragraph at lines 125--126

 []

(./Circuits/name.tex
A tikzpicture has been optimized away. Use '/tikz/external/optimize=false' to di
sable this.
) (./Circuits/cz_markov.tex [5

{C:/Users/Michael Schilling/AppData/Local/MiKTeX/2.9/pdftex/config/pdftex.map}]
)
Package atveryend Info: Empty hook `BeforeClearDocument' on input line 160.
Package atveryend Info: Empty hook `AfterLastShipout' on input line 160.
Package atveryend Info: Executing hook `AtVeryEndDocument' on input line 160.
Package atveryend Info: Empty hook `AtEndAfterFileList' on input line 160.
)

Here is how much of LuaTeX's memory you used:
 60344 strings out of 494291
 156273,1977958 words of node,token memory allocated
 751 words of node memory still in use:
   9 hlist, 2 vlist, 3 rule, 2 glue, 12 kern, 2 glyph, 37 attribute, 65 glue_spe
c, 21 attribute_list, 2 write, 6 pdf_colorstack nodes
   avail lists: 1:15,2:21865,3:5553,4:115,5:1530,6:33,7:6116,8:51,9:3183,10:19,1
1:432,12:1
 62562 multiletter control sequences out of 65536+200000
 206 fonts using 17461591 bytes
 65i,13n,96p,3341b,2910s stack positions out of 5000i,500n,10000p,200000b,50000s
{C:/Users/Michael Schilling/AppData/Roaming/MiKTeX/2.9/fonts/enc/dvips/xcharter/
xch_uy5hgr.enc}{C:/Program Files/MiKTeX 2.9/fonts/enc/dvips/base/8r.enc}<C:/User
s/Michael Schilling/AppData/Roaming/MiKTeX/2.9/fonts/type1/public/xcharter/XChar
ter-Roman.pfb><C:/Program Files/MiKTeX 2.9/fonts/type1/public/amsfonts/cm/cmsy10
.pfb><C:/Program Files/MiKTeX 2.9/fonts/type1/urw/palatino/uplr8a.pfb>
Output written on Cached/Circuits-cz_markov.tex.pdf (1 page, 3070193 bytes).

PDF statistics: 1479 PDF objects out of 1728 (max. 8388607)
 0 named destinations out of 1000 (max. 131072)
 5476 words of extra memory for PDF output out of 10000 (max. 100000000)

