This is LuaTeX, Version 1.10.0 (MiKTeX 2.9.7050 64-bit)  (format=lualatex 2019.6.12)  4 FEB 2020 18:16
 system commands enabled.
**\def\tikzexternalrealjob{How_To_Quantum_Simulator}\input{How_To_Quantum_Simul
ator}
Lua module: luaotfload-main 2019-05-18 2.97 luaotfload entry point
Lua module: luaotfload-init 2019-05-18 2.97 luaotfload submodule / initialization
Lua module: lualibs 2019-05-18 2.65 ConTeXt Lua standard libraries.
Lua module: lualibs-extended 2019-05-18 2.65 ConTeXt Lua libraries -- extended collection.
Lua module: luaotfload-log 2019-05-18 2.97 luaotfload submodule / logging
Lua module: luaotfload-parsers 2019-05-18 2.97 luaotfload submodule / filelist
Lua module: luaotfload-configuration 2019-05-18 2.97 luaotfload submodule / config file reader
luaotfload | conf : Root cache directory is C:/Users/Michael Schilling/AppData/Local/MiKTeX/2.9/luatex-cache/generic/names.
luaotfload | init : Loading fontloader “fontloader-2019-05-18.lua” from kpse-resolved path “C:/Program Files/MiKTeX 2.9/tex/luatex/luaotfload/fontloader-2019-05-18.lua”.
Lua-only attribute luaotfload@state = 2
Lua-only attribute luaotfload@noligature = 3
Lua-only attribute luaotfload@syllabe = 4
luaotfload | init : Context OpenType loader version “3.108”
Inserting `luaotfload.node_processor' at position 1 in `pre_linebreak_filter'.
Inserting `luaotfload.node_processor' at position 1 in `hpack_filter'.
Lua module: luaotfload-loaders 2019-05-18 2.97 luaotfload submodule / callback handling
Inserting `luaotfload.define_font' at position 1 in `define_font'.
Lua module: luaotfload-database 2019-05-18 2.97 luaotfload submodule / database
Lua module: luaotfload-colors 2019-05-18 2.97 luaotfload submodule / color
Lua-only attribute luaotfload_color_attribute = 5
Lua module: luaotfload-resolvers 2019-05-18 2.97 luaotfload submodule / resolvers
luaotfload | conf : Root cache directory is C:/Users/Michael Schilling/AppData/Local/MiKTeX/2.9/luatex-cache/generic/names.
Lua module: luaotfload-features 2019-05-18 2.97 luaotfload submodule / features
Lua module: luaotfload-letterspace 2019-05-18 2.97 luaotfload submodule / color
Lua module: luaotfload-auxiliary 2019-05-18 2.97 luaotfload submodule / auxiliary functions
Inserting `luaotfload.aux.set_sscale_dimens' at position 1 in `luaotfload.patch_font'.
Inserting `luaotfload.aux.patch_cambria_domh' at position 2 in `luaotfload.patch_font'.
Inserting `luaotfload.aux.fixup_fontdata' at position 1 in `luaotfload.patch_font_unsafe'.
Inserting `luaotfload.aux.set_capheight' at position 3 in `luaotfload.patch_font'.
Inserting `luaotfload.rewrite_fontname' at position 4 in `luaotfload.patch_font'.
luaotfload | main : initialization completed in 1.688 seconds

(./How_To_Quantum_Simulator.tex (./header.tex ("C:/Program Files/MiKTeX 2.9/tex
/latex/base/article.cls"
Document Class: article 2018/09/03 v1.4i Standard LaTeX document class
("C:/Program Files/MiKTeX 2.9/tex/latex/base/size10.clo"
File: size10.clo 2018/09/03 v1.4i Standard LaTeX file (size option)
luaotfload | db : Font names database loaded from C:/Users/Michael Schilling/App
Data/Local/MiKTeX/2.9/luatex-cache/generic/names/luaotfload-names.luc)
\c@part=\count80
\c@section=\count81
\c@subsection=\count82
\c@subsubsection=\count83
\c@paragraph=\count84
\c@subparagraph=\count85
\c@figure=\count86
\c@table=\count87
\abovecaptionskip=\skip41
\belowcaptionskip=\skip42
\bibindent=\dimen102
) ("C:/Program Files/MiKTeX 2.9/tex/latex/base/inputenc.sty"
Package: inputenc 2018/08/11 v1.3c Input encoding file
\inpenc@prehook=\toks14
\inpenc@posthook=\toks15

Package inputenc Warning: inputenc package ignored with utf8 based engines.

) ("C:/Program Files/MiKTeX 2.9/tex/generic/babel/babel.sty"
Package: babel 2019/06/03 3.32 The Babel package
("C:/Program Files/MiKTeX 2.9/tex/generic/babel/switch.def"
File: switch.def 2019/06/03 3.32 Babel switching mechanism
) ("C:/Program Files/MiKTeX 2.9/tex/generic/babel/luababel.def"
\l@afrikaans=\language2
Package babel Info: Non-standard hyphenation setup on input line 114.
\l@ancientgreek=\language3
\l@arabic=\language4
\l@armenian=\language5
\l@assamese=\language6
\l@basque=\language7
\l@belarusian=\language8
\l@bengali=\language9
\l@bokmal=\language10
\l@bulgarian=\language11
\l@catalan=\language12
\l@churchslavonic=\language13
\l@classiclatin=\language14
\l@coptic=\language15
\l@croatian=\language16
\l@czech=\language17
\l@danish=\language18
\l@dutch=\language19
\l@esperanto=\language20
\l@estonian=\language21
\l@ethiopic=\language22
\l@farsi=\language23
\l@finnish=\language24
\l@french=\language25
\l@friulan=\language26
\l@galician=\language27
\l@georgian=\language28
\l@german=\language29
\l@german-x-2019-04-04=\language30
\l@greek=\language31
\l@gujarati=\language32
\l@hindi=\language33
\l@hungarian=\language34
\l@icelandic=\language35
\l@indonesian=\language36
\l@interlingua=\language37
\l@irish=\language38
\l@italian=\language39
\l@kannada=\language40
\l@kurmanji=\language41
\l@latin=\language42
\l@latvian=\language43
\l@lithuanian=\language44
\l@liturgicallatin=\language45
\l@malayalam=\language46
\l@marathi=\language47
\l@mongolian=\language48
\l@mongolianlmc=\language49
\l@monogreek=\language50
\l@ngerman=\language51
\l@ngerman-x-2019-04-04=\language52
\l@nynorsk=\language53
\l@occitan=\language54
\l@oriya=\language55
\l@pali=\language56
\l@panjabi=\language57
\l@piedmontese=\language58
\l@polish=\language59
\l@portuguese=\language60
\l@romanian=\language61
\l@romansh=\language62
\l@russian=\language63
\l@sanskrit=\language64
\l@serbian=\language65
\l@serbianc=\language66
\l@slovak=\language67
\l@slovenian=\language68
\l@spanish=\language69
\l@swedish=\language70
\l@swissgerman=\language71
\l@tamil=\language72
\l@telugu=\language73
\l@thai=\language74
\l@turkish=\language75
\l@turkmen=\language76
\l@ukenglish=\language77
\l@ukrainian=\language78
\l@uppersorbian=\language79
\l@usenglishmax=\language80
\l@welsh=\language81
)
*************************************
* Local config file bblopts.cfg used
*

("C:/Users/Michael Schilling/AppData/Roaming/MiKTeX/2.9/tex/latex/arabi/bblopts
.cfg"
File: bblopts.cfg 2005/09/08 v0.1 add Arabic and Farsi to "declared" options of 
babel
) ("C:/Program Files/MiKTeX 2.9/tex/latex/babel-english/english.ldf"
Language: english 2017/06/06 v3.3r English support from the babel system
("C:/Program Files/MiKTeX 2.9/tex/generic/babel/babel.def"
File: babel.def 2019/06/03 3.32 Babel common definitions
\babel@savecnt=\count88
\U@D=\dimen103
("C:/Program Files/MiKTeX 2.9/tex/generic/babel/luababel.def"
\bbl@attr@locale=\attribute6
))
\l@canadian = a dialect from \language\l@american 
\l@australian = a dialect from \language\l@british 
\l@newzealand = a dialect from \language\l@british 
))
("C:/Users/Michael Schilling/AppData/Roaming/MiKTeX/2.9/tex/latex/microtype/mic
rotype.sty"
Package: microtype 2019/02/28 v2.7b Micro-typographical refinements (RS)
("C:/Program Files/MiKTeX 2.9/tex/latex/graphics/keyval.sty"
Package: keyval 2014/10/28 v1.15 key=value parser (DPC)
\KV@toks@=\toks16
)
\MT@toks=\toks17
\MT@count=\count89
LaTeX Info: Redefining \textls on input line 790.
\MT@outer@kern=\dimen104
LaTeX Info: Redefining \textmicrotypecontext on input line 1336.
\MT@listname@count=\count90

("C:/Users/Michael Schilling/AppData/Roaming/MiKTeX/2.9/tex/latex/microtype/mic
rotype-luatex.def"
File: microtype-luatex.def 2019/02/28 v2.7b Definitions specific to luatex (RS)
Module microtype Warning: overwriting function `keepligature' on input line 59
LaTeX Info: Redefining \lsstyle on input line 681.
LaTeX Info: Redefining \lslig on input line 681.
\MT@outer@space=\skip43
)
Package microtype Info: Loading configuration file microtype.cfg.

("C:/Users/Michael Schilling/AppData/Roaming/MiKTeX/2.9/tex/latex/microtype/mic
rotype.cfg"
File: microtype.cfg 2019/02/28 v2.7b microtype main configuration file (RS)
)) ("C:/Program Files/MiKTeX 2.9/tex/latex/amsmath/amsmath.sty"
Package: amsmath 2018/12/01 v2.17b AMS math features
\@mathmargin=\skip44
For additional information on amsmath, use the `?' option.
("C:/Program Files/MiKTeX 2.9/tex/latex/amsmath/amstext.sty"
Package: amstext 2000/06/29 v2.01 AMS text
("C:/Program Files/MiKTeX 2.9/tex/latex/amsmath/amsgen.sty"
File: amsgen.sty 1999/11/30 v2.0 generic functions
\@emptytoks=\toks18
\ex@=\dimen105
)) ("C:/Program Files/MiKTeX 2.9/tex/latex/amsmath/amsbsy.sty"
Package: amsbsy 1999/11/29 v1.2d Bold Symbols
\pmbraise@=\dimen106
) ("C:/Program Files/MiKTeX 2.9/tex/latex/amsmath/amsopn.sty"
Package: amsopn 2016/03/08 v2.02 operator names
)
\inf@bad=\count91
LaTeX Info: Redefining \frac on input line 223.
\uproot@=\count92
\leftroot@=\count93
LaTeX Info: Redefining \overline on input line 385.
\classnum@=\count94
\DOTSCASE@=\count95
LaTeX Info: Redefining \ldots on input line 482.
LaTeX Info: Redefining \dots on input line 485.
LaTeX Info: Redefining \cdots on input line 606.
\Mathstrutbox@=\box27
\strutbox@=\box28
\big@size=\dimen107
LaTeX Font Info:    Redeclaring font encoding OML on input line 729.
LaTeX Font Info:    Redeclaring font encoding OMS on input line 730.
\macc@depth=\count96
\c@MaxMatrixCols=\count97
\dotsspace@=\muskip10
\c@parentequation=\count98
\dspbrk@lvl=\count99
\tag@help=\toks19
\row@=\count100
\column@=\count101
\maxfields@=\count102
\andhelp@=\toks20
\eqnshift@=\dimen108
\alignsep@=\dimen109
\tagshift@=\dimen110
\tagwidth@=\dimen111
\totwidth@=\dimen112
\lineht@=\dimen113
\@envbody=\toks21
\multlinegap=\skip45
\multlinetaggap=\skip46
\mathdisplay@stack=\toks22
LaTeX Info: Redefining \[ on input line 2844.
LaTeX Info: Redefining \] on input line 2845.
) ("C:/Program Files/MiKTeX 2.9/tex/latex/amsfonts/amsfonts.sty"
Package: amsfonts 2013/01/14 v3.01 Basic AMSFonts support
\symAMSa=\mathgroup4
\symAMSb=\mathgroup5
LaTeX Font Info:    Overwriting math alphabet `\mathfrak' in version `bold'
(Font)                  U/euf/m/n --> U/euf/b/n on input line 106.
) ("C:/Program Files/MiKTeX 2.9/tex/latex/amscls/amsthm.sty"
Package: amsthm 2017/10/31 v2.20.4
\thm@style=\toks23
\thm@bodyfont=\toks24
\thm@headfont=\toks25
\thm@notefont=\toks26
\thm@headpunct=\toks27
\thm@preskip=\skip47
\thm@postskip=\skip48
\thm@headsep=\skip49
\dth@everypar=\toks28
)
("C:/Users/Michael Schilling/AppData/Roaming/MiKTeX/2.9/tex/latex/xcolor/xcolor
.sty"
Package: xcolor 2016/05/11 v2.12 LaTeX color extensions (UK)
("C:/Program Files/MiKTeX 2.9/tex/latex/graphics-cfg/color.cfg"
File: color.cfg 2016/01/02 v1.6 sample color configuration
)
Package xcolor Info: Driver file: luatex.def on input line 225.
("C:/Program Files/MiKTeX 2.9/tex/latex/graphics-def/luatex.def"
File: luatex.def 2018/01/08 v1.0l Graphics/color driver for luatex
)
Package xcolor Info: Model `cmy' substituted by `cmy0' on input line 1348.
Package xcolor Info: Model `hsb' substituted by `rgb' on input line 1352.
Package xcolor Info: Model `RGB' extended on input line 1364.
Package xcolor Info: Model `HTML' substituted by `rgb' on input line 1366.
Package xcolor Info: Model `Hsb' substituted by `hsb' on input line 1367.
Package xcolor Info: Model `tHsb' substituted by `hsb' on input line 1368.
Package xcolor Info: Model `HSB' substituted by `hsb' on input line 1369.
Package xcolor Info: Model `Gray' substituted by `gray' on input line 1370.
Package xcolor Info: Model `wave' substituted by `hsb' on input line 1371.

("C:/Users/Michael Schilling/AppData/Roaming/MiKTeX/2.9/tex/latex/xcolor/svgnam
.def"
File: svgnam.def 2016/05/11 v2.12 Predefined colors according to SVG 1.1 (UK)
))
("C:/Users/Michael Schilling/AppData/Roaming/MiKTeX/2.9/tex/latex/caption/capti
on.sty"
Package: caption 2018/10/06 v3.3-154 Customizing captions (AR)

("C:/Users/Michael Schilling/AppData/Roaming/MiKTeX/2.9/tex/latex/caption/capti
on3.sty"
Package: caption3 2018/09/12 v1.8c caption3 kernel (AR)
Package caption3 Info: TeX engine: e-TeX on input line 64.
\captionmargin=\dimen114
\captionmargin@=\dimen115
\captionwidth=\dimen116
\caption@tempdima=\dimen117
\caption@indent=\dimen118
\caption@parindent=\dimen119
\caption@hangindent=\dimen120
)
\c@caption@flags=\count103
\c@ContinuedFloat=\count104
)
("C:/Users/Michael Schilling/AppData/Roaming/MiKTeX/2.9/tex/latex/booktabs/book
tabs.sty"
Package: booktabs 2005/04/14 v1.61803 publication quality tables
\heavyrulewidth=\dimen121
\lightrulewidth=\dimen122
\cmidrulewidth=\dimen123
\belowrulesep=\dimen124
\belowbottomsep=\dimen125
\aboverulesep=\dimen126
\abovetopsep=\dimen127
\cmidrulesep=\dimen128
\cmidrulekern=\dimen129
\defaultaddspace=\dimen130
\@cmidla=\count105
\@cmidlb=\count106
\@aboverulesep=\dimen131
\@belowrulesep=\dimen132
\@thisruleclass=\count107
\@lastruleclass=\count108
\@thisrulewidth=\dimen133
)
("C:/Users/Michael Schilling/AppData/Roaming/MiKTeX/2.9/tex/latex/lastpage/last
page.sty"
Package: lastpage 2015/03/29 v1.2m Refers to last page's name (HMM; JPG)
) ("C:/Program Files/MiKTeX 2.9/tex/latex/graphics/graphicx.sty"
Package: graphicx 2017/06/01 v1.1a Enhanced LaTeX Graphics (DPC,SPQR)
("C:/Program Files/MiKTeX 2.9/tex/latex/graphics/graphics.sty"
Package: graphics 2017/06/25 v1.2c Standard LaTeX Graphics (DPC,SPQR)
("C:/Program Files/MiKTeX 2.9/tex/latex/graphics/trig.sty"
Package: trig 2016/01/03 v1.10 sin cos tan (DPC)
) ("C:/Program Files/MiKTeX 2.9/tex/latex/graphics-cfg/graphics.cfg"
File: graphics.cfg 2016/06/04 v1.11 sample graphics configuration
)
Package graphics Info: Driver file: luatex.def on input line 99.
)
\Gin@req@height=\dimen134
\Gin@req@width=\dimen135
)
("C:/Users/Michael Schilling/AppData/Roaming/MiKTeX/2.9/tex/latex/enumitem/enum
item.sty"
Package: enumitem 2019/02/04 v3.8 Customized lists
\labelindent=\skip50
\enit@outerparindent=\dimen136
\enit@toks=\toks29
\enit@inbox=\box29
\enit@count@id=\count109
\enitdp@description=\count110
)
("C:/Users/Michael Schilling/AppData/Roaming/MiKTeX/2.9/tex/latex/sectsty/sects
ty.sty"
Package: sectsty 2002/02/25 v2.0.2 Commands to change all sectional heading styl
es
) ("C:/Users/Michael Schilling/AppData/Roaming/MiKTeX/2.9/tex/latex/url/url.sty
"
\Urlmuskip=\muskip11
Package: url 2013/09/16  ver 3.4  Verb mode for urls, etc.
) ("C:/Program Files/MiKTeX 2.9/tex/latex/geometry/geometry.sty"
Package: geometry 2018/04/16 v5.8 Page Geometry
("C:/Program Files/MiKTeX 2.9/tex/generic/oberdiek/ifpdf.sty"
Package: ifpdf 2018/09/07 v3.3 Provides the ifpdf switch
) ("C:/Program Files/MiKTeX 2.9/tex/generic/oberdiek/ifvtex.sty"
Package: ifvtex 2016/05/16 v1.6 Detect VTeX and its facilities (HO)
Package ifvtex Info: VTeX not detected.
) ("C:/Program Files/MiKTeX 2.9/tex/generic/ifxetex/ifxetex.sty"
Package: ifxetex 2010/09/12 v0.6 Provides ifxetex conditional
)
\Gm@cnth=\count111
\Gm@cntv=\count112
\c@Gm@tempcnt=\count113
\Gm@bindingoffset=\dimen137
\Gm@wd@mp=\dimen138
\Gm@odd@mp=\dimen139
\Gm@even@mp=\dimen140
\Gm@layoutwidth=\dimen141
\Gm@layoutheight=\dimen142
\Gm@layouthoffset=\dimen143
\Gm@layoutvoffset=\dimen144
\Gm@dimlist=\toks30
("C:/Program Files/MiKTeX 2.9/tex/latex/geometry/geometry.cfg")) ("C:/Program F
iles/MiKTeX 2.9/tex/latex/base/fontenc.sty"
Package: fontenc 2018/08/11 v2.0j Standard LaTeX package
("C:/Program Files/MiKTeX 2.9/tex/latex/base/t1enc.def"
File: t1enc.def 2018/08/11 v2.0j Standard LaTeX file
LaTeX Font Info:    Redeclaring font encoding T1 on input line 48.
)
LaTeX Font Info:    Try loading font information for T1+lmr on input line 105.
("C:/Program Files/MiKTeX 2.9/tex/latex/lm/t1lmr.fd"
File: t1lmr.fd 2009/10/30 v1.6 Font defs for Latin Modern
))
("C:/Users/Michael Schilling/AppData/Roaming/MiKTeX/2.9/tex/latex/fancyhdr/fanc
yhdr.sty"
Package: fancyhdr 2019/01/31 v3.10 Extensive control of page headers and footers

\f@nch@headwidth=\skip51
\f@nch@O@elh=\skip52
\f@nch@O@erh=\skip53
\f@nch@O@olh=\skip54
\f@nch@O@orh=\skip55
\f@nch@O@elf=\skip56
\f@nch@O@erf=\skip57
\f@nch@O@olf=\skip58
\f@nch@O@orf=\skip59
)
("C:/Users/Michael Schilling/AppData/Roaming/MiKTeX/2.9/tex/latex/titling/titli
ng.sty"
Package: titling 2009/09/04 v2.1d maketitle typesetting
\thanksmarkwidth=\skip60
\thanksmargin=\skip61
\droptitle=\skip62
)
("C:/Users/Michael Schilling/AppData/Roaming/MiKTeX/2.9/tex/latex/lettrine/lett
rine.sty"
File: lettrine.sty 2019-04-06 v2.22 (Daniel Flipo)

("C:/Users/Michael Schilling/AppData/Roaming/MiKTeX/2.9/tex/generic/minifp/mini
fp.sty"
Package: minifp 2013/12/30 v0.96. Macros for real number operations and a stack-
based programing language.
\MFP@loopctr=\count114
)
\c@DefaultLines=\count115
\c@DefaultDepth=\count116
\DefaultFindent=\dimen145
\DefaultNindent=\dimen146
\DefaultSlope=\dimen147
\DiscardVskip=\dimen148
\L@lbox=\box30
\L@tbox=\box31
\c@L@lines=\count117
\c@L@depth=\count118
\L@Pindent=\dimen149
\L@Findent=\dimen150
\L@Nindent=\dimen151
\L@lraise=\dimen152
\L@first=\dimen153
\L@next=\dimen154
\L@slope=\dimen155
\L@height=\dimen156
\L@novskip=\dimen157
\L@target@ht=\dimen158
\L@target@dp=\dimen159
\L@target@tht=\dimen160
\LettrineWidth=\dimen161
\LettrineHeight=\dimen162
\LettrineDepth=\dimen163
\Llist@everypar=\toks31
Loading lettrine.cfg

("C:/Users/Michael Schilling/AppData/Roaming/MiKTeX/2.9/tex/latex/lettrine/lett
rine.cfg")) ("C:/Program Files/MiKTeX 2.9/tex/latex/base/fix-cm.sty"
Package: fix-cm 2015/01/14 v1.1t fixes to LaTeX
("C:/Program Files/MiKTeX 2.9/tex/latex/base/ts1enc.def"
File: ts1enc.def 2001/06/05 v3.0e (jk/car/fm) Standard LaTeX file
))
("C:/Users/Michael Schilling/AppData/Roaming/MiKTeX/2.9/tex/latex/xstring/xstri
ng.sty"
("C:/Users/Michael Schilling/AppData/Roaming/MiKTeX/2.9/tex/generic/xstring/xst
ring.tex"
\integerpart=\count119
\decimalpart=\count120
)
Package: xstring 2019/02/06 v1.83 String manipulations (CT)
)
("C:/Users/Michael Schilling/AppData/Roaming/MiKTeX/2.9/tex/latex/csquotes/csqu
otes.sty"
Package: csquotes 2019/05/10 v5.2e context-sensitive quotations (JAW)

("C:/Users/Michael Schilling/AppData/Roaming/MiKTeX/2.9/tex/latex/etoolbox/etoo
lbox.sty"
Package: etoolbox 2018/08/19 v2.5f e-TeX tools for LaTeX (JAW)
\etb@tempcnta=\count121
)
\csq@reset=\count122
\csq@gtype=\count123
\csq@glevel=\count124
\csq@qlevel=\count125
\csq@maxlvl=\count126
\csq@tshold=\count127
\csq@ltx@everypar=\toks32

("C:/Users/Michael Schilling/AppData/Roaming/MiKTeX/2.9/tex/latex/csquotes/csqu
otes.def"
File: csquotes.def 2019/05/10 v5.2e csquotes generic definitions (JAW)
)
Package csquotes Info: Trying to load configuration file 'csquotes.cfg'...
Package csquotes Info: ... configuration file loaded successfully.

("C:/Users/Michael Schilling/AppData/Roaming/MiKTeX/2.9/tex/latex/csquotes/csqu
otes.cfg"
File: csquotes.cfg 
)
Package csquotes Info: Enabling multilingual quotes.
)
("C:/Users/Michael Schilling/AppData/Roaming/MiKTeX/2.9/tex/latex/listings/list
ings.sty"
\lst@mode=\count128
\lst@gtempboxa=\box32
\lst@token=\toks33
\lst@length=\count129
\lst@currlwidth=\dimen164
\lst@column=\count130
\lst@pos=\count131
\lst@lostspace=\dimen165
\lst@width=\dimen166
\lst@newlines=\count132
\lst@lineno=\count133
\lst@maxwidth=\dimen167

("C:/Users/Michael Schilling/AppData/Roaming/MiKTeX/2.9/tex/latex/listings/lstm
isc.sty"
File: lstmisc.sty 2019/02/27 1.8b (Carsten Heinz)
\c@lstnumber=\count134
\lst@skipnumbers=\count135
\lst@framebox=\box33
)
("C:/Users/Michael Schilling/AppData/Roaming/MiKTeX/2.9/tex/latex/listings/list
ings.cfg"
File: listings.cfg 2019/02/27 1.8b listings configuration
))
Package: listings 2019/02/27 1.8b (Carsten Heinz)

("C:/Users/Michael Schilling/AppData/Roaming/MiKTeX/2.9/tex/latex/colortbl/colo
rtbl.sty"
Package: colortbl 2018/12/12 v1.0d Color table columns (DPC)
("C:/Program Files/MiKTeX 2.9/tex/latex/tools/array.sty"
Package: array 2018/12/30 v2.4k Tabular extension package (FMi)
\col@sep=\dimen168
\ar@mcellbox=\box34
\extrarowheight=\dimen169
\NC@list=\toks34
\extratabsurround=\skip63
\backup@length=\skip64
\ar@cellbox=\box35
)
\everycr=\toks35
\minrowclearance=\skip65
)
("C:/Users/Michael Schilling/AppData/Roaming/MiKTeX/2.9/tex/latex/listings/lstl
ang1.sty"
File: lstlang1.sty 2019/02/27 1.8b listings language file
)
("C:/Users/Michael Schilling/AppData/Roaming/MiKTeX/2.9/tex/latex/forest/forest
.sty"
Package: forest 2017/07/14 v2.1.5 Drawing (linguistic) trees

("C:/Users/Michael Schilling/AppData/Roaming/MiKTeX/2.9/tex/latex/pgf/frontendl
ayer/tikz.sty"
("C:/Users/Michael Schilling/AppData/Roaming/MiKTeX/2.9/tex/latex/pgf/basiclaye
r/pgf.sty"
("C:/Users/Michael Schilling/AppData/Roaming/MiKTeX/2.9/tex/latex/pgf/utilities
/pgfrcs.sty"
("C:/Users/Michael Schilling/AppData/Roaming/MiKTeX/2.9/tex/generic/pgf/utiliti
es/pgfutil-common.tex"
\pgfutil@everybye=\toks36
\pgfutil@tempdima=\dimen170
\pgfutil@tempdimb=\dimen171

("C:/Users/Michael Schilling/AppData/Roaming/MiKTeX/2.9/tex/generic/pgf/utiliti
es/pgfutil-common-lists.tex"))
("C:/Users/Michael Schilling/AppData/Roaming/MiKTeX/2.9/tex/generic/pgf/utiliti
es/pgfutil-latex.def"
\pgfutil@abb=\box36

("C:/Users/Michael Schilling/AppData/Roaming/MiKTeX/2.9/tex/latex/ms/everyshi.s
ty"
Package: everyshi 2001/05/15 v3.00 EveryShipout Package (MS)
))
("C:/Users/Michael Schilling/AppData/Roaming/MiKTeX/2.9/tex/generic/pgf/utiliti
es/pgfrcs.code.tex"
("C:/Users/Michael Schilling/AppData/Roaming/MiKTeX/2.9/tex/generic/pgf/pgf.rev
ision.tex")
Package: pgfrcs 2019/05/09 v3.1.3 (3.1.3)
))
Package: pgf 2019/05/09 v3.1.3 (3.1.3)

("C:/Users/Michael Schilling/AppData/Roaming/MiKTeX/2.9/tex/latex/pgf/basiclaye
r/pgfcore.sty"
("C:/Users/Michael Schilling/AppData/Roaming/MiKTeX/2.9/tex/latex/pgf/systemlay
er/pgfsys.sty"
("C:/Users/Michael Schilling/AppData/Roaming/MiKTeX/2.9/tex/generic/pgf/systeml
ayer/pgfsys.code.tex"
Package: pgfsys 2019/05/09 v3.1.3 (3.1.3)

("C:/Users/Michael Schilling/AppData/Roaming/MiKTeX/2.9/tex/generic/pgf/utiliti
es/pgfkeys.code.tex"
\pgfkeys@pathtoks=\toks37
\pgfkeys@temptoks=\toks38

("C:/Users/Michael Schilling/AppData/Roaming/MiKTeX/2.9/tex/generic/pgf/utiliti
es/pgfkeysfiltered.code.tex"
\pgfkeys@tmptoks=\toks39
))
\pgf@x=\dimen172
\pgf@y=\dimen173
\pgf@xa=\dimen174
\pgf@ya=\dimen175
\pgf@xb=\dimen176
\pgf@yb=\dimen177
\pgf@xc=\dimen178
\pgf@yc=\dimen179
\pgf@xd=\dimen180
\pgf@yd=\dimen181
\w@pgf@writea=\write3
\r@pgf@reada=\read1
\c@pgf@counta=\count136
\c@pgf@countb=\count137
\c@pgf@countc=\count138
\c@pgf@countd=\count139
\t@pgf@toka=\toks40
\t@pgf@tokb=\toks41
\t@pgf@tokc=\toks42
\pgf@sys@id@count=\count140

("C:/Users/Michael Schilling/AppData/Roaming/MiKTeX/2.9/tex/generic/pgf/systeml
ayer/pgf.cfg"
File: pgf.cfg 2019/05/09 v3.1.3 (3.1.3)
)
Driver file for pgf: pgfsys-luatex.def

("C:/Users/Michael Schilling/AppData/Roaming/MiKTeX/2.9/tex/generic/pgf/systeml
ayer/pgfsys-luatex.def"
File: pgfsys-luatex.def 2019/05/09 v3.1.3 (3.1.3)

("C:/Users/Michael Schilling/AppData/Roaming/MiKTeX/2.9/tex/generic/pgf/systeml
ayer/pgfsys-common-pdf.def"
File: pgfsys-common-pdf.def 2019/05/09 v3.1.3 (3.1.3)
)))
("C:/Users/Michael Schilling/AppData/Roaming/MiKTeX/2.9/tex/generic/pgf/systeml
ayer/pgfsyssoftpath.code.tex"
File: pgfsyssoftpath.code.tex 2019/05/09 v3.1.3 (3.1.3)
\pgfsyssoftpath@smallbuffer@items=\count141
\pgfsyssoftpath@bigbuffer@items=\count142
)
("C:/Users/Michael Schilling/AppData/Roaming/MiKTeX/2.9/tex/generic/pgf/systeml
ayer/pgfsysprotocol.code.tex"
File: pgfsysprotocol.code.tex 2019/05/09 v3.1.3 (3.1.3)
))
("C:/Users/Michael Schilling/AppData/Roaming/MiKTeX/2.9/tex/generic/pgf/basicla
yer/pgfcore.code.tex"
Package: pgfcore 2019/05/09 v3.1.3 (3.1.3)

("C:/Users/Michael Schilling/AppData/Roaming/MiKTeX/2.9/tex/generic/pgf/math/pg
fmath.code.tex"
("C:/Users/Michael Schilling/AppData/Roaming/MiKTeX/2.9/tex/generic/pgf/math/pg
fmathcalc.code.tex"
("C:/Users/Michael Schilling/AppData/Roaming/MiKTeX/2.9/tex/generic/pgf/math/pg
fmathutil.code.tex")
("C:/Users/Michael Schilling/AppData/Roaming/MiKTeX/2.9/tex/generic/pgf/math/pg
fmathparser.code.tex"
\pgfmath@dimen=\dimen182
\pgfmath@count=\count143
\pgfmath@box=\box37
\pgfmath@toks=\toks43
\pgfmath@stack@operand=\toks44
\pgfmath@stack@operation=\toks45
)
("C:/Users/Michael Schilling/AppData/Roaming/MiKTeX/2.9/tex/generic/pgf/math/pg
fmathfunctions.code.tex"
("C:/Users/Michael Schilling/AppData/Roaming/MiKTeX/2.9/tex/generic/pgf/math/pg
fmathfunctions.basic.code.tex")
("C:/Users/Michael Schilling/AppData/Roaming/MiKTeX/2.9/tex/generic/pgf/math/pg
fmathfunctions.trigonometric.code.tex")
("C:/Users/Michael Schilling/AppData/Roaming/MiKTeX/2.9/tex/generic/pgf/math/pg
fmathfunctions.random.code.tex")
("C:/Users/Michael Schilling/AppData/Roaming/MiKTeX/2.9/tex/generic/pgf/math/pg
fmathfunctions.comparison.code.tex")
("C:/Users/Michael Schilling/AppData/Roaming/MiKTeX/2.9/tex/generic/pgf/math/pg
fmathfunctions.base.code.tex")
("C:/Users/Michael Schilling/AppData/Roaming/MiKTeX/2.9/tex/generic/pgf/math/pg
fmathfunctions.round.code.tex")
("C:/Users/Michael Schilling/AppData/Roaming/MiKTeX/2.9/tex/generic/pgf/math/pg
fmathfunctions.misc.code.tex")
("C:/Users/Michael Schilling/AppData/Roaming/MiKTeX/2.9/tex/generic/pgf/math/pg
fmathfunctions.integerarithmetics.code.tex")))
("C:/Users/Michael Schilling/AppData/Roaming/MiKTeX/2.9/tex/generic/pgf/math/pg
fmathfloat.code.tex"
\c@pgfmathroundto@lastzeros=\count144
))
("C:/Users/Michael Schilling/AppData/Roaming/MiKTeX/2.9/tex/generic/pgf/math/pg
fint.code.tex")
("C:/Users/Michael Schilling/AppData/Roaming/MiKTeX/2.9/tex/generic/pgf/basicla
yer/pgfcorepoints.code.tex"
File: pgfcorepoints.code.tex 2019/05/09 v3.1.3 (3.1.3)
\pgf@picminx=\dimen183
\pgf@picmaxx=\dimen184
\pgf@picminy=\dimen185
\pgf@picmaxy=\dimen186
\pgf@pathminx=\dimen187
\pgf@pathmaxx=\dimen188
\pgf@pathminy=\dimen189
\pgf@pathmaxy=\dimen190
\pgf@xx=\dimen191
\pgf@xy=\dimen192
\pgf@yx=\dimen193
\pgf@yy=\dimen194
\pgf@zx=\dimen195
\pgf@zy=\dimen196
)
("C:/Users/Michael Schilling/AppData/Roaming/MiKTeX/2.9/tex/generic/pgf/basicla
yer/pgfcorepathconstruct.code.tex"
File: pgfcorepathconstruct.code.tex 2019/05/09 v3.1.3 (3.1.3)
\pgf@path@lastx=\dimen197
\pgf@path@lasty=\dimen198
)
("C:/Users/Michael Schilling/AppData/Roaming/MiKTeX/2.9/tex/generic/pgf/basicla
yer/pgfcorepathusage.code.tex"
File: pgfcorepathusage.code.tex 2019/05/09 v3.1.3 (3.1.3)
\pgf@shorten@end@additional=\dimen199
\pgf@shorten@start@additional=\dimen256
)
("C:/Users/Michael Schilling/AppData/Roaming/MiKTeX/2.9/tex/generic/pgf/basicla
yer/pgfcorescopes.code.tex"
File: pgfcorescopes.code.tex 2019/05/09 v3.1.3 (3.1.3)
\pgfpic=\box38
\pgf@hbox=\box39
\pgf@layerbox@main=\box40
\pgf@picture@serial@count=\count145
)
("C:/Users/Michael Schilling/AppData/Roaming/MiKTeX/2.9/tex/generic/pgf/basicla
yer/pgfcoregraphicstate.code.tex"
File: pgfcoregraphicstate.code.tex 2019/05/09 v3.1.3 (3.1.3)
\pgflinewidth=\dimen257
)
("C:/Users/Michael Schilling/AppData/Roaming/MiKTeX/2.9/tex/generic/pgf/basicla
yer/pgfcoretransformations.code.tex"
File: pgfcoretransformations.code.tex 2019/05/09 v3.1.3 (3.1.3)
\pgf@pt@x=\dimen258
\pgf@pt@y=\dimen259
\pgf@pt@temp=\dimen260
)
("C:/Users/Michael Schilling/AppData/Roaming/MiKTeX/2.9/tex/generic/pgf/basicla
yer/pgfcorequick.code.tex"
File: pgfcorequick.code.tex 2019/05/09 v3.1.3 (3.1.3)
)
("C:/Users/Michael Schilling/AppData/Roaming/MiKTeX/2.9/tex/generic/pgf/basicla
yer/pgfcoreobjects.code.tex"
File: pgfcoreobjects.code.tex 2019/05/09 v3.1.3 (3.1.3)
)
("C:/Users/Michael Schilling/AppData/Roaming/MiKTeX/2.9/tex/generic/pgf/basicla
yer/pgfcorepathprocessing.code.tex"
File: pgfcorepathprocessing.code.tex 2019/05/09 v3.1.3 (3.1.3)
)
("C:/Users/Michael Schilling/AppData/Roaming/MiKTeX/2.9/tex/generic/pgf/basicla
yer/pgfcorearrows.code.tex"
File: pgfcorearrows.code.tex 2019/05/09 v3.1.3 (3.1.3)
\pgfarrowsep=\dimen261
)
("C:/Users/Michael Schilling/AppData/Roaming/MiKTeX/2.9/tex/generic/pgf/basicla
yer/pgfcoreshade.code.tex"
File: pgfcoreshade.code.tex 2019/05/09 v3.1.3 (3.1.3)
\pgf@max=\dimen262
\pgf@sys@shading@range@num=\count146
\pgf@shadingcount=\count147
)
("C:/Users/Michael Schilling/AppData/Roaming/MiKTeX/2.9/tex/generic/pgf/basicla
yer/pgfcoreimage.code.tex"
File: pgfcoreimage.code.tex 2019/05/09 v3.1.3 (3.1.3)

("C:/Users/Michael Schilling/AppData/Roaming/MiKTeX/2.9/tex/generic/pgf/basicla
yer/pgfcoreexternal.code.tex"
File: pgfcoreexternal.code.tex 2019/05/09 v3.1.3 (3.1.3)
\pgfexternal@startupbox=\box41
))
("C:/Users/Michael Schilling/AppData/Roaming/MiKTeX/2.9/tex/generic/pgf/basicla
yer/pgfcorelayers.code.tex"
File: pgfcorelayers.code.tex 2019/05/09 v3.1.3 (3.1.3)
)
("C:/Users/Michael Schilling/AppData/Roaming/MiKTeX/2.9/tex/generic/pgf/basicla
yer/pgfcoretransparency.code.tex"
File: pgfcoretransparency.code.tex 2019/05/09 v3.1.3 (3.1.3)
)
("C:/Users/Michael Schilling/AppData/Roaming/MiKTeX/2.9/tex/generic/pgf/basicla
yer/pgfcorepatterns.code.tex"
File: pgfcorepatterns.code.tex 2019/05/09 v3.1.3 (3.1.3)
)
("C:/Users/Michael Schilling/AppData/Roaming/MiKTeX/2.9/tex/generic/pgf/basicla
yer/pgfcorerdf.code.tex"
File: pgfcorerdf.code.tex 2019/05/09 v3.1.3 (3.1.3)
)))
("C:/Users/Michael Schilling/AppData/Roaming/MiKTeX/2.9/tex/generic/pgf/modules
/pgfmoduleshapes.code.tex"
File: pgfmoduleshapes.code.tex 2019/05/09 v3.1.3 (3.1.3)
\pgfnodeparttextbox=\box42
)
("C:/Users/Michael Schilling/AppData/Roaming/MiKTeX/2.9/tex/generic/pgf/modules
/pgfmoduleplot.code.tex"
File: pgfmoduleplot.code.tex 2019/05/09 v3.1.3 (3.1.3)
)
("C:/Users/Michael Schilling/AppData/Roaming/MiKTeX/2.9/tex/latex/pgf/compatibi
lity/pgfcomp-version-0-65.sty"
Package: pgfcomp-version-0-65 2019/05/09 v3.1.3 (3.1.3)
\pgf@nodesepstart=\dimen263
\pgf@nodesepend=\dimen264
)
("C:/Users/Michael Schilling/AppData/Roaming/MiKTeX/2.9/tex/latex/pgf/compatibi
lity/pgfcomp-version-1-18.sty"
Package: pgfcomp-version-1-18 2019/05/09 v3.1.3 (3.1.3)
))
("C:/Users/Michael Schilling/AppData/Roaming/MiKTeX/2.9/tex/latex/pgf/utilities
/pgffor.sty"
("C:/Users/Michael Schilling/AppData/Roaming/MiKTeX/2.9/tex/latex/pgf/utilities
/pgfkeys.sty"
("C:/Users/Michael Schilling/AppData/Roaming/MiKTeX/2.9/tex/generic/pgf/utiliti
es/pgfkeys.code.tex"))
("C:/Users/Michael Schilling/AppData/Roaming/MiKTeX/2.9/tex/latex/pgf/math/pgfm
ath.sty"
("C:/Users/Michael Schilling/AppData/Roaming/MiKTeX/2.9/tex/generic/pgf/math/pg
fmath.code.tex"))
("C:/Users/Michael Schilling/AppData/Roaming/MiKTeX/2.9/tex/generic/pgf/utiliti
es/pgffor.code.tex"
Package: pgffor 2019/05/09 v3.1.3 (3.1.3)

("C:/Users/Michael Schilling/AppData/Roaming/MiKTeX/2.9/tex/generic/pgf/math/pg
fmath.code.tex")
\pgffor@iter=\dimen265
\pgffor@skip=\dimen266
\pgffor@stack=\toks46
\pgffor@toks=\toks47
))
("C:/Users/Michael Schilling/AppData/Roaming/MiKTeX/2.9/tex/generic/pgf/fronten
dlayer/tikz/tikz.code.tex"
Package: tikz 2019/05/09 v3.1.3 (3.1.3)

("C:/Users/Michael Schilling/AppData/Roaming/MiKTeX/2.9/tex/generic/pgf/librari
es/pgflibraryplothandlers.code.tex"
File: pgflibraryplothandlers.code.tex 2019/05/09 v3.1.3 (3.1.3)
\pgf@plot@mark@count=\count148
\pgfplotmarksize=\dimen267
)
\tikz@lastx=\dimen268
\tikz@lasty=\dimen269
\tikz@lastxsaved=\dimen270
\tikz@lastysaved=\dimen271
\tikzleveldistance=\dimen272
\tikzsiblingdistance=\dimen273
\tikz@figbox=\box43
\tikz@figbox@bg=\box44
\tikz@tempbox=\box45
\tikz@tempbox@bg=\box46
\tikztreelevel=\count149
\tikznumberofchildren=\count150
\tikznumberofcurrentchild=\count151
\tikz@fig@count=\count152

("C:/Users/Michael Schilling/AppData/Roaming/MiKTeX/2.9/tex/generic/pgf/modules
/pgfmodulematrix.code.tex"
File: pgfmodulematrix.code.tex 2019/05/09 v3.1.3 (3.1.3)
\pgfmatrixcurrentrow=\count153
\pgfmatrixcurrentcolumn=\count154
\pgf@matrix@numberofcolumns=\count155
)
\tikz@expandcount=\count156

("C:/Users/Michael Schilling/AppData/Roaming/MiKTeX/2.9/tex/generic/pgf/fronten
dlayer/tikz/libraries/tikzlibrarytopaths.code.tex"
File: tikzlibrarytopaths.code.tex 2019/05/09 v3.1.3 (3.1.3)
)))
("C:/Users/Michael Schilling/AppData/Roaming/MiKTeX/2.9/tex/generic/pgf/fronten
dlayer/tikz/libraries/tikzlibraryshapes.code.tex"
File: tikzlibraryshapes.code.tex 2019/05/09 v3.1.3 (3.1.3)

("C:/Users/Michael Schilling/AppData/Roaming/MiKTeX/2.9/tex/generic/pgf/fronten
dlayer/tikz/libraries/tikzlibraryshapes.geometric.code.tex"
File: tikzlibraryshapes.geometric.code.tex 2019/05/09 v3.1.3 (3.1.3)

("C:/Users/Michael Schilling/AppData/Roaming/MiKTeX/2.9/tex/generic/pgf/librari
es/shapes/pgflibraryshapes.geometric.code.tex"
File: pgflibraryshapes.geometric.code.tex 2019/05/09 v3.1.3 (3.1.3)
))
("C:/Users/Michael Schilling/AppData/Roaming/MiKTeX/2.9/tex/generic/pgf/fronten
dlayer/tikz/libraries/tikzlibraryshapes.misc.code.tex"
File: tikzlibraryshapes.misc.code.tex 2019/05/09 v3.1.3 (3.1.3)

("C:/Users/Michael Schilling/AppData/Roaming/MiKTeX/2.9/tex/generic/pgf/librari
es/shapes/pgflibraryshapes.misc.code.tex"
File: pgflibraryshapes.misc.code.tex 2019/05/09 v3.1.3 (3.1.3)
))
("C:/Users/Michael Schilling/AppData/Roaming/MiKTeX/2.9/tex/generic/pgf/fronten
dlayer/tikz/libraries/tikzlibraryshapes.symbols.code.tex"
File: tikzlibraryshapes.symbols.code.tex 2019/05/09 v3.1.3 (3.1.3)

("C:/Users/Michael Schilling/AppData/Roaming/MiKTeX/2.9/tex/generic/pgf/librari
es/shapes/pgflibraryshapes.symbols.code.tex"
File: pgflibraryshapes.symbols.code.tex 2019/05/09 v3.1.3 (3.1.3)
))
("C:/Users/Michael Schilling/AppData/Roaming/MiKTeX/2.9/tex/generic/pgf/fronten
dlayer/tikz/libraries/tikzlibraryshapes.arrows.code.tex"
File: tikzlibraryshapes.arrows.code.tex 2019/05/09 v3.1.3 (3.1.3)

("C:/Users/Michael Schilling/AppData/Roaming/MiKTeX/2.9/tex/generic/pgf/librari
es/shapes/pgflibraryshapes.arrows.code.tex"
File: pgflibraryshapes.arrows.code.tex 2019/05/09 v3.1.3 (3.1.3)
))
("C:/Users/Michael Schilling/AppData/Roaming/MiKTeX/2.9/tex/generic/pgf/fronten
dlayer/tikz/libraries/tikzlibraryshapes.callouts.code.tex"
("C:/Users/Michael Schilling/AppData/Roaming/MiKTeX/2.9/tex/generic/pgf/librari
es/shapes/pgflibraryshapes.callouts.code.tex"))
("C:/Users/Michael Schilling/AppData/Roaming/MiKTeX/2.9/tex/generic/pgf/fronten
dlayer/tikz/libraries/tikzlibraryshapes.multipart.code.tex"
File: tikzlibraryshapes.multipart.code.tex 2019/05/09 v3.1.3 (3.1.3)

("C:/Users/Michael Schilling/AppData/Roaming/MiKTeX/2.9/tex/generic/pgf/librari
es/shapes/pgflibraryshapes.multipart.code.tex"
File: pgflibraryshapes.multipart.code.tex 2019/05/09 v3.1.3 (3.1.3)
\pgfnodepartlowerbox=\box47
\pgfnodeparttwobox=\box48
\pgfnodepartthreebox=\box49
\pgfnodepartfourbox=\box50
\pgfnodeparttwentybox=\box51
\pgfnodepartnineteenbox=\box52
\pgfnodeparteighteenbox=\box53
\pgfnodepartseventeenbox=\box54
\pgfnodepartsixteenbox=\box55
\pgfnodepartfifteenbox=\box56
\pgfnodepartfourteenbox=\box57
\pgfnodepartthirteenbox=\box58
\pgfnodeparttwelvebox=\box59
\pgfnodepartelevenbox=\box60
\pgfnodeparttenbox=\box61
\pgfnodepartninebox=\box62
\pgfnodeparteightbox=\box63
\pgfnodepartsevenbox=\box64
\pgfnodepartsixbox=\box65
\pgfnodepartfivebox=\box66
)))
("C:/Users/Michael Schilling/AppData/Roaming/MiKTeX/2.9/tex/generic/pgf/fronten
dlayer/tikz/libraries/tikzlibraryfit.code.tex"
File: tikzlibraryfit.code.tex 2019/05/09 v3.1.3 (3.1.3)
)
("C:/Users/Michael Schilling/AppData/Roaming/MiKTeX/2.9/tex/generic/pgf/fronten
dlayer/tikz/libraries/tikzlibrarycalc.code.tex"
File: tikzlibrarycalc.code.tex 2019/05/09 v3.1.3 (3.1.3)
)
("C:/Users/Michael Schilling/AppData/Roaming/MiKTeX/2.9/tex/generic/pgf/librari
es/pgflibraryintersections.code.tex"
("C:/Users/Michael Schilling/AppData/Roaming/MiKTeX/2.9/tex/generic/pgf/librari
es/pgflibraryfpu.code.tex")
\pgf@intersect@solutions=\count157
)
("C:/Users/Michael Schilling/AppData/Roaming/MiKTeX/2.9/tex/latex/pgfopts/pgfop
ts.sty"
Package: pgfopts 2014/07/10 v2.1a LaTeX package options with pgfkeys
\pgfopts@list@add@a@toks=\toks48
\pgfopts@list@add@b@toks=\toks49
)
("C:/Users/Michael Schilling/AppData/Roaming/MiKTeX/2.9/tex/latex/elocalloc/elo
calloc.sty"
Package: elocalloc 2016/12/15 v0.03 local allocation for LaTeX 2015+ (DPC)
)
("C:/Users/Michael Schilling/AppData/Roaming/MiKTeX/2.9/tex/latex/environ/envir
on.sty"
Package: environ 2014/05/04 v0.3 A new way to define environments

("C:/Users/Michael Schilling/AppData/Roaming/MiKTeX/2.9/tex/latex/trimspaces/tr
imspaces.sty"
Package: trimspaces 2009/09/17 v1.1 Trim spaces around a token list
))
("C:/Users/Michael Schilling/AppData/Roaming/MiKTeX/2.9/tex/latex/l3packages/xp
arse/xparse.sty"
("C:/Users/Michael Schilling/AppData/Roaming/MiKTeX/2.9/tex/latex/l3kernel/expl
3.sty"
Package: expl3 2019-05-28 L3 programming layer (loader) 

("C:/Users/Michael Schilling/AppData/Roaming/MiKTeX/2.9/tex/latex/l3kernel/expl
3-code.tex"
Package: expl3 2019-05-28 L3 programming layer (code)
\ucharcat@table=\catcodetable5
\c_max_int=\count158
\l_tmpa_int=\count159
\l_tmpb_int=\count160
\g_tmpa_int=\count161
\g_tmpb_int=\count162
\g__kernel_prg_map_int=\count163
\c__ior_term_ior=\count164
\c_log_iow=\count165
\l_iow_line_count_int=\count166
\l__iow_line_target_int=\count167
\l__iow_one_indent_int=\count168
\l__iow_indent_int=\count169
\c_zero_dim=\dimen274
\c_max_dim=\dimen275
\l_tmpa_dim=\dimen276
\l_tmpb_dim=\dimen277
\g_tmpa_dim=\dimen278
\g_tmpb_dim=\dimen279
\c_zero_skip=\skip66
\c_max_skip=\skip67
\l_tmpa_skip=\skip68
\l_tmpb_skip=\skip69
\g_tmpa_skip=\skip70
\g_tmpb_skip=\skip71
\c_zero_muskip=\muskip12
\c_max_muskip=\muskip13
\l_tmpa_muskip=\muskip14
\l_tmpb_muskip=\muskip15
\g_tmpa_muskip=\muskip16
\g_tmpb_muskip=\muskip17
\l_keys_choice_int=\count170
\l__intarray_loop_int=\count171
\c__intarray_sp_dim=\dimen280
\g__intarray_font_int=\count172
\c__fp_leading_shift_int=\count173
\c__fp_middle_shift_int=\count174
\c__fp_trailing_shift_int=\count175
\c__fp_big_leading_shift_int=\count176
\c__fp_big_middle_shift_int=\count177
\c__fp_big_trailing_shift_int=\count178
\c__fp_Bigg_leading_shift_int=\count179
\c__fp_Bigg_middle_shift_int=\count180
\c__fp_Bigg_trailing_shift_int=\count181
\g__fp_array_int=\count182
\l__fp_array_loop_int=\count183
\l__sort_length_int=\count184
\l__sort_min_int=\count185
\l__sort_top_int=\count186
\l__sort_max_int=\count187
\l__sort_true_max_int=\count188
\l__sort_block_int=\count189
\l__sort_begin_int=\count190
\l__sort_end_int=\count191
\l__sort_A_int=\count192
\l__sort_B_int=\count193
\l__sort_C_int=\count194
\l__tl_analysis_normal_int=\count195
\l__tl_analysis_index_int=\count196
\l__tl_analysis_nesting_int=\count197
\l__tl_analysis_type_int=\count198
\l__regex_internal_a_int=\count199
\l__regex_internal_b_int=\count266
\l__regex_internal_c_int=\count267
\l__regex_balance_int=\count268
\l__regex_group_level_int=\count269
\l__regex_mode_int=\count270
\c__regex_cs_in_class_mode_int=\count271
\c__regex_cs_mode_int=\count272
\l__regex_catcodes_int=\count273
\l__regex_default_catcodes_int=\count274
\c__regex_catcode_L_int=\count275
\c__regex_catcode_O_int=\count276
\c__regex_catcode_A_int=\count277
\c__regex_all_catcodes_int=\count278
\l__regex_show_lines_int=\count279
\l__regex_min_state_int=\count280
\l__regex_max_state_int=\count281
\l__regex_left_state_int=\count282
\l__regex_right_state_int=\count283
\l__regex_capturing_group_int=\count284
\l__regex_min_pos_int=\count285
\l__regex_max_pos_int=\count286
\l__regex_curr_pos_int=\count287
\l__regex_start_pos_int=\count288
\l__regex_success_pos_int=\count289
\l__regex_curr_char_int=\count290
\l__regex_curr_catcode_int=\count291
\l__regex_last_char_int=\count292
\l__regex_case_changed_char_int=\count293
\l__regex_curr_state_int=\count294
\l__regex_step_int=\count295
\l__regex_min_active_int=\count296
\l__regex_max_active_int=\count297
\l__regex_replacement_csnames_int=\count298
\l__regex_match_count_int=\count299
\l__regex_min_submatch_int=\count300
\l__regex_submatch_int=\count301
\l__regex_zeroth_submatch_int=\count302
\g__regex_trace_regex_int=\count303
\c_empty_box=\box67
\l_tmpa_box=\box68
\l_tmpb_box=\box69
\g_tmpa_box=\box70
\g_tmpb_box=\box71
\l__box_top_dim=\dimen281
\l__box_bottom_dim=\dimen282
\l__box_left_dim=\dimen283
\l__box_right_dim=\dimen284
\l__box_top_new_dim=\dimen285
\l__box_bottom_new_dim=\dimen286
\l__box_left_new_dim=\dimen287
\l__box_right_new_dim=\dimen288
\l__box_internal_box=\box72
\l__coffin_internal_box=\box73
\l__coffin_internal_dim=\dimen289
\l__coffin_offset_x_dim=\dimen290
\l__coffin_offset_y_dim=\dimen291
\l__coffin_x_dim=\dimen292
\l__coffin_y_dim=\dimen293
\l__coffin_x_prime_dim=\dimen294
\l__coffin_y_prime_dim=\dimen295
\c_empty_coffin=\box74
\l__coffin_aligned_coffin=\box75
\l__coffin_aligned_internal_coffin=\box76
\l_tmpa_coffin=\box77
\l_tmpb_coffin=\box78
\g_tmpa_coffin=\box79
\g_tmpb_coffin=\box80
\l__coffin_bounding_shift_dim=\dimen296
\l__coffin_left_corner_dim=\dimen297
\l__coffin_right_corner_dim=\dimen298
\l__coffin_bottom_corner_dim=\dimen299
\l__coffin_top_corner_dim=\dimen300
\l__coffin_scaled_total_height_dim=\dimen301
\l__coffin_scaled_width_dim=\dimen302
\c__coffin_empty_coffin=\box81
\l__coffin_display_coffin=\box82
\l__coffin_display_coord_coffin=\box83
\l__coffin_display_pole_coffin=\box84
\l__coffin_display_offset_dim=\dimen303
\l__coffin_display_x_dim=\dimen304
\l__coffin_display_y_dim=\dimen305
\g__file_internal_ior=\read2
\l__seq_internal_a_int=\count304
\l__seq_internal_b_int=\count305
\c__deprecation_minus_one=\count306
)
("C:/Users/Michael Schilling/AppData/Roaming/MiKTeX/2.9/tex/latex/l3kernel/l3pd
fmode.def"
File: l3pdfmode.def 2019-04-06 v L3 Experimental driver: PDF mode
\l__driver_internal_box=\box85
\l__driver_color_stack_int=\count307
))
Package: xparse 2019-05-28 L3 Experimental document command parser
\l__xparse_current_arg_int=\count308
\g__xparse_grabber_int=\count309
\l__xparse_m_args_int=\count310
\l__xparse_v_nesting_int=\count311
)
("C:/Users/Michael Schilling/AppData/Roaming/MiKTeX/2.9/tex/latex/inlinedef/inl
inedef.sty"
Package: inlinedef 2008/07/10 v1.0 Inlined expansions within definitions
\ID@toks=\toks50
\ID@count=\count312
)
\ID@usercommands=\toks51
\safeloop@depth=\count313
\safeRKloop@depth=\count314
\forest@temp@dimen=\dimen306
\forest@temp@count=\count315
\forest@n=\count316
\forest@temp@global@count=\count317
\forest@temp@toks=\toks52
\forest@temparray@M=\count318
\forest@temparray@N=\count319
\forest@global@temparray@M=\count320
\forest@global@temparray@N=\count321
\forest@isnum@count=\count322
\forest@isdim@nonintpart=\count323
\forest@isdim@dimen=\dimen307
\forest@sort@m=\count324
\forest@sort@k=\count325
\forest@sort@p=\count326
\bracket@content=\toks53
\bracket@afterthought=\toks54
\forest@node@maxid=\count327
\forest@process@left@M=\count328
\forest@process@left@N=\count329
\forest@process@right@M=\count330
\forest@process@right@N=\count331
\forest@process@saved@M=\count332
\forest@process@saved@N=\count333
\forest@process@result@M=\count334
\forest@process@result@N=\count335
\forest@process@n=\count336
\forest@nodewalk@branch@toks=\toks55
\forest@nodewalk@shortsteps@resolution=\toks56
\forest@do@dynamics=\toks57
\forest@box=\box86
\forest@xg=\dimen308
\forest@yg=\dimen309
\forest@xs=\dimen310
\forest@ys=\dimen311
\forest@pi@toks=\toks58
\forest@segment@toks=\toks59
\forest@PIi@toks=\toks60
\forest@PIii@toks=\toks61
\forest@copy@in=\read3
\forest@copy@out=\write4

("C:/Users/Michael Schilling/AppData/Roaming/MiKTeX/2.9/tex/latex/pgf/frontendl
ayer/libraries/tikzlibraryexternal.code.tex" ("C:/Program Files/MiKTeX 2.9/tex/
generic/oberdiek/pdftexcmds.sty"
Package: pdftexcmds 2018/09/10 v0.29 Utility functions of pdfTeX for LuaTeX (HO)

("C:/Program Files/MiKTeX 2.9/tex/generic/oberdiek/infwarerr.sty"
Package: infwarerr 2016/05/16 v1.4 Providing info/warning/error messages (HO)
) ("C:/Program Files/MiKTeX 2.9/tex/generic/oberdiek/ifluatex.sty"
Package: ifluatex 2016/05/16 v1.4 Provides the ifluatex switch (HO)
Package ifluatex Info: LuaTeX detected.
) ("C:/Program Files/MiKTeX 2.9/tex/generic/oberdiek/ltxcmds.sty"
Package: ltxcmds 2016/05/16 v1.23 LaTeX kernel commands for general use (HO)
)
Package pdftexcmds Info: \pdf@primitive is available.
Package pdftexcmds Info: \pdf@ifprimitive is available.
Package pdftexcmds Info: \pdfdraftmode found.
\pdftexcmds@toks=\toks62
) ("C:/Program Files/MiKTeX 2.9/tex/latex/oberdiek/atveryend.sty"
Package: atveryend 2016/05/16 v1.9 Hooks at the very end of document (HO)
)
("C:/Users/Michael Schilling/AppData/Roaming/MiKTeX/2.9/tex/generic/pgf/fronten
dlayer/tikz/libraries/tikzexternalshared.code.tex"))
\forest@externalize@max@outer@n=\count337
\forest@externalize@inner@n=\count338
)
("C:/Users/Michael Schilling/AppData/Roaming/MiKTeX/2.9/tex/latex/xcharter/XCha
rter.sty"
Package: XCharter 2019/11/21 v1.203

`XCharter' v1.203, 2019/11/21 Text macros for XCharter, an extension of Charter
 (msharpe) ("C:/Program Files/MiKTeX 2.9/tex/latex/base/fontenc.sty"
Package: fontenc 2018/08/11 v2.0j Standard LaTeX package
("C:/Program Files/MiKTeX 2.9/tex/latex/cyrillic/t2aenc.def"
File: t2aenc.def 2005/09/27 v1.0i Cyrillic encoding definition file
)
("C:/Users/Michael Schilling/AppData/Roaming/MiKTeX/2.9/tex/latex/ly1/ly1enc.de
f"
File: ly1enc.def 2009/07/22 v0.7 TeX 'n ANSI encoding (DPC/KB)
) ("C:/Program Files/MiKTeX 2.9/tex/latex/base/t1enc.def"
File: t1enc.def 2018/08/11 v2.0j Standard LaTeX file
LaTeX Font Info:    Redeclaring font encoding T1 on input line 48.
)
LaTeX Font Info:    Try loading font information for T1+ptm on input line 105.
("C:/Program Files/MiKTeX 2.9/tex/latex/psnfss/t1ptm.fd"
File: t1ptm.fd 2001/06/04 font definitions for T1/ptm.
)) ("C:/Program Files/MiKTeX 2.9/tex/latex/base/textcomp.sty"
Package: textcomp 2018/08/11 v2.0j Standard LaTeX package
Package textcomp Info: Sub-encoding information:
(textcomp)               5 = only ISO-Adobe without \textcurrency
(textcomp)               4 = 5 + \texteuro
(textcomp)               3 = 4 + \textohm
(textcomp)               2 = 3 + \textestimated + \textcurrency
(textcomp)               1 = TS1 - \textcircled - \t
(textcomp)               0 = TS1 (full)
(textcomp)             Font families with sub-encoding setting implement
(textcomp)             only a restricted character set as indicated.
(textcomp)             Family '?' is the default used for unknown fonts.
(textcomp)             See the documentation for details.
Package textcomp Info: Setting ? sub-encoding to TS1/1 on input line 79.
("C:/Program Files/MiKTeX 2.9/tex/latex/base/ts1enc.def"
File: ts1enc.def 2001/06/05 v3.0e (jk/car/fm) Standard LaTeX file
LaTeX Font Info:    Redeclaring font encoding TS1 on input line 47.
)
LaTeX Info: Redefining \oldstylenums on input line 334.
Package textcomp Info: Setting cmr sub-encoding to TS1/0 on input line 349.
Package textcomp Info: Setting cmss sub-encoding to TS1/0 on input line 350.
Package textcomp Info: Setting cmtt sub-encoding to TS1/0 on input line 351.
Package textcomp Info: Setting cmvtt sub-encoding to TS1/0 on input line 352.
Package textcomp Info: Setting cmbr sub-encoding to TS1/0 on input line 353.
Package textcomp Info: Setting cmtl sub-encoding to TS1/0 on input line 354.
Package textcomp Info: Setting ccr sub-encoding to TS1/0 on input line 355.
Package textcomp Info: Setting ptm sub-encoding to TS1/4 on input line 356.
Package textcomp Info: Setting pcr sub-encoding to TS1/4 on input line 357.
Package textcomp Info: Setting phv sub-encoding to TS1/4 on input line 358.
Package textcomp Info: Setting ppl sub-encoding to TS1/3 on input line 359.
Package textcomp Info: Setting pag sub-encoding to TS1/4 on input line 360.
Package textcomp Info: Setting pbk sub-encoding to TS1/4 on input line 361.
Package textcomp Info: Setting pnc sub-encoding to TS1/4 on input line 362.
Package textcomp Info: Setting pzc sub-encoding to TS1/4 on input line 363.
Package textcomp Info: Setting bch sub-encoding to TS1/4 on input line 364.
Package textcomp Info: Setting put sub-encoding to TS1/5 on input line 365.
Package textcomp Info: Setting uag sub-encoding to TS1/5 on input line 366.
Package textcomp Info: Setting ugq sub-encoding to TS1/5 on input line 367.
Package textcomp Info: Setting ul8 sub-encoding to TS1/4 on input line 368.
Package textcomp Info: Setting ul9 sub-encoding to TS1/4 on input line 369.
Package textcomp Info: Setting augie sub-encoding to TS1/5 on input line 370.
Package textcomp Info: Setting dayrom sub-encoding to TS1/3 on input line 371.
Package textcomp Info: Setting dayroms sub-encoding to TS1/3 on input line 372.
Package textcomp Info: Setting pxr sub-encoding to TS1/0 on input line 373.
Package textcomp Info: Setting pxss sub-encoding to TS1/0 on input line 374.
Package textcomp Info: Setting pxtt sub-encoding to TS1/0 on input line 375.
Package textcomp Info: Setting txr sub-encoding to TS1/0 on input line 376.
Package textcomp Info: Setting txss sub-encoding to TS1/0 on input line 377.
Package textcomp Info: Setting txtt sub-encoding to TS1/0 on input line 378.
Package textcomp Info: Setting lmr sub-encoding to TS1/0 on input line 379.
Package textcomp Info: Setting lmdh sub-encoding to TS1/0 on input line 380.
Package textcomp Info: Setting lmss sub-encoding to TS1/0 on input line 381.
Package textcomp Info: Setting lmssq sub-encoding to TS1/0 on input line 382.
Package textcomp Info: Setting lmvtt sub-encoding to TS1/0 on input line 383.
Package textcomp Info: Setting lmtt sub-encoding to TS1/0 on input line 384.
Package textcomp Info: Setting qhv sub-encoding to TS1/0 on input line 385.
Package textcomp Info: Setting qag sub-encoding to TS1/0 on input line 386.
Package textcomp Info: Setting qbk sub-encoding to TS1/0 on input line 387.
Package textcomp Info: Setting qcr sub-encoding to TS1/0 on input line 388.
Package textcomp Info: Setting qcs sub-encoding to TS1/0 on input line 389.
Package textcomp Info: Setting qpl sub-encoding to TS1/0 on input line 390.
Package textcomp Info: Setting qtm sub-encoding to TS1/0 on input line 391.
Package textcomp Info: Setting qzc sub-encoding to TS1/0 on input line 392.
Package textcomp Info: Setting qhvc sub-encoding to TS1/0 on input line 393.
Package textcomp Info: Setting futs sub-encoding to TS1/4 on input line 394.
Package textcomp Info: Setting futx sub-encoding to TS1/4 on input line 395.
Package textcomp Info: Setting futj sub-encoding to TS1/4 on input line 396.
Package textcomp Info: Setting hlh sub-encoding to TS1/3 on input line 397.
Package textcomp Info: Setting hls sub-encoding to TS1/3 on input line 398.
Package textcomp Info: Setting hlst sub-encoding to TS1/3 on input line 399.
Package textcomp Info: Setting hlct sub-encoding to TS1/5 on input line 400.
Package textcomp Info: Setting hlx sub-encoding to TS1/5 on input line 401.
Package textcomp Info: Setting hlce sub-encoding to TS1/5 on input line 402.
Package textcomp Info: Setting hlcn sub-encoding to TS1/5 on input line 403.
Package textcomp Info: Setting hlcw sub-encoding to TS1/5 on input line 404.
Package textcomp Info: Setting hlcf sub-encoding to TS1/5 on input line 405.
Package textcomp Info: Setting pplx sub-encoding to TS1/3 on input line 406.
Package textcomp Info: Setting pplj sub-encoding to TS1/3 on input line 407.
Package textcomp Info: Setting ptmx sub-encoding to TS1/4 on input line 408.
Package textcomp Info: Setting ptmj sub-encoding to TS1/4 on input line 409.
)
("C:/Users/Michael Schilling/AppData/Roaming/MiKTeX/2.9/tex/latex/mweights/mwei
ghts.sty"
Package: mweights 2017/03/30 (Bob Tennent) Support package for multiple-weight f
ont packages. 
LaTeX Info: Redefining \bfseries on input line 22.
LaTeX Info: Redefining \mdseries on input line 30.
LaTeX Info: Redefining \rmfamily on input line 38.
LaTeX Info: Redefining \sffamily on input line 66.
LaTeX Info: Redefining \ttfamily on input line 94.
)
("C:/Users/Michael Schilling/AppData/Roaming/MiKTeX/2.9/tex/latex/fontaxes/font
axes.sty"
Package: fontaxes 2014/03/23 v1.0d Font selection axes
LaTeX Info: Redefining \upshape on input line 29.
LaTeX Info: Redefining \itshape on input line 31.
LaTeX Info: Redefining \slshape on input line 33.
LaTeX Info: Redefining \scshape on input line 37.
) ("C:/Program Files/MiKTeX 2.9/tex/latex/xkeyval/xkeyval.sty"
Package: xkeyval 2014/12/03 v2.7a package option processing (HA)
("C:/Program Files/MiKTeX 2.9/tex/generic/xkeyval/xkeyval.tex" ("C:/Program Fil
es/MiKTeX 2.9/tex/generic/xkeyval/xkvutils.tex"
\XKV@toks=\toks63
\XKV@tempa@toks=\toks64
)
\XKV@depth=\count339
File: xkeyval.tex 2014/12/03 v2.7a key=value parser (HA)
)))
No auxiliary output files.

Package TikZ externalization: calling \geometry{driver=none} during externalizat
ion.

)
Package csquotes Info: Checking for multilingual support...
Package csquotes Info: ... found 'babel' package.
LaTeX Font Info:    Try loading font information for T1+XCharter-TLF on input li
ne 12.

("C:/Users/Michael Schilling/AppData/Roaming/MiKTeX/2.9/tex/latex/xcharter/t1xc
harter-tlf.fd"
File: T1XCharter-TLF.fd 2017/06/25 (autoinst) Font definitions for T1/XCharter-T
LF.
)
LaTeX Font Info:    Font shape `T1/XCharter-TLF/m/n' will be
(Font)              scaled to size 10.0pt on input line 12.
No file Cached/How_To_Quantum_Simulator-forest-1.aux.
LaTeX Font Info:    Checking defaults for OML/cmm/m/it on input line 12.
LaTeX Font Info:    ... okay on input line 12.
LaTeX Font Info:    Checking defaults for T1/cmr/m/n on input line 12.
LaTeX Font Info:    ... okay on input line 12.
LaTeX Font Info:    Checking defaults for OT1/cmr/m/n on input line 12.
LaTeX Font Info:    ... okay on input line 12.
LaTeX Font Info:    Checking defaults for OMS/cmsy/m/n on input line 12.
LaTeX Font Info:    ... okay on input line 12.
LaTeX Font Info:    Checking defaults for TU/lmr/m/n on input line 12.
LaTeX Font Info:    ... okay on input line 12.
LaTeX Font Info:    Checking defaults for OMX/cmex/m/n on input line 12.
LaTeX Font Info:    ... okay on input line 12.
LaTeX Font Info:    Checking defaults for U/cmr/m/n on input line 12.
LaTeX Font Info:    ... okay on input line 12.
LaTeX Font Info:    Checking defaults for TS1/cmr/m/n on input line 12.
LaTeX Font Info:    ... okay on input line 12.
LaTeX Font Info:    Checking defaults for T2A/cmr/m/n on input line 12.
LaTeX Font Info:    Try loading font information for T2A+cmr on input line 12.
("C:/Program Files/MiKTeX 2.9/tex/latex/cyrillic/t2acmr.fd"
File: t2acmr.fd 2001/08/11 v1.0a Computer Modern Cyrillic font definitions
)
LaTeX Font Info:    ... okay on input line 12.
LaTeX Font Info:    Checking defaults for LY1/ptm/m/n on input line 12.
LaTeX Font Info:    Try loading font information for LY1+ptm on input line 12.
("C:/Users/Michael Schilling/AppData/Roaming/MiKTeX/2.9/tex/latex/ly1/ly1ptm.fd
"
File: ly1ptm.fd 2001/02/01 font definitions for LY1/ptm using Berry names.
)
LaTeX Font Info:    ... okay on input line 12.
LaTeX Info: Redefining \microtypecontext on input line 12.
Package microtype Info: Generating PDF output.
Package microtype Info: Character protrusion enabled (level 2).
Package microtype Info: Using default protrusion set `alltext'.
Package microtype Info: Automatic font expansion enabled (level 2),
(microtype)             stretch: 20, shrink: 20, step: 1, non-selected.
Package microtype Info: Using default expansion set `basictext'.
Package microtype Info: No adjustment of tracking.
Package microtype Info: No adjustment of spacing.
Package microtype Info: No adjustment of kerning.

("C:/Users/Michael Schilling/AppData/Roaming/MiKTeX/2.9/tex/latex/microtype/mt-
bch.cfg"
File: mt-bch.cfg 2007/03/03 v1.5 microtype config. file: Bitstream Charter (RS)
)
("C:/Users/Michael Schilling/AppData/Roaming/MiKTeX/2.9/tex/context/base/mkii/s
upp-pdf.mkii"
[Loading MPS to PDF converter (version 2006.09.02).]
\scratchcounter=\count340
\scratchdimen=\dimen312
\scratchbox=\box87
\nofMPsegments=\count341
\nofMParguments=\count342
\everyMPshowfont=\toks65
\MPscratchCnt=\count343
\MPscratchDim=\dimen313
\MPnumerator=\count344
\makeMPintoPDFobject=\count345
\everyMPtoPDFconversion=\toks66
) ("C:/Program Files/MiKTeX 2.9/tex/latex/oberdiek/epstopdf-base.sty"
Package: epstopdf-base 2016/05/15 v2.6 Base part for package epstopdf
("C:/Program Files/MiKTeX 2.9/tex/latex/oberdiek/grfext.sty"
Package: grfext 2016/05/16 v1.2 Manage graphics extensions (HO)
("C:/Program Files/MiKTeX 2.9/tex/generic/oberdiek/kvdefinekeys.sty"
Package: kvdefinekeys 2016/05/16 v1.4 Define keys (HO)
)) ("C:/Program Files/MiKTeX 2.9/tex/latex/oberdiek/kvoptions.sty"
Package: kvoptions 2016/05/16 v3.12 Key value format for package options (HO)
("C:/Program Files/MiKTeX 2.9/tex/generic/oberdiek/kvsetkeys.sty"
Package: kvsetkeys 2016/05/16 v1.17 Key value parser (HO)
("C:/Program Files/MiKTeX 2.9/tex/generic/oberdiek/etexcmds.sty"
Package: etexcmds 2016/05/16 v1.6 Avoid name clashes with e-TeX commands (HO)
)))
Package epstopdf-base Info: Redefining graphics rule for `.eps' on input line 43
8.
Package grfext Info: Graphics extension search list:
(grfext)             [.pdf,.png,.jpg,.mps,.jpeg,.jbig2,.jb2,.PDF,.PNG,.JPG,.JPEG
,.JBIG2,.JB2,.eps]
(grfext)             \AppendGraphicsExtensions on input line 456.
)
Package caption Info: Begin \AtBeginDocument code.
Package caption Info: listings package is loaded.
Package caption Info: End \AtBeginDocument code.
Package lastpage Info: Please have a look at the pageslts package at
(lastpage)             https://www.ctan.org/pkg/pageslts
(lastpage)             ! on input line 12.
*geometry* detected driver: <none>
*geometry* verbose mode - [ preamble ] result:
* driver: \Gm@driver 
* paper: a4paper
* layout: <same size as paper>
* layoutoffset:(h,v)=(0.0pt,0.0pt)
* modes: includehead includefoot 
* h-part:(L,W,R)=(56.9055pt, 483.69687pt, 56.9055pt)
* v-part:(T,H,B)=(28.45274pt, 773.91498pt, 42.67912pt)
* \paperwidth=597.50787pt
* \paperheight=845.04684pt
* \textwidth=483.69687pt
* \textheight=706.91498pt
* \oddsidemargin=-15.36449pt
* \evensidemargin=-15.36449pt
* \topmargin=-43.81725pt
* \headheight=12.0pt
* \headsep=25.0pt
* \topskip=10.0pt
* \footskip=30.0pt
* \marginparwidth=4.0pt
* \marginparsep=10.0pt
* \columnsep=19.91692pt
* \skip\footins=9.0pt plus 4.0pt minus 2.0pt
* \hoffset=0.0pt
* \voffset=0.0pt
* \mag=1000
* \@twocolumntrue
* \@twosidefalse
* \@mparswitchfalse
* \@reversemarginfalse
* (1in=72.27pt=25.4mm, 1cm=28.453pt)

\c@lstlisting=\count346
ABD: EveryShipout initializing macros (./How_To_Quantum_Simulator.aux.copy) (./
How_To_Quantum_Simulator.for)
\c@mv@tabular=\count347
\c@mv@boldtabular=\count348
LaTeX Font Info:    Try loading font information for OT1+phv on input line 14.
("C:/Program Files/MiKTeX 2.9/tex/latex/psnfss/ot1phv.fd"
File: ot1phv.fd 2001/06/04 scalable font definitions for OT1/phv.
)
Package microtype Info: Loading generic protrusion settings for font family
(microtype)             `phv' (encoding: OT1).
(microtype)             For optimal results, create family-specific settings.
(microtype)             See the microtype manual for details.
LaTeX Font Info:    Font shape `T1/XCharter-TLF/m/n' will be
(Font)              scaled to size 12.0pt on input line 14.

("C:/Users/Michael Schilling/AppData/Roaming/MiKTeX/2.9/tex/latex/microtype/mt-
cmr.cfg"
File: mt-cmr.cfg 2013/05/19 v2.2 microtype config. file: Computer Modern Roman (
RS)
)
LaTeX Font Info:    Try loading font information for U+msa on input line 14.
("C:/Program Files/MiKTeX 2.9/tex/latex/amsfonts/umsa.fd"
File: umsa.fd 2013/01/14 v3.01 AMS symbols A
)
("C:/Users/Michael Schilling/AppData/Roaming/MiKTeX/2.9/tex/latex/microtype/mt-
msa.cfg"
File: mt-msa.cfg 2006/02/04 v1.1 microtype config. file: AMS symbols (a) (RS)
)
LaTeX Font Info:    Try loading font information for U+msb on input line 14.
("C:/Program Files/MiKTeX 2.9/tex/latex/amsfonts/umsb.fd"
File: umsb.fd 2013/01/14 v3.01 AMS symbols B
)
("C:/Users/Michael Schilling/AppData/Roaming/MiKTeX/2.9/tex/latex/microtype/mt-
msb.cfg"
File: mt-msb.cfg 2005/06/01 v1.0 microtype config. file: AMS symbols (b) (RS)
)
LaTeX Font Info:    Font shape `T1/XCharter-TLF/m/n' will be
(Font)              scaled to size 7.0pt on input line 14.
LaTeX Font Info:    Font shape `T1/XCharter-TLF/m/n' will be
(Font)              scaled to size 8.0pt on input line 14.

Underfull \hbox (badness 10000) in paragraph at lines 14--14

 []

LaTeX Font Info:    Font shape `T1/XCharter-TLF/m/sc' will be
(Font)              scaled to size 10.0pt on input line 18.
LaTeX Font Info:    Font shape `T1/XCharter-TLF/m/n' will be
(Font)              scaled to size 28.94pt on input line 18.
LaTeX Font Info:    Font shape `T1/XCharter-TLF/m/n' will be
(Font)              scaled to size 42.55861pt on input line 18.
Package lettrine.sty Info: Targeted height = 28.94pt
(lettrine.sty)             (no accent, loversize=0),
(lettrine.sty)             Lettrine height = 28.93987pt (\color {DarkGoldenrod}{
T});
(lettrine.sty)             reported on input line 18.
LaTeX Font Info:    Font shape `T1/XCharter-TLF/b/n' will be
(Font)              scaled to size 10.0pt on input line 18.
LaTeX Font Info:    Font shape `T1/XCharter-TLF/m/n' will be
(Font)              scaled to size 14.4pt on input line 21.
LaTeX Font Info:    Font shape `T1/XCharter-TLF/b/n' will be
(Font)              scaled to size 14.4pt on input line 21.
LaTeX Font Info:    Font shape `T1/XCharter-TLF/m/it' will be
(Font)              scaled to size 10.0pt on input line 22.
LaTeX Font Info:    Try loading font information for T1+lmtt on input line 23.
("C:/Program Files/MiKTeX 2.9/tex/latex/lm/t1lmtt.fd"
File: t1lmtt.fd 2009/10/30 v1.6 Font defs for Latin Modern
)
Package microtype Info: Loading generic protrusion settings for font family
(microtype)             `lmtt' (encoding: T1).
(microtype)             For optimal results, create family-specific settings.
(microtype)             See the microtype manual for details.
LaTeX Font Info:    Try loading font information for TS1+XCharter-TLF on input l
ine 28.

("C:/Users/Michael Schilling/AppData/Roaming/MiKTeX/2.9/tex/latex/xcharter/ts1x
charter-tlf.fd"
File: TS1XCharter-TLF.fd 2017/06/25 (autoinst) Font definitions for TS1/XCharter
-TLF.
)
LaTeX Font Info:    Font shape `TS1/XCharter-TLF/m/n' will be
(Font)              scaled to size 10.0pt on input line 28.
Package microtype Info: Character `textlbrackdbl ' is missing
(microtype)             in font `TS1/XCharter-TLF/m/n/10'.
(microtype)             Ignoring protrusion settings for this character.
Package microtype Info: Character `textrbrackdbl ' is missing
(microtype)             in font `TS1/XCharter-TLF/m/n/10'.
(microtype)             Ignoring protrusion settings for this character.
Package microtype Info: Character `texttildelow ' is missing
(microtype)             in font `TS1/XCharter-TLF/m/n/10'.
(microtype)             Ignoring protrusion settings for this character.
(./Folder_Forest/overview.tex [1

{C:/Users/Michael Schilling/AppData/Local/MiKTeX/2.9/pdftex/config/pdftex.map}]
)
Overfull \hbox (94.3627pt too wide) in paragraph at lines 38--39
 [][] 
 []

LaTeX Font Info:    Font shape `T1/XCharter-TLF/m/n' will be
(Font)              scaled to size 9.0pt on input line 39.
LaTeX Font Info:    Font shape `T1/XCharter-TLF/b/n' will be
(Font)              scaled to size 9.0pt on input line 39.
LaTeX Font Info:    Font shape `T1/XCharter-TLF/m/it' will be
(Font)              scaled to size 9.0pt on input line 39.

Package lastpage Warning: The lastpage package was not allowed to write to an
(lastpage)                .aux file. This package does not work without access
(lastpage)                to an .aux file.
(lastpage)                It is OK if the .aux file was already updated
(lastpage)                by a previouse compiler run
(lastpage)                and would not have changed anyway.
(lastpage)                 on input line 52.

Package atveryend Info: Empty hook `BeforeClearDocument' on input line 52.
Package atveryend Info: Empty hook `AfterLastShipout' on input line 52.
Package atveryend Info: Executing hook `AtVeryEndDocument' on input line 52.
Package atveryend Info: Empty hook `AtEndAfterFileList' on input line 52.
)

Here is how much of LuaTeX's memory you used:
 43860 strings out of 494291
 125171,1144653 words of node,token memory allocated
 627 words of node memory still in use:
   8 hlist, 2 vlist, 2 rule, 2 glue, 4 kern, 2 glyph, 22 attribute, 61 glue_spec
, 13 attribute_list, 2 write, 6 pdf_colorstack nodes
   avail lists: 1:5,2:7201,3:1806,4:100,5:494,6:28,7:3850,8:25,9:572,10:16,11:30
3
 46744 multiletter control sequences out of 65536+200000
 105 fonts using 11228967 bytes
 130i,12n,175p,1717b,2840s stack positions out of 5000i,500n,10000p,200000b,50000s
{C:/Program Files/MiKTeX 2.9/fonts/enc/dvips/lm/lm-ec.enc}<C:/Program Files/MiKT
eX 2.9/fonts/type1/public/lm/lmtt10.pfb>
Output written on Cached/How_To_Quantum_Simulator-forest-1.pdf (1 page, 32984 by
tes).

PDF statistics: 16 PDF objects out of 1000 (max. 8388607)
 0 named destinations out of 1000 (max. 131072)
 26 words of extra memory for PDF output out of 10000 (max. 100000000)

